[Global]
  start time        : 2020-05-24 01:06:55
  duration (s)      : 1582
  active nodes      : 10
  messages sent     : 447 
  messages received : 444 (99%)
  messages lost     : 3 
  rcv duration (s)  : 0, 269, 23 (min, max, avg) 

[Nodes]
---------------------------------------------------------------------------------------------------------
    NodeId    duration (s)   sndEvts   nbRcv/total   minNhb   maxNhb   outCon    inCon   rcvDuration (s)
---------------------------------------------------------------------------------------------------------
     dmis01      1335          47         39/39         1        6         22       22    (0, 258, 50)
     dmis05      1404          43         41/42         1        7         25       25    (0, 244, 25)
     dmis08      1430          41         50/50         1        6         28       34    (0, 186, 12)
     dmis09      1374          40         41/42         1        8         29       26    (0, 197, 19)
     dmis12      1400          51         53/53         1        8         37       29    (0, 193, 25)
     dmis13      1389          48         47/47         1        7         33       34    (0, 269, 16)
     dmis14      1370          41         42/42         1        8         34       34    (0, 117, 12)
     dmis17      1290          37         36/37         1        5         31       26    (0, 101, 19)
     dmis18      1380          49         37/37         1        6         24       28    (0, 211, 32)
     dmis20      1410          50         58/58         1        9         26       31    (0, 206, 22)

[Messages]
-----------------------------------------------------------------------------------------------------------------------------
        MessageId             src           dst         sndStep         rcvStep     rcvDuration (s)   sndTime     rcvTime
-----------------------------------------------------------------------------------------------------------------------------
     OEvverfFXhvTkfSA        dmis08        dmis09         11000           11000            0          01:07:06    01:07:06
     NxtVcgNscAyQYwMy        dmis09        dmis08         15000           15000            0          01:07:10    01:07:10
     gndfTlxoiGGwJZvw        dmis09        dmis08         16000           16000            0          01:07:11    01:07:11
     YOrDxGVzJuRjsDIa        dmis09        dmis08         19000           19000            0          01:07:14    01:07:14
     VqcUeLBACdzNGStW        dmis08        dmis09         20000           20000            0          01:07:15    01:07:15
     YqrFHYMgHhBRntUK        dmis08        dmis09         22000           22000            0          01:07:17    01:07:17
     QnIlyfbinHEWiBUh        dmis09        dmis08         22000           22000            0          01:07:17    01:07:17
     lyEqjIsLLRarJVok        dmis08        dmis09         22000           22000            0          01:07:17    01:07:17
     AUAJukqWGZuDuypk        dmis05        dmis09         28000           57000           29          01:07:23    01:07:52
     RmmouJpFFgPYlxAD        dmis09        dmis18         29000           36000            7          01:07:24    01:07:31
     lhPvIdBpMFhBYDlk        dmis08        dmis18         34000           35000            1          01:07:29    01:07:30
     bSSoLPNRuWUhYmDy        dmis05        dmis18         35000           90000           55          01:07:30    01:08:25
     tFVoxtrSiyHGxdlc        dmis12        dmis08         36000           36000            0          01:07:31    01:07:31
     rxdYCORHBXQCwnEP        dmis12        dmis18         40000           40000            0          01:07:35    01:07:35
     XFdiFYlWzDPUMDqE        dmis18        dmis05         53000          101000           48          01:07:48    01:08:36
     SbFquXKfXrnXXyZo        dmis12        dmis08         64000          100000           36          01:07:59    01:08:35
     KiOKoQudZAaibURS        dmis09        dmis05         65000          136000           71          01:08:00    01:09:11
     xFmBtGiUfBYBOCSi        dmis12        dmis08         65000          100000           35          01:08:00    01:08:35
     DscpauCLlDdxyTHm        dmis08        dmis09         67000           67000            0          01:08:02    01:08:02
     gGJcsZYBBUexVVIy        dmis05        dmis09         71000          100000           29          01:08:06    01:08:35
     bEMottWIwreDDRdA        dmis18        dmis12         76000           90000           14          01:08:11    01:08:25
     wIkEGXAHcSBOXRUA        dmis18        dmis05         90000          136000           46          01:08:25    01:09:11
     IQsqyKlMenqYlPMg        dmis01        dmis08         95000          125000           30          01:08:30    01:09:00
     oJJdNkkQAJlbRYNa        dmis14        dmis01         96000           96000            0          01:08:31    01:08:31
     gyycXKhUEWRButrt        dmis12        dmis18         97000          124000           27          01:08:32    01:08:59
     gnrKSijLlMQnzHpl        dmis20        dmis13         98000          126000           28          01:08:33    01:09:01
     yEococbqfwHewXZm        dmis14        dmis12        107000          129000           22          01:08:42    01:09:04
     IdhFMwksfZSSYUwk        dmis09        dmis14        108000          124000           16          01:08:43    01:08:59
     iIpxuAowLzxfZNfx        dmis14        dmis17        112000          126000           14          01:08:47    01:09:01
     FkwvCsyeSymvVdoD        dmis09        dmis14        123000          124000            1          01:08:58    01:08:59
     JghPZqoUdUPrrPbJ        dmis17        dmis05        127000          136000            9          01:09:02    01:09:11
     TubhYcZdyHhwggIp        dmis14        dmis09        128000          128000            0          01:09:03    01:09:03
     NcMaRbRlzoUyAZWi        dmis05        dmis18        138000          138000            0          01:09:13    01:09:13
     YDxTLhqtIoUYtNhz        dmis12        dmis14        139000          145000            6          01:09:14    01:09:20
     wUDoGlBlqRYqEOpO        dmis13        dmis20        145000          145000            0          01:09:20    01:09:20
     wiPreLZcEFhJYkju        dmis18        dmis20        147000          147000            0          01:09:22    01:09:22
     rAMLCCKnDhsCwyBS        dmis14        dmis09        152000          152000            0          01:09:27    01:09:27
     NmfqRTPQelFxLcHW        dmis17        dmis08        155000          155000            0          01:09:30    01:09:30
     IXKWVVQCwkvvfRhK        dmis09        dmis14        157000          157000            0          01:09:32    01:09:32
     aYjIDmApRjRsMcCR        dmis08        dmis12        159000          159000            0          01:09:34    01:09:34
     WggWAJInmnmmgTaI        dmis08        dmis12        171000          171000            0          01:09:46    01:09:46
     XLIWqNCFGmfboocX        dmis01        dmis05        171000          171000            0          01:09:46    01:09:46
     tLTWYtOrCFJQjNHg        dmis08        dmis20        172000          172000            0          01:09:47    01:09:47
     FGlAhLbIiHIdCqBR        dmis05        dmis20        173000          173000            0          01:09:48    01:09:48
     DEfIWfMrEYMbDCgN        dmis09        dmis05        174000          205000           31          01:09:49    01:10:20
     iqLiHBEmXuDpLFAa        dmis17        dmis14        174000          176000            2          01:09:49    01:09:51
     uCZsEBYEiHCQqNHH        dmis14        dmis05        181000          205000           24          01:09:56    01:10:20
     bRJXMAzKmUfrLPDR        dmis09        dmis20        181000          199000           18          01:09:56    01:10:14
     TOEVZmLNzXBhtCso        dmis08        dmis17        192000          246000           54          01:10:07    01:11:01
     euPeGasKPkIbBXJz        dmis01        dmis08        196000          245000           49          01:10:11    01:11:00
     wfXutnstHuzqfXzl        dmis20        dmis17        199000          199000            0          01:10:14    01:10:14
     NFdKSNgwJAXGToBt        dmis12        dmis14        199000          201000            2          01:10:14    01:10:16
     SVAauDHwvjkUCGWA        dmis18        dmis14        205000          205000            0          01:10:20    01:10:20
     nuUryEEcozEmzIeT        dmis14        dmis20        206000          206000            0          01:10:21    01:10:21
     MsxgAiRLwjBytslP        dmis20        dmis13        209000          216000            7          01:10:24    01:10:31
     tkzRqlKwLxZoZfDD        dmis09        dmis05        210000          214000            4          01:10:25    01:10:29
     aijtvdpEZOUGnVta        dmis20        dmis05        217000          217000            0          01:10:32    01:10:32
     sPRjslWRzspBTOlb        dmis05        dmis01        221000          246000           25          01:10:36    01:11:01
     tGSkbHbfSGeglMct        dmis17        dmis18        221000          231000           10          01:10:36    01:10:46
     IsvAfzgnLNoCbSbH        dmis01        dmis13        222000          246000           24          01:10:37    01:11:01
     kelrFLxptCfJpNqe        dmis14        dmis01        227000          246000           19          01:10:42    01:11:01
     WwBdKCoSjWxnOAeg        dmis05        dmis08        232000          245000           13          01:10:47    01:11:00
     WmAkoBVBwCuJrAAm        dmis09        dmis05        239000          309000           70          01:10:54    01:12:04
     JMvJTBLhaStzAysm        dmis14        dmis08        239000          251000           12          01:10:54    01:11:06
     kBVvnIksijVZaPAY        dmis13        dmis17        241000          246000            5          01:10:56    01:11:01
     cqBltgyTcbKpikpB        dmis17        dmis08        245000          246000            1          01:11:00    01:11:01
     PNlpIBHMISCRGLzb        dmis08        dmis01        257000          269000           12          01:11:12    01:11:24
     rLRvYsZeXhNxrySM        dmis18        dmis09        259000          309000           50          01:11:14    01:12:04
     mZGeMqcxNbnphQSF        dmis09        dmis17        262000          309000           47          01:11:17    01:12:04
     tsMNVWjSHVoLelmv        dmis18        dmis12        271000          271000            0          01:11:26    01:11:26
     KFmSQpeJgcZnsobD        dmis13        dmis12        273000          273000            0          01:11:28    01:11:28
     WFsxYrBxypVsppGJ        dmis18        dmis12        281000          281000            0          01:11:36    01:11:36
     shotqpbjxfRItvcY        dmis17        dmis20        283000          283000            0          01:11:38    01:11:38
     jUYHQKzZFOLJBzeZ        dmis18        dmis12        294000          316000           22          01:11:49    01:12:11
     nfjHNjcPNMexyVBR        dmis17        dmis12        304000          316000           12          01:11:59    01:12:11
     egflRDcMfhvWwnaH        dmis14        dmis08        305000          305000            0          01:12:00    01:12:00
     ewwcqYcOPXIemopX        dmis18        dmis20        306000          306000            0          01:12:01    01:12:01
     syAhhLzpwuQwMqXY        dmis13        dmis05        312000          312000            0          01:12:07    01:12:07
     tYOfgeyOtUNMjUNy        dmis12        dmis08        322000          322000            0          01:12:17    01:12:17
     mQLvQFfGPqjqnSrx        dmis01        dmis05        323000          329000            6          01:12:18    01:12:24
     joEBYeBfumrxLvwr        dmis18        dmis12        324000          350000           26          01:12:19    01:12:45
     RxRjkpaJHSMAGABe        dmis05        dmis14        327000          327000            0          01:12:22    01:12:22
     xjQobUzJyyWtoAWG        dmis13        dmis09        328000          335000            7          01:12:23    01:12:30
     bQiTDRpnTmvMcWHw        dmis12        dmis08        334000          354000           20          01:12:29    01:12:49
     WEJigXaRvZejzKRq        dmis05        dmis18        334000          334000            0          01:12:29    01:12:29
     KkzUzcgIUSLcsOgR        dmis05        dmis01        335000          494000          159          01:12:30    01:15:09
     YYNHJPyfLoexEbvc        dmis13        dmis05        339000          339000            0          01:12:34    01:12:34
     bezaSkNUhpDAtVPi        dmis08        dmis09        341000          341000            0          01:12:36    01:12:36
     otgqBAcAlfAExLtx        dmis20        dmis09        344000          344000            0          01:12:39    01:12:39
     kCySFHEnbIGHuglX        dmis08        dmis14        345000          345000            0          01:12:40    01:12:40
     uTuKtwaKVJOJzGGI        dmis18        dmis01        348000          494000          146          01:12:43    01:15:09
     koXRNFGzsVbtNEaC        dmis01        dmis13        348000          396000           48          01:12:43    01:13:31
     wlMWRnbNbskoqGFm        dmis18        dmis13        353000          426000           73          01:12:48    01:14:01
     aXrTyECzwxYyVTnB        dmis14        dmis20        357000          357000            0          01:12:52    01:12:52
     unzMSEsHwBAJWRIg        dmis01        dmis12        359000          454000           95          01:12:54    01:14:29
     tPZbpCTmBzYDMPvw        dmis05        dmis12        365000          454000           89          01:13:00    01:14:29
     cPkVeNGBTxkmSOkg        dmis17        dmis13        366000          402000           36          01:13:01    01:13:37
     bByuzyeuJvFjDmtZ        dmis18        dmis01        373000          494000          121          01:13:08    01:15:09
     ZfVsUyfVRRLJZrVb        dmis18        dmis13        375000          421000           46          01:13:10    01:13:56
     MKYgUnaDeEGxbXim        dmis08        dmis17        378000          401000           23          01:13:13    01:13:36
     ziGGPlTsTzaPhNNv        dmis08        dmis17        379000          401000           22          01:13:14    01:13:36
     giATpgUIDxDTbEXv        dmis01        dmis20        381000          494000          113          01:13:16    01:15:09
     xnCTAeYFkEEmBMaC        dmis08        dmis05        386000          421000           35          01:13:21    01:13:56
     TftQKkWmARSNMmpC        dmis20        dmis17        389000          430000           41          01:13:24    01:14:05
     CxqDzwmVRzzLnFCi        dmis05        dmis13        392000          421000           29          01:13:27    01:13:56
     WekNiFaleAOQRkOt        dmis05        dmis13        403000          421000           18          01:13:38    01:13:56
     FwTIyxKJCkQBVLBq        dmis20        dmis12        405000          454000           49          01:13:40    01:14:29
     twimCcvZgVkcNvKv        dmis01        dmis09        406000          496000           90          01:13:41    01:15:11
     VvdbABrvXGhhcwFG        dmis12        dmis08        413000          454000           41          01:13:48    01:14:29
     BsMUxOHeyEawSCGu        dmis14        dmis17        415000          516000          101          01:13:50    01:15:31
     OqzUJrJCfeQiaZgV        dmis12        dmis14        425000          425000            0          01:14:00    01:14:00
     dUQTvnWtPrdJtfVF        dmis09        dmis08        426000          426000            0          01:14:01    01:14:01
     MOSNkTZlrVEFXcOy        dmis13        dmis01        431000          494000           63          01:14:06    01:15:09
     jfXIdLfUkEGZjiKH        dmis05        dmis09        431000          431000            0          01:14:06    01:14:06
     utvUtcQFZwqCkJBL        dmis18        dmis05        436000          436000            0          01:14:11    01:14:11
     DMQSTLcYiGtkMqhf        dmis01        dmis12        438000          494000           56          01:14:13    01:15:09
     fdKtuoRJqeAxxUEc        dmis09        dmis08        440000          445000            5          01:14:15    01:14:20
     ujywmsRjYASbWaHn        dmis12        dmis18        441000          454000           13          01:14:16    01:14:29
     SIhBBQFHwvrwuxUq        dmis12        dmis08        443000          454000           11          01:14:18    01:14:29
     OuVMHSfZLiIGQflx        dmis09        dmis14        445000          454000            9          01:14:20    01:14:29
     QwIdGFRgYJvmxLPE        dmis20        dmis17        446000          446000            0          01:14:21    01:14:21
     JIPhHzQjKGmhsNaK        dmis20        dmis14        447000          462000           15          01:14:22    01:14:37
     jxQfMHqEotDLnhpE        dmis09        dmis14        451000          455000            4          01:14:26    01:14:30
     LIprPIZNsXarIryr        dmis20        dmis08        462000          462000            0          01:14:37    01:14:37
     GsNSKgDlHwmfYvsQ        dmis12        dmis09        464000          471000            7          01:14:39    01:14:46
     OUXWbzifZyyQkmMt        dmis05        dmis17        465000          516000           51          01:14:40    01:15:31
     dbThRyOnvHmrGgjO        dmis12        dmis14        469000          469000            0          01:14:44    01:14:44
     aBfmqETcuXbBAxfn        dmis13        dmis01        472000          494000           22          01:14:47    01:15:09
     rYdlwKJPBuyAnVdI        dmis18        dmis20        472000          472000            0          01:14:47    01:14:47
     UiiltbEPdggkvTGS        dmis08        dmis09        474000          496000           22          01:14:49    01:15:11
     ozCkdsPcqHgASjlj        dmis18        dmis17        478000          516000           38          01:14:53    01:15:31
     hQXfAiVDetGsRJCH        dmis18        dmis17        486000          516000           30          01:15:01    01:15:31
     TJbXWIRImxjXiTFy        dmis05        dmis14        487000          487000            0          01:15:02    01:15:02
     BnaiosTABfIvvIfg        dmis20        dmis05        492000          492000            0          01:15:07    01:15:07
     oRTtUpsCMegbzQwE        dmis01        dmis20        494000          494000            0          01:15:09    01:15:09
     DnZYYbyIjSuxKCDB        dmis01        dmis13        496000          496000            0          01:15:11    01:15:11
     tYUnnOrCSxDsoayt        dmis01        dmis12        499000          499000            0          01:15:14    01:15:14
     zXPYdrxAOXAmsNpv        dmis14        dmis20        502000          502000            0          01:15:17    01:15:17
     KGRNYirRPxrIGftp        dmis18        dmis12        503000          503000            0          01:15:18    01:15:18
     TWpHHTYWFFudAxUf        dmis17        dmis01        504000          619000          115          01:15:19    01:17:14
     SXaIFBXzyztIQRZr        dmis20        dmis13        507000          550000           43          01:15:22    01:16:05
     NXCXsBiJZoQyqEyr        dmis13        dmis01        510000          619000          109          01:15:25    01:17:14
     gcqDszIsdkPVNvRm        dmis14        dmis01        510000          619000          109          01:15:25    01:17:14
     UGMXzLZQlAEDnTZV        dmis14        dmis08        511000          517000            6          01:15:26    01:15:32
     GBzUUUvvCFQXPxFH        dmis20        dmis14        513000          517000            4          01:15:28    01:15:32
     peXqDfYCfwUqkGlG        dmis05        dmis13        514000          550000           36          01:15:29    01:16:05
     WFRCJPDhoyQfRrYx        dmis20        dmis09        516000          516000            0          01:15:31    01:15:31
     TaUNURKwwAVNXduU        dmis20        dmis09        521000          521000            0          01:15:36    01:15:36
     PxTpbTXkLsIYUNbP        dmis01        dmis14        522000          619000           97          01:15:37    01:17:14
     mHaquGtPFfExTqfN        dmis17        dmis09        523000          523000            0          01:15:38    01:15:38
     nVFdlWFduiXkiwfz        dmis01        dmis08        527000          619000           92          01:15:42    01:17:14
     RnDpxWXKWhHGaOeq        dmis05        dmis12        528000          528000            0          01:15:43    01:15:43
     IgDYmYCGWEhYbmNq        dmis13        dmis20        529000          550000           21          01:15:44    01:16:05
     aWindnamJmrjjmZO        dmis12        dmis09        537000          556000           19          01:15:52    01:16:11
     nuVHSlwPSIIaqSqT        dmis12        dmis18        539000          539000            0          01:15:54    01:15:54
     LSndtYMUOfVfltYT        dmis13        dmis17        541000          569000           28          01:15:56    01:16:24
     VSvYaqBHlJZctdKd        dmis18        dmis12        542000          542000            0          01:15:57    01:15:57
     xRbQqlitvzRKwkzq        dmis14        dmis01        546000          619000           73          01:16:01    01:17:14
     IKnjOlqZsUNTjpYd        dmis08        dmis18        550000          550000            0          01:16:05    01:16:05
     qyItMIFXwzhhLIVY        dmis12        dmis14        556000          556000            0          01:16:11    01:16:11
     vAOwtMjHGtFcIGRV        dmis01        dmis13        558000          619000           61          01:16:13    01:17:14
     SbiXIgbqeWGpeRxy        dmis05        dmis09        559000          559000            0          01:16:14    01:16:14
     zdSLbuszYzyBoNRZ        dmis13        dmis05        560000          560000            0          01:16:15    01:16:15
     CkqLEXKpIsVyaJVL        dmis09        dmis13        566000          567000            1          01:16:21    01:16:22
     FHFBhTvVYSCkmAdn        dmis13        dmis18        567000          567000            0          01:16:22    01:16:22
     kmYTDdbRCtytKxtf        dmis20        dmis05        575000          792000          217          01:16:30    01:20:07
     dRhxcEPxOxxfpOAG        dmis12        dmis09        576000          576000            0          01:16:31    01:16:31
     OKBcsJCqKlxvTUVy        dmis12        dmis09        577000          577000            0          01:16:32    01:16:32
     GaNeWLquuXaWMHOg        dmis05        dmis18        577000          577000            0          01:16:32    01:16:32
     DxZhSTGsUGwiuPKB        dmis13        dmis18        580000          791000          211          01:16:35    01:20:06
     JdtjmKaDKsNqxhGU        dmis18        dmis20        586000          792000          206          01:16:41    01:20:07
     YpcHiaDJSHTGiyUn        dmis13        dmis12        589000          589000            0          01:16:44    01:16:44
     RlQSzrkKRqPHkqCH        dmis14        dmis01        590000          619000           29          01:16:45    01:17:14
     xgRtKXKNdQzymHSU        dmis08        dmis09        590000          590000            0          01:16:45    01:16:45
     BDSeTWLeFmJYptEA        dmis18        dmis12        598000          791000          193          01:16:53    01:20:06
     mWWwPUUuzQaCnwHz        dmis17        dmis13        603000          603000            0          01:16:58    01:16:58
     dwYotDTpMRzwPgWM        dmis01        dmis12        604000          619000           15          01:16:59    01:17:14
     GmjZAUGgnNixVasY        dmis01        dmis08        607000          619000           12          01:17:02    01:17:14
     FjrarLrWQVVKmDZa        dmis17        dmis12        610000          610000            0          01:17:05    01:17:05
     LdyOjnNXmMECAeKR        dmis12        dmis01        611000          619000            8          01:17:06    01:17:14
     hfZxqKtoLkYiuxaN        dmis14        dmis20        613000          716000          103          01:17:08    01:18:51
     qNvIwXAgizdEuBcf        dmis12        dmis08        613000          613000            0          01:17:08    01:17:08
     zVYRPTNRJNtXMCwr        dmis17        dmis14        620000          620000            0          01:17:15    01:17:15
     ILQWVIALbdYplnvp        dmis09        dmis01        624000          882000          258          01:17:19    01:21:37
     WTWqoDkiLGTHYfjW        dmis13        dmis01        625000          625000            0          01:17:20    01:17:20
     rHFgSVHMsuGBlgEI        dmis08        dmis18        629000          791000          162          01:17:24    01:20:06
     wXJkHKOTcBkbksxo        dmis18        dmis12        634000          792000          158          01:17:29    01:20:07
     LOTEblARgXdsAcVC        dmis17        dmis18        640000          791000          151          01:17:35    01:20:06
     gcvppiOCxtGXZSqq        dmis12        dmis20        642000          716000           74          01:17:37    01:18:51
     VqsqOFWttFUIAyKz        dmis18        dmis12        643000          792000          149          01:17:38    01:20:07
     XTVpMIgwYbVKDTbQ        dmis17        dmis14        651000          657000            6          01:17:46    01:17:52
     mXbyUnNzenXqwrMO        dmis08        dmis05        657000          791000          134          01:17:52    01:20:06
     FMAEJDmucSYYtaGz        dmis12        dmis20        659000          716000           57          01:17:54    01:18:51
     YTOrwkiKDHJsNhGV        dmis01        dmis13        663000          932000          269          01:17:58    01:22:27
     dDqUoGYLZEkBwBtE        dmis12        dmis08        667000          667000            0          01:18:02    01:18:02
     uNEeNJNGqimaHgQf        dmis13        dmis08        669000          669000            0          01:18:04    01:18:04
     YswtndHFxnIkVPSK        dmis08        dmis13        670000          670000            0          01:18:05    01:18:05
     xnuTGeSEENreQnYb        dmis20        dmis17        674000          717000           43          01:18:09    01:18:52
     xnackLTSFrqhCNSM        dmis09        dmis14        687000          687000            0          01:18:22    01:18:22
     tPVUlBaaRLxMnsnl        dmis01        dmis05        689000          933000          244          01:18:24    01:22:28
     zkJWTjHwPFLaSIpR        dmis09        dmis17        690000          690000            0          01:18:25    01:18:25
     lDfjNnwqxfkMmRIh        dmis01        dmis08        703000          889000          186          01:18:38    01:21:44
     BMvrRFcDOVMMaxkW        dmis13        dmis18        706000          791000           85          01:18:41    01:20:06
     IXeTdfLibTZIKwgT        dmis05        dmis20        709000          791000           82          01:18:44    01:20:06
     zyUcBxwdsUZdTsKq        dmis20        dmis17        710000          717000            7          01:18:45    01:18:52
     YTzwgrRAotxCalJJ        dmis05        dmis12        715000          791000           76          01:18:50    01:20:06
     PviaYuuDOsdhVJiA        dmis12        dmis08        716000          717000            1          01:18:51    01:18:52
     lQimisWBJLivcnEL        dmis14        dmis08        718000          718000            0          01:18:53    01:18:53
     iDbuGEuxRuMeMZRX        dmis01        dmis09        735000          932000          197          01:19:10    01:22:27
     hfMpLETSrMWKZwLb        dmis20        dmis09        740000          740000            0          01:19:15    01:19:15
     VpvgCpAKitRmgKYh        dmis09        dmis14        740000          740000            0          01:19:15    01:19:15
     nauBHVmizYJyzEcQ        dmis12        dmis20        743000          776000           33          01:19:18    01:19:51
     XtJEdZaHBkInegBB        dmis18        dmis12        747000          792000           45          01:19:22    01:20:07
     aMRYIldxEhEbspBF        dmis12        dmis14        747000          776000           29          01:19:22    01:19:51
     wHdptKMiRZiJkZdf        dmis09        dmis18        755000          791000           36          01:19:30    01:20:06
     MwiHJyIpnGFJzsxa        dmis08        dmis09        758000          758000            0          01:19:33    01:19:33
     YvtMCpHVxBfXBPwy        dmis18        dmis01        765000          882000          117          01:19:40    01:21:37
     lOCYxqEqytSHbIMf        dmis13        dmis12        766000          790000           24          01:19:41    01:20:05
     QyNVpQFZjYlRIkBH        dmis09        dmis01        769000          882000          113          01:19:44    01:21:37
     jVWkgwEOVHJYKEcH        dmis17        dmis18        770000          791000           21          01:19:45    01:20:06
     vhwOpyrFVGTxddto        dmis13        dmis20        772000          790000           18          01:19:47    01:20:05
     UhFXhbbzWCePUrID        dmis20        dmis12        783000          783000            0          01:19:58    01:19:58
     ipeOuPyYIxGUvopV        dmis05        dmis18        786000          786000            0          01:20:01    01:20:01
     xXWkFEifFdPKytcI        dmis17        dmis18        789000          791000            2          01:20:04    01:20:06
     SWPROVJmoCwqkivh        dmis13        dmis18        792000          792000            0          01:20:07    01:20:07
     eWgSkCKHjxtXobfY        dmis01        dmis18        793000          933000          140          01:20:08    01:22:28
     wuSJYnBRZZBYvOZR        dmis20        dmis08        793000          793000            0          01:20:08    01:20:08
     yFPhisGGUnYqEGTC        dmis20        dmis08        794000          794000            0          01:20:09    01:20:09
     gIUpORMFlalXBdwG        dmis01        dmis14        794000          911000          117          01:20:09    01:22:06
     hqrQHKqyepaedlpN        dmis05        dmis01        796000          882000           86          01:20:11    01:21:37
     StWhSPoNXhNbkIRE        dmis13        dmis20        803000          803000            0          01:20:18    01:20:18
     mTVbWCjVsRfnGAXt        dmis08        dmis14        808000          808000            0          01:20:23    01:20:23
     EGYUCHJsjfkWnFFf        dmis13        dmis09        822000          823000            1          01:20:37    01:20:38
     CnlcApTboXZKLBBL        dmis20        dmis14        823000          823000            0          01:20:38    01:20:38
     QYuyWYmSGVsqbuzz        dmis17        dmis09        829000          849000           20          01:20:44    01:21:04
     pxIWswHuvqSwVwnx        dmis12        dmis17        830000          849000           19          01:20:45    01:21:04
     rYlyetgKYVWYQZGG        dmis17        dmis08        848000          861000           13          01:21:03    01:21:16
     jIFmHFUKreYXMbym        dmis18        dmis12        850000          850000            0          01:21:05    01:21:05
     ISSQkbxeovWubrWf        dmis20        dmis05        851000          851000            0          01:21:06    01:21:06
     XbeUZTohqGZsabRT        dmis17        dmis18        853000          853000            0          01:21:08    01:21:08
     yIChgkxtsEcuycuK        dmis08        dmis09        856000          867000           11          01:21:11    01:21:22
     ZRYBIixflCFNsblB        dmis18        dmis17        871000          871000            0          01:21:26    01:21:26
     sgjlQezBQZlkZmAM        dmis14        dmis20        874000          874000            0          01:21:29    01:21:29
     ZCaLHKsQhoqXRvyY        dmis01        dmis08        878000          882000            4          01:21:33    01:21:37
     ZETFzZRxxOvnNEUm        dmis17        dmis01        879000          882000            3          01:21:34    01:21:37
     VRMutxRnozBVBaQZ        dmis08        dmis14        882000          911000           29          01:21:37    01:22:06
     BdOtTcIQLvtyeNck        dmis13        dmis20        884000          884000            0          01:21:39    01:21:39
     JQprXLDoQBleflrG        dmis18        dmis12        892000          892000            0          01:21:47    01:21:47
     FAggtuQKCPcCQvXr        dmis17        dmis08        896000          896000            0          01:21:51    01:21:51
     ZRXyQOxnCuBRYXef        dmis17        dmis14        901000          911000           10          01:21:56    01:22:06
     AVBxmZvUYDrVRiQA        dmis05        dmis20        906000          919000           13          01:22:01    01:22:14
     bKqIujIaaJHdwWRz        dmis05        dmis18        907000          907000            0          01:22:02    01:22:02
     IUIqeHJZOoVmqpzN        dmis08        dmis18        910000          937000           27          01:22:05    01:22:32
     xMOtJEdlVHOMcLFD        dmis17        dmis12        911000          942000           31          01:22:06    01:22:37
     EkYoeUQphAKLpRxk        dmis14        dmis01        917000          917000            0          01:22:12    01:22:12
     XiXpmwscXEOWsQIW        dmis14        dmis08        920000          920000            0          01:22:15    01:22:15
     FsnuLBBWCNTFsplT        dmis01        dmis12        925000          937000           12          01:22:20    01:22:32
     eCDVTaiXWlrVKvCi        dmis17        dmis01        926000          926000            0          01:22:21    01:22:21
     ERhnZgUlJzYDdLGM        dmis18        dmis09        927000          927000            0          01:22:22    01:22:22
     ievQpbPvKWwclXIc        dmis12        dmis13        927000          927000            0          01:22:22    01:22:22
     EJhGYCHPzjzNmCyU        dmis20        dmis09        928000          947000           19          01:22:23    01:22:42
     JSBsYgEUNUGrhNUm        dmis17        dmis13        928000          942000           14          01:22:23    01:22:37
     XTKhUhOKCKefECMi        dmis20        dmis17        929000          947000           18          01:22:24    01:22:42
     INJbkdpyesVFULgf        dmis08        dmis17        936000          936000            0          01:22:31    01:22:31
     ulFDyzVhplHhGffO        dmis01        dmis05        937000          937000            0          01:22:32    01:22:32
     hOvOwHNkxIYNzZch        dmis08        dmis12        939000          959000           20          01:22:34    01:22:54
     MoKWrBXvvSaqggvn        dmis08        dmis14        954000          954000            0          01:22:49    01:22:49
     vSBppiJKaBgVztsH        dmis12        dmis13        960000          960000            0          01:22:55    01:22:55
     tEyMRMUkMEwyfzDy        dmis09        dmis13        960000          977000           17          01:22:55    01:23:12
     wsbuZqgwAfLBeqIt        dmis08        dmis12        962000          999000           37          01:22:57    01:23:34
     ZqapTrKDnhFyGPdD        dmis12        dmis09        966000         1042000           76          01:23:01    01:24:17
     lTrMYABxJCMVGlrD        dmis20        dmis13        967000          967000            0          01:23:02    01:23:02
     SsWGUrduwuqneIpf        dmis05        dmis17        969000          977000            8          01:23:04    01:23:12
     ZUiLXJHbYdHSUSMQ        dmis01        dmis12        971000          999000           28          01:23:06    01:23:34
     EVRxYOSujumRcHGa        dmis08        dmis05        975000          976000            1          01:23:10    01:23:11
     taHxIqQtvaRkixSJ        dmis13        dmis14        976000          976000            0          01:23:11    01:23:11
     eVFbjjSBmFFTRWzv        dmis18        dmis09        980000          980000            0          01:23:15    01:23:15
     XTtnJYmuyalJMoqf        dmis09        dmis18        981000          981000            0          01:23:16    01:23:16
     SxJLZtkVhBsRyxZi        dmis17        dmis08        996000          996000            0          01:23:31    01:23:31
     pccoiGixcqOMdIAV        dmis17        dmis12        997000          999000            2          01:23:32    01:23:34
     GTtGUpNkcurlbYZD        dmis01        dmis17        998000          998000            0          01:23:33    01:23:33
     ShoPsxRTcyLXSZNa        dmis01        dmis08        999000          999000            0          01:23:34    01:23:34
     TOumBQwPXSncTQAR        dmis09        dmis01        999000          999000            0          01:23:34    01:23:34
     IETzMCLMGRkfNepM        dmis12        dmis01       1002000         1002000            0          01:23:37    01:23:37
     SJGNAWXCSQNUOMxG        dmis01        dmis13       1002000         1011000            9          01:23:37    01:23:46
     aGNfcfuMhHxxawjX        dmis14        dmis20       1006000         1006000            0          01:23:41    01:23:41
     siqpTYRTjyXGXqfr        dmis05        dmis18       1009000         1009000            0          01:23:44    01:23:44
     vnXOKqjpOUmjwBjQ        dmis01        dmis20       1013000         1039000           26          01:23:48    01:24:14
     kbXGUabqWTfbBWIw        dmis05        dmis08       1018000         1018000            0          01:23:53    01:23:53
     BIvBAdzDiNePFpKL        dmis08        dmis01       1018000         1020000            2          01:23:53    01:23:55
     ggmsegWbKnAEdiBG        dmis14        dmis12       1024000         1034000           10          01:23:59    01:24:09
     GcnALbMQnQVRskCf        dmis20        dmis09       1025000         1042000           17          01:24:00    01:24:17
     AGEVlOoyMHWQuZCq        dmis13        dmis08       1027000         1027000            0          01:24:02    01:24:02
     lTGUtuouWcdIStqn        dmis09        dmis14       1027000         1032000            5          01:24:02    01:24:07
     OHkppHAYgadjoJys        dmis18        dmis12       1028000         1034000            6          01:24:03    01:24:09
     GYLzXeVIDuoAKVRU        dmis05        dmis09       1038000         1117000           79          01:24:13    01:25:32
     upDPGQswXAUfpXJz        dmis12        dmis14       1045000         1089000           44          01:24:20    01:25:04
     fjiGetClwUdVrEdj        dmis17        dmis12       1046000         1046000            0          01:24:21    01:24:21
     HHxrQFPSxDgAmGYT        dmis17        dmis20       1047000         1047000            0          01:24:22    01:24:22
     rgAwbcjyymtsRYBy        dmis17        dmis01       1049000         1049000            0          01:24:24    01:24:24
     yOBsreknXpQyOzUu        dmis05        dmis18       1058000         1058000            0          01:24:33    01:24:33
     hFVqqNtDtYYMxyJN        dmis18        dmis12       1061000         1117000           56          01:24:36    01:25:32
     kBiiSCebyqucXacb        dmis08        dmis17       1064000         1117000           53          01:24:39    01:25:32
     ronVVjHcsHbsdkpk        dmis14        dmis12       1067000         1117000           50          01:24:42    01:25:32
     HUcWdfxjfAVVMVnT        dmis18        dmis14       1073000         1073000            0          01:24:48    01:24:48
     dCYPGJCmdoUssjGp        dmis12        dmis18       1081000         1222000          141          01:24:56    01:27:17
     MsDmocrgSeCitBOO        dmis01        dmis20       1084000         1084000            0          01:24:59    01:24:59
     OoebEPqVmeeIhPyU        dmis01        dmis17       1086000         1117000           31          01:25:01    01:25:32
     FTtDtwDFYpchcuKI        dmis20        dmis18       1086000         1098000           12          01:25:01    01:25:13
     hKzIAyxxSKcMdefo        dmis09        dmis17       1091000         1091000            0          01:25:06    01:25:06
     BjpLbHfYkWjstbDw        dmis13        dmis20       1092000         1092000            0          01:25:07    01:25:07
     JEIXiZGDeiLZKcpa        dmis01        dmis17       1096000         1117000           21          01:25:11    01:25:32
     AjLRyeWtEUfbsPOB        dmis18        dmis14       1101000         1101000            0          01:25:16    01:25:16
     ykeGaZczzzEOYPQE        dmis12        dmis20       1105000         1179000           74          01:25:20    01:26:34
     jJrWxFvjnrBjSGbu        dmis13        dmis20       1112000         1112000            0          01:25:27    01:25:27
     AnLTjBngfqOYlelt        dmis09        dmis05       1113000         1117000            4          01:25:28    01:25:32
     xhUWmrhrLvtvTkRr        dmis05        dmis08       1115000         1115000            0          01:25:30    01:25:30
     AUKRYwHVoxWcWQwW        dmis05        dmis20       1120000         1120000            0          01:25:35    01:25:35
     ASuojBFUzYRsKllM        dmis05        dmis14       1124000         1124000            0          01:25:39    01:25:39
     kZeLdDoNSsexHOit        dmis08        dmis20       1127000         1179000           52          01:25:42    01:26:34
     ltyoyVxfXUbJPQeq        dmis18        dmis20       1127000         1234000          107          01:25:42    01:27:29
     YzKJAwzOOXhIhJOo        dmis20        dmis18       1129000         1222000           93          01:25:44    01:27:17
     rrfVAMTKJEcEhhar        dmis13        dmis20       1132000         1135000            3          01:25:47    01:25:50
     qnDRnbQfnStSzaJZ        dmis09        dmis20       1133000         1135000            2          01:25:48    01:25:50
     ZPJavFtazzDuoUVz        dmis18        dmis01       1139000         1229000           90          01:25:54    01:27:24
     ntNLQMQOHtZYkeoL        dmis18        dmis20       1140000         1234000           94          01:25:55    01:27:29
     CJSygvFGmHNpDaXB        dmis20        dmis01       1141000         1222000           81          01:25:56    01:27:17
     FYrvfgQCKWEWferY        dmis17        dmis08       1143000         1147000            4          01:25:58    01:26:02
     zklCGKqvjxdqhtFl        dmis20        dmis09       1145000         1188000           43          01:26:00    01:26:43
     fxEeUNBikxkJQihq        dmis05        dmis13       1146000         1146000            0          01:26:01    01:26:01
     qubUjTPvXvFfNeBw        dmis01        dmis08       1154000         1154000            0          01:26:09    01:26:09
     ssnQXIBMCFyuNbqG        dmis13        dmis05       1162000         1162000            0          01:26:17    01:26:17
     SSeKuinuzHwYHbZS        dmis08        dmis13       1163000         1163000            0          01:26:18    01:26:18
     SdeyMDcwQCbvmebf        dmis14        dmis17       1169000         1169000            0          01:26:24    01:26:24
     lRuOvgOwshOLHpLP        dmis17        dmis20       1171000         1179000            8          01:26:26    01:26:34
     dZJjWQPiyfZbfzfg        dmis20        dmis13       1172000         1179000            7          01:26:27    01:26:34
     nuuZVIfbATBoAMHQ        dmis09        dmis01       1179000         1222000           43          01:26:34    01:27:17
     vXLtefVEgyYusTvF        dmis18        dmis09       1180000         1229000           49          01:26:35    01:27:24
     ZkjmNaUDuPvTQGSF        dmis09        dmis20       1185000         1222000           37          01:26:40    01:27:17
     TqtAaxoFLiXerfVr        dmis12        dmis08       1187000         1187000            0          01:26:42    01:26:42
     JqIpCAmoAqgjlnuo        dmis20        dmis12       1188000         1222000           34          01:26:43    01:27:17
     mGZKwPTwwSadrfjC        dmis20        dmis17       1189000         1222000           33          01:26:44    01:27:17
     PdMUjeYTDCPIHJiu        dmis17        dmis01       1190000         1222000           32          01:26:45    01:27:17
     pZARYeqxfxOGOgkI        dmis12        dmis13       1191000         1191000            0          01:26:46    01:26:46
     PKSFYlVhEVgOBWAW        dmis18        dmis08       1195000         1222000           27          01:26:50    01:27:17
     wDKwDYDoJcUaiPUx        dmis12        dmis05       1196000         1196000            0          01:26:51    01:26:51
     UwBvKvftZKAhtAaM        dmis13        dmis20       1201000         1222000           21          01:26:56    01:27:17
     kjWsjCVPKjOWlFXB        dmis01        dmis14       1205000         1222000           17          01:27:00    01:27:17
     cfKylzwDikpsbaJQ        dmis17        dmis18       1206000         1222000           16          01:27:01    01:27:17
     ZAXLupITmQYZUbYG        dmis01        dmis13       1209000         1222000           13          01:27:04    01:27:17
     uPCUaFiCMiyzkPge        dmis13        dmis12       1213000         1213000            0          01:27:08    01:27:08
     BfuAqSjVpplQmLMI        dmis18        dmis12       1215000         1222000            7          01:27:10    01:27:17
     UNpYSkeYlcUfyRLn        dmis18        dmis20       1215000         1222000            7          01:27:10    01:27:17
     adfFjVtbPZbZqLsi        dmis08        dmis01       1216000         1222000            6          01:27:11    01:27:17
     XuSbUepuWwDiJAYy        dmis20        dmis18       1222000         1222000            0          01:27:17    01:27:17
     gwuchHxGQTExwERx        dmis08        dmis14       1223000         1223000            0          01:27:18    01:27:18
     anEyxlbzfCNhQWXQ        dmis09        dmis18       1227000         1227000            0          01:27:22    01:27:22
     gYiepDBLYBORizuf        dmis20        dmis14       1232000         1232000            0          01:27:27    01:27:27
     dvmnckIFoaPVJXRL        dmis17        dmis05       1234000         1234000            0          01:27:29    01:27:29
     zEiTqnuBRoHRIUej        dmis18        dmis05       1234000         1238000            4          01:27:29    01:27:33
     NUYWYwnkhDhsiGvK        dmis01        dmis20       1236000         1236000            0          01:27:31    01:27:31
     TOgquYKruQbFqZdY        dmis20        dmis12       1236000         1236000            0          01:27:31    01:27:31
     gUXcLFWYXwzRyxZl        dmis01        dmis17       1237000         1237000            0          01:27:32    01:27:32
     TAJRyycFbLzLrwXZ        dmis01        dmis20       1238000         1238000            0          01:27:33    01:27:33
     zOEOrfbRirJSRFXm        dmis20        dmis12       1239000         1239000            0          01:27:34    01:27:34
     ruRpahpggFMVLWfh        dmis12        dmis13       1241000         1241000            0          01:27:36    01:27:36
     NjzxEhtgRTPkVPWS        dmis13        dmis14       1246000         1246000            0          01:27:41    01:27:41
     UQbPakRsRTLVFCHy        dmis14        dmis09       1249000         1254000            5          01:27:44    01:27:49
     iLyUoASGEvcRzFyV        dmis14        dmis13       1250000         1250000            0          01:27:45    01:27:45
     gaMgiwkUFJWPaEvN        dmis13        dmis01       1252000         1252000            0          01:27:47    01:27:47
     wzKYKeqBzDYeIFeQ        dmis14        dmis17       1256000         1256000            0          01:27:51    01:27:51
     TfKJFCqkYUDZzbVx        dmis14        dmis08       1266000         1266000            0          01:28:01    01:28:01
     NVkUcDavYrFUIeoO        dmis13        dmis20       1273000         1287000           14          01:28:08    01:28:22
     bPgENlvYoRBwjvTA        dmis12        dmis14       1277000         1326000           49          01:28:12    01:29:01
     dhXNNoQmtrTbWztr        dmis14        dmis13       1278000         1278000            0          01:28:13    01:28:13
     BblSTvNimYAymOIn        dmis18        dmis13       1281000         1281000            0          01:28:16    01:28:16
     GaVOYflDqJUqPqdC        dmis13        dmis01       1283000         1283000            0          01:28:18    01:28:18
     sRIlecoxTxpBTVmv        dmis18        dmis12       1285000         1285000            0          01:28:20    01:28:20
     tGCNEPGYhjfZjjXk        dmis20        dmis01       1287000         1346000           59          01:28:22    01:29:21
     zBBsjCkTUTMnylbt        dmis20        dmis09       1290000         1327000           37          01:28:25    01:29:02
     yanTXCDjcdkQSSdM        dmis18        dmis20       1290000         1326000           36          01:28:25    01:29:01
     qUcccACZWbtWbsJU        dmis01        dmis05       1295000         1295000            0          01:28:30    01:28:30
     NQYPVYMUpTqXXEog        dmis13        dmis12       1296000         1296000            0          01:28:31    01:28:31
     rKrruGZcNLXajcil        dmis12        dmis14       1297000         1326000           29          01:28:32    01:29:01
     tQrJbMHpgiLpfhPw        dmis12        dmis17       1301000         1317000           16          01:28:36    01:28:52
     EdbMiTygNDHOEeOH        dmis14        dmis05       1304000         1326000           22          01:28:39    01:29:01
     JJEYJaBFQzbifvpI        dmis09        dmis12       1306000         1306000            0          01:28:41    01:28:41
     tgqpppsEDRFowNzP        dmis12        dmis08       1307000         1307000            0          01:28:42    01:28:42
     SUoSsqxVDyjUUgvl        dmis01        dmis13       1320000         1320000            0          01:28:55    01:28:55
     gjweQHkhSexHudMh        dmis13        dmis12       1321000         1321000            0          01:28:56    01:28:56
     JoXpqOpLlEOfbDcA        dmis18        dmis13       1322000         1322000            0          01:28:57    01:28:57
     bZPdbrEYUXwVSIQm        dmis01        dmis13       1323000         1323000            0          01:28:58    01:28:58
     OLWBBpqVGLyeMSwT        dmis14        dmis17       1324000         1326000            2          01:28:59    01:29:01
     DptARXlvCvmuQRJb        dmis18        dmis01       1327000         1346000           19          01:29:02    01:29:21
     RggvxNVEybDjMcuN        dmis20        dmis05       1330000         1330000            0          01:29:05    01:29:05
     IwgHHhJMlYvbVVtg        dmis09        dmis13       1332000         1332000            0          01:29:07    01:29:07
     fVfoxpKTKwIKHKdb        dmis20        dmis17       1338000         1348000           10          01:29:13    01:29:23
     bdEMhjjGJaAtlLfr        dmis05        dmis17       1343000         1346000            3          01:29:18    01:29:21
     jlXFAaNLyXWofFgI        dmis05        dmis13       1349000         1349000            0          01:29:24    01:29:24
     EAePAiuSjvaoRSWb        dmis09        dmis05       1350000         1350000            0          01:29:25    01:29:25
     TKyOlkkcGAafGQlM        dmis13        dmis20       1353000         1389000           36          01:29:28    01:30:04
     jyEsVXWLXzmPMgXS        dmis08        dmis05       1354000         1354000            0          01:29:29    01:29:29
     ZItrRDymHyTEBFnW        dmis13        dmis20       1355000         1389000           34          01:29:30    01:30:04
     IKvPvEXegZZsnGlY        dmis05        dmis01       1355000         1355000            0          01:29:30    01:29:30
     SKDsKqFiPdYwkefT        dmis05        dmis13       1360000         1360000            0          01:29:35    01:29:35
     ftygHIYNQlcysRUo        dmis12        dmis05       1361000         1361000            0          01:29:36    01:29:36
     xZFFSFnhiVVMBJWp        dmis14        dmis05       1366000         1392000           26          01:29:41    01:30:07
     qMmdyxfGzHMIxXuY        dmis13        dmis05       1368000         1368000            0          01:29:43    01:29:43
     ceLnDhtnTIFUkomQ        dmis17        dmis08       1369000         1409000           40          01:29:44    01:30:24
     qckniKTolSiyztwT        dmis05        dmis14       1370000         1392000           22          01:29:45    01:30:07
     AMfrExVhRAvPPxgU        dmis12        dmis18       1372000         1372000            0          01:29:47    01:29:47
     QkwnzUtXxWhLAdyF        dmis20        dmis09       1373000              -1           -1          01:29:48          ()
     oElVnUkySFApATXe        dmis09        dmis05       1374000         1415000           41          01:29:49    01:30:30
     tcTwMQoVNRLElIiz        dmis09        dmis01       1375000         1415000           40          01:29:50    01:30:30
     QFDZPdNhoPFjjcxJ        dmis12        dmis20       1377000         1389000           12          01:29:52    01:30:04
     YDwXvgtfebQnLvod        dmis20        dmis18       1382000         1389000            7          01:29:57    01:30:04
     hNqZSqlAOGGROTpG        dmis13        dmis17       1385000         1385000            0          01:30:00    01:30:00
     CefxWCUzbdVxkSIN        dmis01        dmis17       1393000              -1           -1          01:30:08          ()
     OeCsCxbVAxKpwQMO        dmis12        dmis13       1394000         1394000            0          01:30:09    01:30:09
     XuRyJJVpuuWIOsBl        dmis14        dmis12       1397000         1397000            0          01:30:12    01:30:12
     TIRLnGSvBpKdZisW        dmis14        dmis13       1398000         1398000            0          01:30:13    01:30:13
     DrVmAsSqNwpkCJjM        dmis08        dmis05       1401000         1415000           14          01:30:16    01:30:30
     CLWmWSdSOBBCvcNo        dmis14        dmis20       1405000         1405000            0          01:30:20    01:30:20
     LgZANtWQJGvIqqgS        dmis14        dmis01       1407000         1407000            0          01:30:22    01:30:22
     XRNoUAwiSbTbdqmu        dmis12        dmis08       1411000         1415000            4          01:30:26    01:30:30
     hCJiBOOCwAkTahSh        dmis13        dmis12       1412000         1417000            5          01:30:27    01:30:32
     XOMbNOWnNifLARza        dmis12        dmis08       1415000         1415000            0          01:30:30    01:30:30
     SZsTSWtNwsIoaaAe        dmis01        dmis05       1416000         1416000            0          01:30:31    01:30:31
     GFBCKwDnbyKlrVYL        dmis01        dmis20       1417000         1417000            0          01:30:32    01:30:32
     kmoepKOhMIirAWLx        dmis12        dmis13       1421000         1421000            0          01:30:36    01:30:36
     FBNqRVaiYZFjFmEy        dmis05        dmis12       1429000         1429000            0          01:30:44    01:30:44
     UKINavPrEXisQaYA        dmis13        dmis20       1433000         1433000            0          01:30:48    01:30:48
     bcGAwmskNTMjycxL        dmis14        dmis13       1439000         1439000            0          01:30:54    01:30:54
     hLSihlIEJPpjuprU        dmis20        dmis05       1439000         1439000            0          01:30:54    01:30:54
     hNGdnCqMbCBOIyiN        dmis08        dmis05       1439000              -1           -1          01:30:54          ()
     iZlxshQbpllFBraf        dmis14        dmis13       1440000         1440000            0          01:30:55    01:30:55
     CHIFXwhtzUPzbHix        dmis13        dmis20       1447000         1447000            0          01:31:02    01:31:02
     WGFsuXfitRTRTqCE        dmis14        dmis20       1450000         1450000            0          01:31:05    01:31:05
     uNRPvkxzOPMzkbfs        dmis20        dmis05       1451000         1451000            0          01:31:06    01:31:06
     oqLYaFmmZvmyqlTW        dmis05        dmis13       1452000         1452000            0          01:31:07    01:31:07
     MHOgCOocpvNxHTVx        dmis05        dmis20       1455000         1455000            0          01:31:10    01:31:10
     oXAvLiBWzsIvHZpb        dmis20        dmis13       1462000         1462000            0          01:31:17    01:31:17
     rtMTOdksatKRVkTx        dmis13        dmis20       1470000         1470000            0          01:31:25    01:31:25
     tBErznKYhzZiIKiB        dmis13        dmis20       1471000         1471000            0          01:31:26    01:31:26
     oJRJToKjFwlPZqJn        dmis20        dmis13       1473000         1473000            0          01:31:28    01:31:28
     dUvRYFMYAYrvjkuC        dmis13        dmis20       1475000         1475000            0          01:31:30    01:31:30
     PMkAULZWdHrmGjow        dmis20        dmis13       1476000         1476000            0          01:31:31    01:31:31
