[Global]
  start time        : 2020-05-15 00:29:12
  duration (s)      : 477
  active nodes      : 10
  messages sent     : 447 
  messages received : 104 (23%)
  messages lost     : 343 
  rcv duration (s)  : 0, 100, 18 (min, max, avg) 

[Nodes]
---------------------------------------------------------------------------------------------------------
    NodeId    duration (s)   sndEvts   nbRcv/total   minNhb   maxNhb   outCon    inCon   rcvDuration (s)
---------------------------------------------------------------------------------------------------------
     dmis01       297          47          3/39         1        6      34832    36414    (2, 24, 14)
     dmis05       460          43         15/42         1        5      41120    34187    (0, 89, 28)
     dmis08       472          41         15/50         1        4      25739    23885    (0, 60, 14)
     dmis09       474          40         14/42         1        4      28490    25100    (0, 49, 8)
     dmis12       447          51         13/53         1        5      43619    38129    (0, 100, 28)
     dmis13       390          48          8/47         1        5      51365    53144    (5, 76, 39)
     dmis14       406          41         12/42         1        4      48799    52446    (0, 37, 7)
     dmis17       380          37          8/37         1        3      27366    30685    (0, 58, 26)
     dmis18       457          49          7/37         1        5      57085    58970    (0, 54, 16)
     dmis20       367          50          9/58         0        4      46496    51952    (0, 16, 2)

[Messages]
-----------------------------------------------------------------------------------------------------------------------------
        MessageId             src           dst         sndStep         rcvStep     rcvDuration (s)   sndTime     rcvTime
-----------------------------------------------------------------------------------------------------------------------------
   dmis08_642810563_0        dmis08        dmis09         11000           11000            0          00:29:23    00:29:23
   dmis09_642810567_0        dmis09        dmis08         15000           15000            0          00:29:27    00:29:27
   dmis09_642810568_0        dmis09        dmis08         16000           16000            0          00:29:28    00:29:28
   dmis09_642810571_0        dmis09        dmis08         19000           19000            0          00:29:31    00:29:31
   dmis08_642810572_0        dmis08        dmis09         20000           20000            0          00:29:32    00:29:32
   dmis08_642810574_1        dmis08        dmis09         22000           22000            0          00:29:34    00:29:34
   dmis09_642810574_0        dmis09        dmis08         22000           22000            0          00:29:34    00:29:34
   dmis08_642810574_0        dmis08        dmis09         22000           22000            0          00:29:34    00:29:34
   dmis05_642810580_0        dmis05        dmis09         28000           58000           30          00:29:40    00:30:10
   dmis09_642810581_0        dmis09        dmis18         29000              -1           -1          00:29:41          ()
   dmis08_642810586_0        dmis08        dmis18         34000           34000            0          00:29:46    00:29:46
   dmis05_642810587_0        dmis05        dmis18         35000           89000           54          00:29:47    00:30:41
   dmis12_642810588_0        dmis12        dmis08         36000           36000            0          00:29:48    00:29:48
   dmis12_642810592_0        dmis12        dmis18         40000           40000            0          00:29:52    00:29:52
   dmis18_642810605_0        dmis18        dmis05         53000           86000           33          00:30:05    00:30:38
   dmis12_642810616_0        dmis12        dmis08         64000              -1           -1          00:30:16          ()
   dmis12_642810617_0        dmis12        dmis08         65000              -1           -1          00:30:17          ()
   dmis09_642810617_0        dmis09        dmis05         65000          137000           72          00:30:17    00:31:29
   dmis08_642810619_0        dmis08        dmis09         67000           67000            0          00:30:19    00:30:19
   dmis05_642810623_0        dmis05        dmis09         71000          100000           29          00:30:23    00:30:52
   dmis18_642810628_0        dmis18        dmis12         76000           86000           10          00:30:28    00:30:38
   dmis18_642810642_0        dmis18        dmis05         90000           98000            8          00:30:42    00:30:50
   dmis01_642810647_0        dmis01        dmis08         95000          125000           30          00:30:47    00:31:17
   dmis14_642810648_0        dmis14        dmis01         96000           98000            2          00:30:48    00:30:50
   dmis12_642810649_0        dmis12        dmis18         97000          124000           27          00:30:49    00:31:16
   dmis20_642810650_0        dmis20        dmis13         98000          130000           32          00:30:50    00:31:22
   dmis14_642810659_0        dmis14        dmis12        107000          124000           17          00:30:59    00:31:16
   dmis09_642810660_0        dmis09        dmis14        108000          124000           16          00:31:00    00:31:16
   dmis14_642810664_0        dmis14        dmis17        112000          130000           18          00:31:04    00:31:22
   dmis09_642810675_0        dmis09        dmis14        123000          124000            1          00:31:15    00:31:16
   dmis17_642810679_0        dmis17        dmis05        127000          137000           10          00:31:19    00:31:29
   dmis14_642810680_0        dmis14        dmis09        128000          128000            0          00:31:20    00:31:20
   dmis05_642810690_0        dmis05        dmis18        138000          139000            1          00:31:30    00:31:31
   dmis12_642810691_0        dmis12        dmis14        139000          141000            2          00:31:31    00:31:33
   dmis13_642810697_0        dmis13        dmis20        145000          145000            0          00:31:37    00:31:37
   dmis18_642810699_0        dmis18        dmis20        147000          148000            1          00:31:39    00:31:40
   dmis14_642810704_0        dmis14        dmis09        152000          152000            0          00:31:44    00:31:44
   dmis17_642810707_0        dmis17        dmis08        155000          156000            1          00:31:47    00:31:48
   dmis09_642810709_0        dmis09        dmis14        157000          157000            0          00:31:49    00:31:49
   dmis08_642810711_0        dmis08        dmis12        159000          160000            1          00:31:51    00:31:52
   dmis01_642810723_0        dmis01        dmis05        171000          171000            0          00:32:03    00:32:03
   dmis08_642810723_0        dmis08        dmis12        171000          171000            0          00:32:03    00:32:03
   dmis08_642810724_0        dmis08        dmis20        172000          172000            0          00:32:04    00:32:04
   dmis05_642810725_0        dmis05        dmis20        173000          173000            0          00:32:05    00:32:05
   dmis17_642810726_0        dmis17        dmis14        174000          181000            7          00:32:06    00:32:13
   dmis09_642810726_0        dmis09        dmis05        174000          208000           34          00:32:06    00:32:40
   dmis09_642810733_0        dmis09        dmis20        181000          197000           16          00:32:13    00:32:29
   dmis14_642810733_0        dmis14        dmis05        181000          207000           26          00:32:13    00:32:39
   dmis08_642810744_0        dmis08        dmis17        192000          250000           58          00:32:24    00:33:22
   dmis01_642810748_0        dmis01        dmis08        196000          245000           49          00:32:28    00:33:17
   dmis12_642810751_0        dmis12        dmis14        199000          206000            7          00:32:31    00:32:38
   dmis20_642810751_0        dmis20        dmis17        199000          199000            0          00:32:31    00:32:31
   dmis18_642810757_0        dmis18        dmis14        205000          206000            1          00:32:37    00:32:38
   dmis14_642810758_0        dmis14        dmis20        206000          207000            1          00:32:38    00:32:39
   dmis20_642810761_0        dmis20        dmis13        209000          214000            5          00:32:41    00:32:46
   dmis09_642810762_0        dmis09        dmis05        210000          213000            3          00:32:42    00:32:45
   dmis20_642810769_0        dmis20        dmis05        217000          242000           25          00:32:49    00:33:14
   dmis01_642810773_0        dmis01        dmis13        221000              -1           -1          00:32:53          ()
   dmis17_642810773_0        dmis17        dmis18        221000              -1           -1          00:32:53          ()
   dmis05_642810773_0        dmis05        dmis01        221000          245000           24          00:32:53    00:33:17
   dmis14_642810779_0        dmis14        dmis01        227000              -1           -1          00:32:59          ()
   dmis05_642810784_0        dmis05        dmis08        232000          245000           13          00:33:04    00:33:17
   dmis14_642810791_0        dmis14        dmis08        239000              -1           -1          00:33:11          ()
   dmis09_642810791_0        dmis09        dmis05        239000          308000           69          00:33:11    00:34:20
   dmis13_642810793_0        dmis13        dmis17        241000          245000            4          00:33:13    00:33:17
   dmis17_642810797_0        dmis17        dmis08        245000          248000            3          00:33:17    00:33:20
   dmis08_642810809_0        dmis08        dmis01        257000          273000           16          00:33:29    00:33:45
   dmis18_642810811_0        dmis18        dmis09        259000          308000           49          00:33:31    00:34:20
   dmis09_642810814_0        dmis09        dmis17        262000          308000           46          00:33:34    00:34:20
   dmis18_642810823_0        dmis18        dmis12        271000          272000            1          00:33:43    00:33:44
   dmis13_642810825_0        dmis13        dmis12        273000          274000            1          00:33:45    00:33:46
   dmis18_642810833_0        dmis18        dmis12        281000          282000            1          00:33:53    00:33:54
   dmis17_642810835_0        dmis17        dmis20        283000          283000            0          00:33:55    00:33:55
   dmis18_642810846_0        dmis18        dmis12        294000          316000           22          00:34:06    00:34:28
   dmis17_642810856_0        dmis17        dmis12        304000          316000           12          00:34:16    00:34:28
   dmis14_642810857_0        dmis14        dmis08        305000          306000            1          00:34:17    00:34:18
   dmis18_642810858_0        dmis18        dmis20        306000          307000            1          00:34:18    00:34:19
   dmis13_642810864_0        dmis13        dmis05        312000          313000            1          00:34:24    00:34:25
   dmis01_642810874_0        dmis01        dmis05        322000          411000           89          00:34:34    00:36:03
   dmis12_642810874_0        dmis12        dmis08        322000              -1           -1          00:34:34          ()
   dmis18_642810876_0        dmis18        dmis12        324000          355000           31          00:34:36    00:35:07
   dmis05_642810879_0        dmis05        dmis14        327000          330000            3          00:34:39    00:34:42
   dmis13_642810880_0        dmis13        dmis09        328000          332000            4          00:34:40    00:34:44
   dmis12_642810885_0        dmis12        dmis08        333000          356000           23          00:34:45    00:35:08
   dmis05_642810886_0        dmis05        dmis18        334000          335000            1          00:34:46    00:34:47
   dmis05_642810887_0        dmis05        dmis01        335000              -1           -1          00:34:47          ()
   dmis13_642810891_0        dmis13        dmis05        339000          340000            1          00:34:51    00:34:52
   dmis08_642810893_0        dmis08        dmis09        341000          342000            1          00:34:53    00:34:54
   dmis20_642810896_0        dmis20        dmis09        344000          345000            1          00:34:56    00:34:57
   dmis08_642810897_0        dmis08        dmis14        345000          346000            1          00:34:57    00:34:58
   dmis18_642810900_0        dmis18        dmis01        348000              -1           -1          00:35:00          ()
   dmis01_642810900_0        dmis01        dmis13        348000          400000           52          00:35:00    00:35:52
   dmis18_642810905_0        dmis18        dmis13        353000          429000           76          00:35:05    00:36:21
   dmis14_642810909_0        dmis14        dmis20        357000          358000            1          00:35:09    00:35:10
   dmis01_642810911_0        dmis01        dmis12        359000          459000          100          00:35:11    00:36:51
   dmis05_642810917_0        dmis05        dmis12        365000          459000           94          00:35:17    00:36:51
   dmis17_642810918_0        dmis17        dmis13        366000          401000           35          00:35:18    00:35:53
   dmis18_642810925_0        dmis18        dmis01        373000              -1           -1          00:35:25          ()
   dmis18_642810927_0        dmis18        dmis13        375000          429000           54          00:35:27    00:36:21
   dmis08_642810930_0        dmis08        dmis17        378000          400000           22          00:35:30    00:35:52
   dmis08_642810931_0        dmis08        dmis17        379000          400000           21          00:35:31    00:35:52
   dmis01_642810933_0        dmis01        dmis20        381000              -1           -1          00:35:33          ()
   dmis08_642810938_0        dmis08        dmis05        386000          431000           45          00:35:38    00:36:23
   dmis20_642810941_0        dmis20        dmis17        389000          430000           41          00:35:41    00:36:22
   dmis05_642810944_0        dmis05        dmis13        392000          430000           38          00:35:44    00:36:22
   dmis05_642810955_0        dmis05        dmis13        403000          430000           27          00:35:55    00:36:22
   dmis20_642810957_0        dmis20        dmis12        405000          486000           81          00:35:57    00:37:18
   dmis01_642810958_0        dmis01        dmis09        406000              -1           -1          00:35:58          ()
   dmis12_642810965_0        dmis12        dmis08        413000          473000           60          00:36:05    00:37:05
   dmis14_642810967_0        dmis14        dmis17        415000              -1           -1          00:36:07          ()
   dmis12_642810977_0        dmis12        dmis14        425000          426000            1          00:36:17    00:36:18
   dmis09_642810978_0        dmis09        dmis08        426000          449000           23          00:36:18    00:36:41
   dmis13_642810982_0        dmis13        dmis01        430000              -1           -1          00:36:22          ()
   dmis05_642810983_0        dmis05        dmis09        431000          435000            4          00:36:23    00:36:27
   dmis18_642810988_0        dmis18        dmis05        436000          442000            6          00:36:28    00:36:34
   dmis01_642810990_0        dmis01        dmis12        438000              -1           -1          00:36:30          ()
   dmis09_642810992_0        dmis09        dmis08        440000          449000            9          00:36:32    00:36:41
   dmis12_642810993_0        dmis12        dmis18        441000          471000           30          00:36:33    00:37:03
   dmis12_642810995_0        dmis12        dmis08        443000              -1           -1          00:36:35          ()
   dmis09_642810997_0        dmis09        dmis14        445000          482000           37          00:36:37    00:37:14
   dmis20_642810998_0        dmis20        dmis17        446000              -1           -1          00:36:38          ()
   dmis20_642810999_0        dmis20        dmis14        447000          459000           12          00:36:39    00:36:51
   dmis09_642811003_0        dmis09        dmis14        451000              -1           -1          00:36:43          ()
   dmis20_642811014_0        dmis20        dmis08        462000              -1           -1          00:36:54          ()
   dmis12_642811016_0        dmis12        dmis09        464000              -1           -1          00:36:56          ()
   dmis05_642811017_0        dmis05        dmis17        465000              -1           -1          00:36:57          ()
   dmis12_642811021_0        dmis12        dmis14        469000              -1           -1          00:37:01          ()
   dmis13_642811024_0        dmis13        dmis01        472000              -1           -1          00:37:04          ()
   dmis18_642811024_0        dmis18        dmis20        472000              -1           -1          00:37:04          ()
   dmis08_642811025_0        dmis08        dmis09        473000              -1           -1          00:37:05          ()
   dmis18_642811029_0        dmis18        dmis17        477000              -1           -1          00:37:09          ()
   dmis18_642811038_0        dmis18        dmis17        486000              -1           -1          00:37:18          ()
   dmis05_642811039_0        dmis05        dmis14        487000              -1           -1          00:37:19          ()
   dmis20_642811044_0        dmis20        dmis05        492000              -1           -1          00:37:24          ()
   dmis01_642811046_0        dmis01        dmis20        494000              -1           -1          00:37:26          ()
   dmis01_642811048_0        dmis01        dmis13        496000              -1           -1          00:37:28          ()
   dmis01_642811051_0        dmis01        dmis12        499000              -1           -1          00:37:31          ()
   dmis14_642811054_0        dmis14        dmis20        502000              -1           -1          00:37:34          ()
   dmis18_642811055_0        dmis18        dmis12        503000              -1           -1          00:37:35          ()
   dmis17_642811056_0        dmis17        dmis01        504000              -1           -1          00:37:36          ()
   dmis20_642811059_0        dmis20        dmis13        507000              -1           -1          00:37:39          ()
   dmis13_642811061_0        dmis13        dmis01        509000              -1           -1          00:37:41          ()
   dmis14_642811062_0        dmis14        dmis01        510000              -1           -1          00:37:42          ()
   dmis14_642811063_0        dmis14        dmis08        511000              -1           -1          00:37:43          ()
   dmis20_642811065_0        dmis20        dmis14        513000              -1           -1          00:37:45          ()
   dmis05_642811066_0        dmis05        dmis13        514000              -1           -1          00:37:46          ()
   dmis20_642811068_0        dmis20        dmis09        516000              -1           -1          00:37:48          ()
   dmis20_642811073_0        dmis20        dmis09        521000              -1           -1          00:37:53          ()
   dmis01_642811074_0        dmis01        dmis14        522000              -1           -1          00:37:54          ()
   dmis17_642811075_0        dmis17        dmis09        523000              -1           -1          00:37:55          ()
   dmis01_642811079_0        dmis01        dmis08        527000              -1           -1          00:37:59          ()
   dmis05_642811080_0        dmis05        dmis12        528000              -1           -1          00:38:00          ()
   dmis13_642811081_0        dmis13        dmis20        529000              -1           -1          00:38:01          ()
   dmis12_642811089_0        dmis12        dmis09        537000              -1           -1          00:38:09          ()
   dmis12_642811091_0        dmis12        dmis18        539000              -1           -1          00:38:11          ()
   dmis13_642811093_0        dmis13        dmis17        541000              -1           -1          00:38:13          ()
   dmis18_642811094_0        dmis18        dmis12        542000              -1           -1          00:38:14          ()
   dmis14_642811098_0        dmis14        dmis01        546000              -1           -1          00:38:18          ()
   dmis08_642811102_0        dmis08        dmis18        550000              -1           -1          00:38:22          ()
   dmis12_642811107_0        dmis12        dmis14        555000              -1           -1          00:38:27          ()
   dmis01_642811110_0        dmis01        dmis13        558000              -1           -1          00:38:30          ()
   dmis05_642811111_0        dmis05        dmis09        559000              -1           -1          00:38:31          ()
   dmis13_642811112_0        dmis13        dmis05        560000              -1           -1          00:38:32          ()
   dmis09_642811118_0        dmis09        dmis13        566000              -1           -1          00:38:38          ()
   dmis13_642811119_0        dmis13        dmis18        567000              -1           -1          00:38:39          ()
   dmis20_642811127_0        dmis20        dmis05        575000              -1           -1          00:38:47          ()
   dmis12_642811128_0        dmis12        dmis09        576000              -1           -1          00:38:48          ()
   dmis05_642811129_0        dmis05        dmis18        577000              -1           -1          00:38:49          ()
   dmis12_642811129_0        dmis12        dmis09        577000              -1           -1          00:38:49          ()
   dmis13_642811132_0        dmis13        dmis18        580000              -1           -1          00:38:52          ()
   dmis18_642811138_0        dmis18        dmis20        586000              -1           -1          00:38:58          ()
   dmis13_642811140_0        dmis13        dmis12        588000              -1           -1          00:39:00          ()
   dmis14_642811142_0        dmis14        dmis01        590000              -1           -1          00:39:02          ()
   dmis08_642811142_0        dmis08        dmis09        590000              -1           -1          00:39:02          ()
   dmis18_642811150_0        dmis18        dmis12        598000              -1           -1          00:39:10          ()
   dmis17_642811155_0        dmis17        dmis13        603000              -1           -1          00:39:15          ()
   dmis01_642811156_0        dmis01        dmis12        604000              -1           -1          00:39:16          ()
   dmis01_642811159_0        dmis01        dmis08        607000              -1           -1          00:39:19          ()
   dmis17_642811162_0        dmis17        dmis12        610000              -1           -1          00:39:22          ()
   dmis12_642811163_0        dmis12        dmis01        611000              -1           -1          00:39:23          ()
   dmis12_642811164_0        dmis12        dmis08        612000              -1           -1          00:39:24          ()
   dmis14_642811165_0        dmis14        dmis20        613000              -1           -1          00:39:25          ()
   dmis17_642811172_0        dmis17        dmis14        620000              -1           -1          00:39:32          ()
   dmis09_642811176_0        dmis09        dmis01        624000              -1           -1          00:39:36          ()
   dmis13_642811177_0        dmis13        dmis01        625000              -1           -1          00:39:37          ()
   dmis08_642811181_0        dmis08        dmis18        629000              -1           -1          00:39:41          ()
   dmis18_642811186_0        dmis18        dmis12        634000              -1           -1          00:39:46          ()
   dmis17_642811192_0        dmis17        dmis18        640000              -1           -1          00:39:52          ()
   dmis12_642811194_0        dmis12        dmis20        642000              -1           -1          00:39:54          ()
   dmis18_642811195_0        dmis18        dmis12        643000              -1           -1          00:39:55          ()
   dmis17_642811203_0        dmis17        dmis14        651000              -1           -1          00:40:03          ()
   dmis08_642811209_0        dmis08        dmis05        657000              -1           -1          00:40:09          ()
   dmis12_642811211_0        dmis12        dmis20        659000              -1           -1          00:40:11          ()
   dmis01_642811215_0        dmis01        dmis13        663000              -1           -1          00:40:15          ()
   dmis12_642811219_0        dmis12        dmis08        667000              -1           -1          00:40:19          ()
   dmis13_642811221_0        dmis13        dmis08        669000              -1           -1          00:40:21          ()
   dmis08_642811222_0        dmis08        dmis13        670000              -1           -1          00:40:22          ()
   dmis20_642811226_0        dmis20        dmis17        674000              -1           -1          00:40:26          ()
   dmis09_642811238_0        dmis09        dmis14        686000              -1           -1          00:40:38          ()
   dmis01_642811241_0        dmis01        dmis05        689000              -1           -1          00:40:41          ()
   dmis09_642811242_0        dmis09        dmis17        690000              -1           -1          00:40:42          ()
   dmis01_642811255_0        dmis01        dmis08        703000              -1           -1          00:40:55          ()
   dmis13_642811258_0        dmis13        dmis18        706000              -1           -1          00:40:58          ()
   dmis05_642811261_0        dmis05        dmis20        709000              -1           -1          00:41:01          ()
   dmis20_642811262_0        dmis20        dmis17        710000              -1           -1          00:41:02          ()
   dmis05_642811267_0        dmis05        dmis12        715000              -1           -1          00:41:07          ()
   dmis12_642811268_0        dmis12        dmis08        716000              -1           -1          00:41:08          ()
   dmis14_642811270_0        dmis14        dmis08        718000              -1           -1          00:41:10          ()
   dmis01_642811287_0        dmis01        dmis09        735000              -1           -1          00:41:27          ()
   dmis20_642811292_0        dmis20        dmis09        740000              -1           -1          00:41:32          ()
   dmis09_642811292_0        dmis09        dmis14        740000              -1           -1          00:41:32          ()
   dmis12_642811295_0        dmis12        dmis20        743000              -1           -1          00:41:35          ()
   dmis12_642811299_0        dmis12        dmis14        747000              -1           -1          00:41:39          ()
   dmis18_642811299_0        dmis18        dmis12        747000              -1           -1          00:41:39          ()
   dmis09_642811307_0        dmis09        dmis18        755000              -1           -1          00:41:47          ()
   dmis08_642811310_0        dmis08        dmis09        758000              -1           -1          00:41:50          ()
   dmis18_642811317_0        dmis18        dmis01        765000              -1           -1          00:41:57          ()
   dmis13_642811318_0        dmis13        dmis12        766000              -1           -1          00:41:58          ()
   dmis09_642811321_0        dmis09        dmis01        769000              -1           -1          00:42:01          ()
   dmis17_642811322_0        dmis17        dmis18        770000              -1           -1          00:42:02          ()
   dmis13_642811324_0        dmis13        dmis20        772000              -1           -1          00:42:04          ()
   dmis20_642811335_0        dmis20        dmis12        783000              -1           -1          00:42:15          ()
   dmis05_642811338_0        dmis05        dmis18        786000              -1           -1          00:42:18          ()
   dmis17_642811341_0        dmis17        dmis18        789000              -1           -1          00:42:21          ()
   dmis13_642811344_0        dmis13        dmis18        792000              -1           -1          00:42:24          ()
   dmis01_642811345_0        dmis01        dmis18        793000              -1           -1          00:42:25          ()
   dmis20_642811345_1        dmis20        dmis08        793000              -1           -1          00:42:25          ()
   dmis20_642811345_0        dmis20        dmis08        793000              -1           -1          00:42:25          ()
   dmis01_642811346_0        dmis01        dmis14        794000              -1           -1          00:42:26          ()
   dmis05_642811348_0        dmis05        dmis01        796000              -1           -1          00:42:28          ()
   dmis13_642811355_0        dmis13        dmis20        803000              -1           -1          00:42:35          ()
   dmis08_642811360_0        dmis08        dmis14        808000              -1           -1          00:42:40          ()
   dmis13_642811374_0        dmis13        dmis09        822000              -1           -1          00:42:54          ()
   dmis20_642811375_0        dmis20        dmis14        823000              -1           -1          00:42:55          ()
   dmis17_642811381_0        dmis17        dmis09        829000              -1           -1          00:43:01          ()
   dmis12_642811382_0        dmis12        dmis17        830000              -1           -1          00:43:02          ()
   dmis17_642811400_0        dmis17        dmis08        848000              -1           -1          00:43:20          ()
   dmis18_642811402_0        dmis18        dmis12        850000              -1           -1          00:43:22          ()
   dmis20_642811403_0        dmis20        dmis05        851000              -1           -1          00:43:23          ()
   dmis17_642811405_0        dmis17        dmis18        853000              -1           -1          00:43:25          ()
   dmis08_642811408_0        dmis08        dmis09        856000              -1           -1          00:43:28          ()
   dmis18_642811423_0        dmis18        dmis17        871000              -1           -1          00:43:43          ()
   dmis14_642811426_0        dmis14        dmis20        874000              -1           -1          00:43:46          ()
   dmis01_642811430_0        dmis01        dmis08        878000              -1           -1          00:43:50          ()
   dmis17_642811430_0        dmis17        dmis01        879000              -1           -1          00:43:51          ()
   dmis08_642811434_0        dmis08        dmis14        882000              -1           -1          00:43:54          ()
   dmis13_642811436_0        dmis13        dmis20        884000              -1           -1          00:43:56          ()
   dmis18_642811444_0        dmis18        dmis12        892000              -1           -1          00:44:04          ()
   dmis17_642811448_0        dmis17        dmis08        896000              -1           -1          00:44:08          ()
   dmis17_642811453_0        dmis17        dmis14        901000              -1           -1          00:44:13          ()
   dmis05_642811458_0        dmis05        dmis20        906000              -1           -1          00:44:18          ()
   dmis05_642811459_0        dmis05        dmis18        907000              -1           -1          00:44:19          ()
   dmis08_642811462_0        dmis08        dmis18        910000              -1           -1          00:44:22          ()
   dmis17_642811463_0        dmis17        dmis12        911000              -1           -1          00:44:23          ()
   dmis14_642811469_0        dmis14        dmis01        917000              -1           -1          00:44:29          ()
   dmis14_642811472_0        dmis14        dmis08        920000              -1           -1          00:44:32          ()
   dmis01_642811477_0        dmis01        dmis12        925000              -1           -1          00:44:37          ()
   dmis17_642811478_0        dmis17        dmis01        926000              -1           -1          00:44:38          ()
   dmis12_642811479_0        dmis12        dmis13        927000              -1           -1          00:44:39          ()
   dmis18_642811479_0        dmis18        dmis09        927000              -1           -1          00:44:39          ()
   dmis17_642811480_0        dmis17        dmis13        928000              -1           -1          00:44:40          ()
   dmis20_642811480_0        dmis20        dmis09        928000              -1           -1          00:44:40          ()
   dmis20_642811481_0        dmis20        dmis17        929000              -1           -1          00:44:41          ()
   dmis08_642811488_0        dmis08        dmis17        936000              -1           -1          00:44:48          ()
   dmis01_642811489_0        dmis01        dmis05        937000              -1           -1          00:44:49          ()
   dmis08_642811491_0        dmis08        dmis12        939000              -1           -1          00:44:51          ()
   dmis08_642811506_0        dmis08        dmis14        954000              -1           -1          00:45:06          ()
   dmis09_642811512_0        dmis09        dmis13        960000              -1           -1          00:45:12          ()
   dmis12_642811512_0        dmis12        dmis13        960000              -1           -1          00:45:12          ()
   dmis08_642811514_0        dmis08        dmis12        962000              -1           -1          00:45:14          ()
   dmis12_642811518_0        dmis12        dmis09        966000              -1           -1          00:45:18          ()
   dmis20_642811519_0        dmis20        dmis13        967000              -1           -1          00:45:19          ()
   dmis05_642811521_0        dmis05        dmis17        969000              -1           -1          00:45:21          ()
   dmis01_642811523_0        dmis01        dmis12        971000              -1           -1          00:45:23          ()
   dmis08_642811527_0        dmis08        dmis05        975000              -1           -1          00:45:27          ()
   dmis13_642811528_0        dmis13        dmis14        976000              -1           -1          00:45:28          ()
   dmis18_642811532_0        dmis18        dmis09        980000              -1           -1          00:45:32          ()
   dmis09_642811533_0        dmis09        dmis18        981000              -1           -1          00:45:33          ()
   dmis17_642811548_0        dmis17        dmis08        996000              -1           -1          00:45:48          ()
   dmis17_642811549_0        dmis17        dmis12        997000              -1           -1          00:45:49          ()
   dmis01_642811550_1        dmis01        dmis08        998000              -1           -1          00:45:50          ()
   dmis01_642811550_0        dmis01        dmis17        998000              -1           -1          00:45:50          ()
   dmis09_642811551_0        dmis09        dmis01        999000              -1           -1          00:45:51          ()
   dmis01_642811553_0        dmis01        dmis13       1001000              -1           -1          00:45:53          ()
   dmis12_642811554_0        dmis12        dmis01       1002000              -1           -1          00:45:54          ()
   dmis14_642811558_0        dmis14        dmis20       1006000              -1           -1          00:45:58          ()
   dmis05_642811561_0        dmis05        dmis18       1009000              -1           -1          00:46:01          ()
   dmis01_642811565_0        dmis01        dmis20       1013000              -1           -1          00:46:05          ()
   dmis05_642811570_0        dmis05        dmis08       1018000              -1           -1          00:46:10          ()
   dmis08_642811570_0        dmis08        dmis01       1018000              -1           -1          00:46:10          ()
   dmis14_642811576_0        dmis14        dmis12       1024000              -1           -1          00:46:16          ()
   dmis20_642811577_0        dmis20        dmis09       1025000              -1           -1          00:46:17          ()
   dmis13_642811579_0        dmis13        dmis08       1027000              -1           -1          00:46:19          ()
   dmis09_642811579_0        dmis09        dmis14       1027000              -1           -1          00:46:19          ()
   dmis18_642811580_0        dmis18        dmis12       1028000              -1           -1          00:46:20          ()
   dmis05_642811590_0        dmis05        dmis09       1038000              -1           -1          00:46:30          ()
   dmis12_642811597_0        dmis12        dmis14       1045000              -1           -1          00:46:37          ()
   dmis17_642811598_0        dmis17        dmis12       1046000              -1           -1          00:46:38          ()
   dmis17_642811599_0        dmis17        dmis20       1047000              -1           -1          00:46:39          ()
   dmis17_642811601_0        dmis17        dmis01       1049000              -1           -1          00:46:41          ()
   dmis05_642811610_0        dmis05        dmis18       1058000              -1           -1          00:46:50          ()
   dmis18_642811613_0        dmis18        dmis12       1061000              -1           -1          00:46:53          ()
   dmis08_642811616_0        dmis08        dmis17       1064000              -1           -1          00:46:56          ()
   dmis14_642811619_0        dmis14        dmis12       1067000              -1           -1          00:46:59          ()
   dmis18_642811625_0        dmis18        dmis14       1073000              -1           -1          00:47:05          ()
   dmis12_642811633_0        dmis12        dmis18       1081000              -1           -1          00:47:13          ()
   dmis01_642811636_0        dmis01        dmis20       1084000              -1           -1          00:47:16          ()
   dmis01_642811637_0        dmis01        dmis17       1085000              -1           -1          00:47:17          ()
   dmis20_642811638_0        dmis20        dmis18       1086000              -1           -1          00:47:18          ()
   dmis09_642811643_0        dmis09        dmis17       1091000              -1           -1          00:47:23          ()
   dmis13_642811644_0        dmis13        dmis20       1092000              -1           -1          00:47:24          ()
   dmis01_642811648_0        dmis01        dmis17       1096000              -1           -1          00:47:28          ()
   dmis18_642811653_0        dmis18        dmis14       1101000              -1           -1          00:47:33          ()
   dmis12_642811657_0        dmis12        dmis20       1105000              -1           -1          00:47:37          ()
   dmis13_642811664_0        dmis13        dmis20       1112000              -1           -1          00:47:44          ()
   dmis09_642811665_0        dmis09        dmis05       1113000              -1           -1          00:47:45          ()
   dmis05_642811667_0        dmis05        dmis08       1115000              -1           -1          00:47:47          ()
   dmis05_642811672_0        dmis05        dmis20       1120000              -1           -1          00:47:52          ()
   dmis05_642811676_0        dmis05        dmis14       1124000              -1           -1          00:47:56          ()
   dmis18_642811679_0        dmis18        dmis20       1127000              -1           -1          00:47:59          ()
   dmis08_642811679_0        dmis08        dmis20       1127000              -1           -1          00:47:59          ()
   dmis20_642811681_0        dmis20        dmis18       1129000              -1           -1          00:48:01          ()
   dmis13_642811684_0        dmis13        dmis20       1132000              -1           -1          00:48:04          ()
   dmis09_642811685_0        dmis09        dmis20       1133000              -1           -1          00:48:05          ()
   dmis18_642811691_0        dmis18        dmis01       1139000              -1           -1          00:48:11          ()
   dmis18_642811692_0        dmis18        dmis20       1140000              -1           -1          00:48:12          ()
   dmis20_642811693_0        dmis20        dmis01       1141000              -1           -1          00:48:13          ()
   dmis17_642811695_0        dmis17        dmis08       1143000              -1           -1          00:48:15          ()
   dmis05_642811697_0        dmis05        dmis13       1145000              -1           -1          00:48:17          ()
   dmis20_642811697_0        dmis20        dmis09       1145000              -1           -1          00:48:17          ()
   dmis01_642811706_0        dmis01        dmis08       1154000              -1           -1          00:48:26          ()
   dmis13_642811713_0        dmis13        dmis05       1161000              -1           -1          00:48:33          ()
   dmis08_642811715_0        dmis08        dmis13       1163000              -1           -1          00:48:35          ()
   dmis14_642811721_0        dmis14        dmis17       1169000              -1           -1          00:48:41          ()
   dmis17_642811723_0        dmis17        dmis20       1171000              -1           -1          00:48:43          ()
   dmis20_642811724_0        dmis20        dmis13       1172000              -1           -1          00:48:44          ()
   dmis09_642811731_0        dmis09        dmis01       1179000              -1           -1          00:48:51          ()
   dmis18_642811732_0        dmis18        dmis09       1180000              -1           -1          00:48:52          ()
   dmis09_642811737_0        dmis09        dmis20       1185000              -1           -1          00:48:57          ()
   dmis12_642811739_0        dmis12        dmis08       1187000              -1           -1          00:48:59          ()
   dmis20_642811740_0        dmis20        dmis12       1188000              -1           -1          00:49:00          ()
   dmis20_642811741_0        dmis20        dmis17       1189000              -1           -1          00:49:01          ()
   dmis17_642811742_0        dmis17        dmis01       1190000              -1           -1          00:49:02          ()
   dmis12_642811743_0        dmis12        dmis13       1191000              -1           -1          00:49:03          ()
   dmis18_642811747_0        dmis18        dmis08       1195000              -1           -1          00:49:07          ()
   dmis12_642811748_0        dmis12        dmis05       1196000              -1           -1          00:49:08          ()
   dmis13_642811753_0        dmis13        dmis20       1201000              -1           -1          00:49:13          ()
   dmis01_642811757_0        dmis01        dmis14       1205000              -1           -1          00:49:17          ()
   dmis17_642811757_0        dmis17        dmis18       1205000              -1           -1          00:49:17          ()
   dmis01_642811761_0        dmis01        dmis13       1209000              -1           -1          00:49:21          ()
   dmis13_642811765_0        dmis13        dmis12       1213000              -1           -1          00:49:25          ()
   dmis18_642811767_1        dmis18        dmis12       1215000              -1           -1          00:49:27          ()
   dmis18_642811767_0        dmis18        dmis20       1215000              -1           -1          00:49:27          ()
   dmis08_642811768_0        dmis08        dmis01       1216000              -1           -1          00:49:28          ()
   dmis20_642811774_0        dmis20        dmis18       1222000              -1           -1          00:49:34          ()
   dmis08_642811775_0        dmis08        dmis14       1223000              -1           -1          00:49:35          ()
   dmis09_642811779_0        dmis09        dmis18       1227000              -1           -1          00:49:39          ()
   dmis20_642811784_0        dmis20        dmis14       1232000              -1           -1          00:49:44          ()
   dmis18_642811786_0        dmis18        dmis05       1234000              -1           -1          00:49:46          ()
   dmis17_642811786_0        dmis17        dmis05       1234000              -1           -1          00:49:46          ()
   dmis01_642811788_0        dmis01        dmis20       1236000              -1           -1          00:49:48          ()
   dmis20_642811788_0        dmis20        dmis12       1236000              -1           -1          00:49:48          ()
   dmis01_642811789_0        dmis01        dmis17       1237000              -1           -1          00:49:49          ()
   dmis01_642811790_0        dmis01        dmis20       1238000              -1           -1          00:49:50          ()
   dmis20_642811791_0        dmis20        dmis12       1239000              -1           -1          00:49:51          ()
   dmis12_642811793_0        dmis12        dmis13       1241000              -1           -1          00:49:53          ()
   dmis13_642811798_0        dmis13        dmis14       1246000              -1           -1          00:49:58          ()
   dmis14_642811801_0        dmis14        dmis09       1249000              -1           -1          00:50:01          ()
   dmis14_642811802_0        dmis14        dmis13       1250000              -1           -1          00:50:02          ()
   dmis13_642811804_0        dmis13        dmis01       1252000              -1           -1          00:50:04          ()
   dmis14_642811808_0        dmis14        dmis17       1256000              -1           -1          00:50:08          ()
   dmis14_642811817_0        dmis14        dmis08       1265000              -1           -1          00:50:17          ()
   dmis13_642811825_0        dmis13        dmis20       1273000              -1           -1          00:50:25          ()
   dmis12_642811829_0        dmis12        dmis14       1277000              -1           -1          00:50:29          ()
   dmis14_642811830_0        dmis14        dmis13       1278000              -1           -1          00:50:30          ()
   dmis18_642811833_0        dmis18        dmis13       1281000              -1           -1          00:50:33          ()
   dmis13_642811835_0        dmis13        dmis01       1283000              -1           -1          00:50:35          ()
   dmis18_642811837_0        dmis18        dmis12       1285000              -1           -1          00:50:37          ()
   dmis20_642811839_0        dmis20        dmis01       1287000              -1           -1          00:50:39          ()
   dmis20_642811842_0        dmis20        dmis09       1290000              -1           -1          00:50:42          ()
   dmis18_642811842_0        dmis18        dmis20       1290000              -1           -1          00:50:42          ()
   dmis01_642811847_0        dmis01        dmis05       1295000              -1           -1          00:50:47          ()
   dmis13_642811848_0        dmis13        dmis12       1296000              -1           -1          00:50:48          ()
   dmis12_642811849_0        dmis12        dmis14       1297000              -1           -1          00:50:49          ()
   dmis12_642811853_0        dmis12        dmis17       1301000              -1           -1          00:50:53          ()
   dmis14_642811856_0        dmis14        dmis05       1304000              -1           -1          00:50:56          ()
   dmis09_642811858_0        dmis09        dmis12       1306000              -1           -1          00:50:58          ()
   dmis12_642811859_0        dmis12        dmis08       1307000              -1           -1          00:50:59          ()
   dmis01_642811872_0        dmis01        dmis13       1320000              -1           -1          00:51:12          ()
   dmis13_642811873_0        dmis13        dmis12       1321000              -1           -1          00:51:13          ()
   dmis18_642811874_0        dmis18        dmis13       1322000              -1           -1          00:51:14          ()
   dmis01_642811875_0        dmis01        dmis13       1323000              -1           -1          00:51:15          ()
   dmis14_642811876_0        dmis14        dmis17       1324000              -1           -1          00:51:16          ()
   dmis18_642811879_0        dmis18        dmis01       1327000              -1           -1          00:51:19          ()
   dmis20_642811882_0        dmis20        dmis05       1330000              -1           -1          00:51:22          ()
   dmis09_642811884_0        dmis09        dmis13       1332000              -1           -1          00:51:24          ()
   dmis20_642811890_0        dmis20        dmis17       1338000              -1           -1          00:51:30          ()
   dmis05_642811895_0        dmis05        dmis17       1343000              -1           -1          00:51:35          ()
   dmis05_642811901_0        dmis05        dmis13       1349000              -1           -1          00:51:41          ()
   dmis09_642811902_0        dmis09        dmis05       1350000              -1           -1          00:51:42          ()
   dmis13_642811905_0        dmis13        dmis20       1353000              -1           -1          00:51:45          ()
   dmis08_642811906_0        dmis08        dmis05       1354000              -1           -1          00:51:46          ()
   dmis05_642811907_0        dmis05        dmis01       1355000              -1           -1          00:51:47          ()
   dmis13_642811907_0        dmis13        dmis20       1355000              -1           -1          00:51:47          ()
   dmis05_642811912_0        dmis05        dmis13       1360000              -1           -1          00:51:52          ()
   dmis12_642811913_0        dmis12        dmis05       1361000              -1           -1          00:51:53          ()
   dmis14_642811918_0        dmis14        dmis05       1366000              -1           -1          00:51:58          ()
   dmis13_642811920_0        dmis13        dmis05       1368000              -1           -1          00:52:00          ()
   dmis17_642811921_0        dmis17        dmis08       1369000              -1           -1          00:52:01          ()
   dmis05_642811922_0        dmis05        dmis14       1370000              -1           -1          00:52:02          ()
   dmis12_642811924_0        dmis12        dmis18       1372000              -1           -1          00:52:04          ()
   dmis20_642811925_0        dmis20        dmis09       1373000              -1           -1          00:52:05          ()
   dmis09_642811926_0        dmis09        dmis05       1374000              -1           -1          00:52:06          ()
   dmis09_642811927_0        dmis09        dmis01       1375000              -1           -1          00:52:07          ()
   dmis12_642811929_0        dmis12        dmis20       1377000              -1           -1          00:52:09          ()
   dmis20_642811933_0        dmis20        dmis18       1381000              -1           -1          00:52:13          ()
   dmis13_642811937_0        dmis13        dmis17       1385000              -1           -1          00:52:17          ()
   dmis01_642811945_0        dmis01        dmis17       1393000              -1           -1          00:52:25          ()
   dmis12_642811946_0        dmis12        dmis13       1394000              -1           -1          00:52:26          ()
   dmis14_642811948_0        dmis14        dmis12       1396000              -1           -1          00:52:28          ()
   dmis14_642811950_0        dmis14        dmis13       1398000              -1           -1          00:52:30          ()
   dmis08_642811953_0        dmis08        dmis05       1401000              -1           -1          00:52:33          ()
   dmis14_642811957_0        dmis14        dmis20       1405000              -1           -1          00:52:37          ()
   dmis14_642811959_0        dmis14        dmis01       1407000              -1           -1          00:52:39          ()
   dmis12_642811963_0        dmis12        dmis08       1411000              -1           -1          00:52:43          ()
   dmis13_642811964_0        dmis13        dmis12       1412000              -1           -1          00:52:44          ()
   dmis12_642811967_0        dmis12        dmis08       1415000              -1           -1          00:52:47          ()
   dmis01_642811968_0        dmis01        dmis05       1416000              -1           -1          00:52:48          ()
   dmis01_642811969_0        dmis01        dmis20       1417000              -1           -1          00:52:49          ()
   dmis12_642811973_0        dmis12        dmis13       1421000              -1           -1          00:52:53          ()
   dmis05_642811981_0        dmis05        dmis12       1429000              -1           -1          00:53:01          ()
   dmis13_642811985_0        dmis13        dmis20       1433000              -1           -1          00:53:05          ()
   dmis08_642811990_0        dmis08        dmis05       1438000              -1           -1          00:53:10          ()
   dmis14_642811991_0        dmis14        dmis13       1439000              -1           -1          00:53:11          ()
   dmis20_642811991_0        dmis20        dmis05       1439000              -1           -1          00:53:11          ()
   dmis14_642811992_0        dmis14        dmis13       1440000              -1           -1          00:53:12          ()
   dmis13_642811999_0        dmis13        dmis20       1447000              -1           -1          00:53:19          ()
   dmis14_642812002_0        dmis14        dmis20       1450000              -1           -1          00:53:22          ()
   dmis20_642812003_0        dmis20        dmis05       1451000              -1           -1          00:53:23          ()
   dmis05_642812004_0        dmis05        dmis13       1452000              -1           -1          00:53:24          ()
   dmis05_642812007_0        dmis05        dmis20       1455000              -1           -1          00:53:27          ()
   dmis20_642812014_0        dmis20        dmis13       1462000              -1           -1          00:53:34          ()
   dmis13_642812022_0        dmis13        dmis20       1470000              -1           -1          00:53:42          ()
   dmis13_642812023_0        dmis13        dmis20       1471000              -1           -1          00:53:43          ()
   dmis20_642812025_0        dmis20        dmis13       1473000              -1           -1          00:53:45          ()
   dmis13_642812027_0        dmis13        dmis20       1475000              -1           -1          00:53:47          ()
   dmis20_642812028_0        dmis20        dmis13       1476000              -1           -1          00:53:48          ()
