[Global]
  start time        : 2020-05-14 23:14:45
  duration (s)      : 984
  active nodes      : 10
  messages sent     : 447 
  messages received : 232 (51%)
  messages lost     : 215 
  rcv duration (s)  : 0, 298, 37 (min, max, avg) 

[Nodes]
---------------------------------------------------------------------------------------------------------
    NodeId    duration (s)   sndEvts   nbRcv/total   minNhb   maxNhb   outCon    inCon   rcvDuration (s)
---------------------------------------------------------------------------------------------------------
     dmis01       898          47         18/39         1        6      12808    12052    (3, 259, 81)
     dmis05       914          43         21/42         1        5      36678    41088    (0, 282, 53)
     dmis08       976          41         30/50         1        5      53871    48878    (0, 194, 22)
     dmis09       958          40         31/42         1        5      31555    27329    (0, 224, 20)
     dmis12       932          51         27/53         1        5      57711    70589    (0, 167, 36)
     dmis13       878          48         17/47         1        5      45143    46262    (1, 298, 65)
     dmis14       891          41         25/42         1        5      52571    53714    (0, 126, 16)
     dmis17       881          37         17/37         1        5      32024    32678    (3, 131, 40)
     dmis18       942          49         23/37         1        5      49506    41001    (0, 228, 48)
     dmis20       857          50         23/58         0        4      48067    46344    (1, 118, 24)

[Messages]
-----------------------------------------------------------------------------------------------------------------------------
        MessageId             src           dst         sndStep         rcvStep     rcvDuration (s)   sndTime     rcvTime
-----------------------------------------------------------------------------------------------------------------------------
   dmis08_642806096_0        dmis08        dmis09         11000           11000            0          23:14:56    23:14:56
   dmis09_642806100_0        dmis09        dmis08         15000           15000            0          23:15:00    23:15:00
   dmis09_642806101_0        dmis09        dmis08         16000           16000            0          23:15:01    23:15:01
   dmis09_642806104_0        dmis09        dmis08         19000           19000            0          23:15:04    23:15:04
   dmis08_642806105_0        dmis08        dmis09         20000           20000            0          23:15:05    23:15:05
   dmis08_642806107_1        dmis08        dmis09         22000           22000            0          23:15:07    23:15:07
   dmis09_642806107_0        dmis09        dmis08         22000           25000            3          23:15:07    23:15:10
   dmis08_642806107_0        dmis08        dmis09         22000           22000            0          23:15:07    23:15:07
   dmis05_642806113_0        dmis05        dmis09         28000           58000           30          23:15:13    23:15:43
   dmis09_642806114_0        dmis09        dmis18         29000              -1           -1          23:15:14          ()
   dmis08_642806119_0        dmis08        dmis18         34000           44000           10          23:15:19    23:15:29
   dmis05_642806120_0        dmis05        dmis18         35000           94000           59          23:15:20    23:16:19
   dmis12_642806121_0        dmis12        dmis08         36000           36000            0          23:15:21    23:15:21
   dmis12_642806125_0        dmis12        dmis18         40000           44000            4          23:15:25    23:15:29
   dmis18_642806138_0        dmis18        dmis05         53000          103000           50          23:15:38    23:16:28
   dmis12_642806149_0        dmis12        dmis08         64000          105000           41          23:15:49    23:16:30
   dmis12_642806150_0        dmis12        dmis08         65000          105000           40          23:15:50    23:16:30
   dmis09_642806150_0        dmis09        dmis05         65000          142000           77          23:15:50    23:17:07
   dmis08_642806152_0        dmis08        dmis09         67000           68000            1          23:15:52    23:15:53
   dmis05_642806156_0        dmis05        dmis09         71000          108000           37          23:15:56    23:16:33
   dmis18_642806161_0        dmis18        dmis12         76000          124000           48          23:16:01    23:16:49
   dmis18_642806175_0        dmis18        dmis05         90000          103000           13          23:16:15    23:16:28
   dmis01_642806180_0        dmis01        dmis08         95000          125000           30          23:16:20    23:16:50
   dmis14_642806181_0        dmis14        dmis01         96000          103000            7          23:16:21    23:16:28
   dmis12_642806182_0        dmis12        dmis18         97000          124000           27          23:16:22    23:16:49
   dmis20_642806183_0        dmis20        dmis13         98000          129000           31          23:16:23    23:16:54
   dmis14_642806192_0        dmis14        dmis12        107000          127000           20          23:16:32    23:16:52
   dmis09_642806193_0        dmis09        dmis14        108000          126000           18          23:16:33    23:16:51
   dmis14_642806197_0        dmis14        dmis17        112000          133000           21          23:16:37    23:16:58
   dmis09_642806208_0        dmis09        dmis14        123000          126000            3          23:16:48    23:16:51
   dmis17_642806212_0        dmis17        dmis05        127000          142000           15          23:16:52    23:17:07
   dmis14_642806213_0        dmis14        dmis09        128000          128000            0          23:16:53    23:16:53
   dmis05_642806223_0        dmis05        dmis18        138000          145000            7          23:17:03    23:17:10
   dmis12_642806224_0        dmis12        dmis14        139000          156000           17          23:17:04    23:17:21
   dmis13_642806230_0        dmis13        dmis20        145000          147000            2          23:17:10    23:17:12
   dmis18_642806232_0        dmis18        dmis20        147000          149000            2          23:17:12    23:17:14
   dmis14_642806237_0        dmis14        dmis09        152000          152000            0          23:17:17    23:17:17
   dmis17_642806240_0        dmis17        dmis08        155000          160000            5          23:17:20    23:17:25
   dmis09_642806242_0        dmis09        dmis14        157000          157000            0          23:17:22    23:17:22
   dmis08_642806244_0        dmis08        dmis12        159000          159000            0          23:17:24    23:17:24
   dmis01_642806256_0        dmis01        dmis05        171000          173000            2          23:17:36    23:17:38
   dmis08_642806256_0        dmis08        dmis12        171000          175000            4          23:17:36    23:17:40
   dmis08_642806257_0        dmis08        dmis20        172000          177000            5          23:17:37    23:17:42
   dmis05_642806258_0        dmis05        dmis20        173000          177000            4          23:17:38    23:17:42
   dmis09_642806259_0        dmis09        dmis05        174000          213000           39          23:17:39    23:18:18
   dmis17_642806259_0        dmis17        dmis14        174000          186000           12          23:17:39    23:17:51
   dmis14_642806266_0        dmis14        dmis05        181000          213000           32          23:17:46    23:18:18
   dmis09_642806266_0        dmis09        dmis20        181000          197000           16          23:17:46    23:18:02
   dmis08_642806277_0        dmis08        dmis17        192000          253000           61          23:17:57    23:18:58
   dmis01_642806281_0        dmis01        dmis08        196000          245000           49          23:18:01    23:18:50
   dmis12_642806284_0        dmis12        dmis14        199000          206000            7          23:18:04    23:18:11
   dmis20_642806284_0        dmis20        dmis17        199000          203000            4          23:18:04    23:18:08
   dmis18_642806290_0        dmis18        dmis14        205000          206000            1          23:18:10    23:18:11
   dmis14_642806291_0        dmis14        dmis20        206000          207000            1          23:18:11    23:18:12
   dmis20_642806294_0        dmis20        dmis13        209000              -1           -1          23:18:14          ()
   dmis09_642806295_0        dmis09        dmis05        210000          213000            3          23:18:15    23:18:18
   dmis20_642806302_0        dmis20        dmis05        217000          243000           26          23:18:22    23:18:48
   dmis01_642806306_0        dmis01        dmis13        221000              -1           -1          23:18:26          ()
   dmis17_642806306_0        dmis17        dmis18        221000          255000           34          23:18:26    23:19:00
   dmis05_642806306_0        dmis05        dmis01        221000          273000           52          23:18:26    23:19:18
   dmis14_642806312_0        dmis14        dmis01        227000              -1           -1          23:18:32          ()
   dmis05_642806317_0        dmis05        dmis08        232000          246000           14          23:18:37    23:18:51
   dmis14_642806324_0        dmis14        dmis08        239000              -1           -1          23:18:44          ()
   dmis09_642806324_0        dmis09        dmis05        239000          313000           74          23:18:44    23:19:58
   dmis13_642806326_0        dmis13        dmis17        241000          250000            9          23:18:46    23:18:55
   dmis17_642806330_0        dmis17        dmis08        245000          255000           10          23:18:50    23:19:00
   dmis08_642806342_0        dmis08        dmis01        257000          273000           16          23:19:02    23:19:18
   dmis18_642806344_0        dmis18        dmis09        259000          309000           50          23:19:04    23:19:54
   dmis09_642806347_0        dmis09        dmis17        262000          310000           48          23:19:07    23:19:55
   dmis18_642806356_0        dmis18        dmis12        271000          276000            5          23:19:16    23:19:21
   dmis13_642806358_0        dmis13        dmis12        273000          278000            5          23:19:18    23:19:23
   dmis18_642806366_0        dmis18        dmis12        281000          315000           34          23:19:26    23:20:00
   dmis17_642806368_0        dmis17        dmis20        283000          287000            4          23:19:28    23:19:32
   dmis18_642806379_0        dmis18        dmis12        294000          315000           21          23:19:39    23:20:00
   dmis17_642806389_0        dmis17        dmis12        304000          315000           11          23:19:49    23:20:00
   dmis14_642806390_0        dmis14        dmis08        305000          306000            1          23:19:50    23:19:51
   dmis18_642806391_0        dmis18        dmis20        306000          307000            1          23:19:51    23:19:52
   dmis13_642806397_0        dmis13        dmis05        312000          313000            1          23:19:57    23:19:58
   dmis12_642806407_0        dmis12        dmis08        322000              -1           -1          23:20:07          ()
   dmis01_642806407_0        dmis01        dmis05        322000          412000           90          23:20:07    23:21:37
   dmis18_642806409_0        dmis18        dmis12        324000          355000           31          23:20:09    23:20:40
   dmis05_642806412_0        dmis05        dmis14        327000          329000            2          23:20:12    23:20:14
   dmis13_642806413_0        dmis13        dmis09        328000          329000            1          23:20:13    23:20:14
   dmis12_642806418_0        dmis12        dmis08        333000          356000           23          23:20:18    23:20:41
   dmis05_642806419_0        dmis05        dmis18        334000          335000            1          23:20:19    23:20:20
   dmis05_642806420_0        dmis05        dmis01        335000          493000          158          23:20:20    23:22:58
   dmis13_642806424_0        dmis13        dmis05        339000          345000            6          23:20:24    23:20:30
   dmis08_642806426_0        dmis08        dmis09        341000          342000            1          23:20:26    23:20:27
   dmis20_642806429_0        dmis20        dmis09        344000          349000            5          23:20:29    23:20:34
   dmis08_642806430_0        dmis08        dmis14        345000          346000            1          23:20:30    23:20:31
   dmis01_642806433_0        dmis01        dmis13        348000          399000           51          23:20:33    23:21:24
   dmis18_642806433_0        dmis18        dmis01        348000              -1           -1          23:20:33          ()
   dmis18_642806438_0        dmis18        dmis13        353000          490000          137          23:20:38    23:22:55
   dmis14_642806442_0        dmis14        dmis20        357000          358000            1          23:20:42    23:20:43
   dmis01_642806444_0        dmis01        dmis12        359000          455000           96          23:20:44    23:22:20
   dmis05_642806450_0        dmis05        dmis12        365000          455000           90          23:20:50    23:22:20
   dmis17_642806451_0        dmis17        dmis13        366000          409000           43          23:20:51    23:21:34
   dmis18_642806458_0        dmis18        dmis01        373000          493000          120          23:20:58    23:22:58
   dmis18_642806460_0        dmis18        dmis13        375000          489000          114          23:21:00    23:22:54
   dmis08_642806463_0        dmis08        dmis17        378000          400000           22          23:21:03    23:21:25
   dmis08_642806464_0        dmis08        dmis17        379000          400000           21          23:21:04    23:21:25
   dmis01_642806466_0        dmis01        dmis20        381000          499000          118          23:21:06    23:23:04
   dmis08_642806471_0        dmis08        dmis05        386000          425000           39          23:21:11    23:21:50
   dmis20_642806474_0        dmis20        dmis17        389000          520000          131          23:21:14    23:23:25
   dmis05_642806477_0        dmis05        dmis13        392000          489000           97          23:21:17    23:22:54
   dmis05_642806488_0        dmis05        dmis13        403000          489000           86          23:21:28    23:22:54
   dmis20_642806490_0        dmis20        dmis12        405000          455000           50          23:21:30    23:22:20
   dmis01_642806491_0        dmis01        dmis09        406000          499000           93          23:21:31    23:23:04
   dmis12_642806498_0        dmis12        dmis08        413000          459000           46          23:21:38    23:22:24
   dmis14_642806500_0        dmis14        dmis17        415000          520000          105          23:21:40    23:23:25
   dmis12_642806510_0        dmis12        dmis14        425000          426000            1          23:21:50    23:21:51
   dmis09_642806511_0        dmis09        dmis08        426000          427000            1          23:21:51    23:21:52
   dmis13_642806515_0        dmis13        dmis01        430000          493000           63          23:21:55    23:22:58
   dmis05_642806516_0        dmis05        dmis09        431000          432000            1          23:21:56    23:21:57
   dmis18_642806521_0        dmis18        dmis05        436000          436000            0          23:22:01    23:22:01
   dmis01_642806523_0        dmis01        dmis12        438000          498000           60          23:22:03    23:23:03
   dmis09_642806525_0        dmis09        dmis08        440000          446000            6          23:22:05    23:22:11
   dmis12_642806526_0        dmis12        dmis18        441000          458000           17          23:22:06    23:22:23
   dmis12_642806528_0        dmis12        dmis08        443000          459000           16          23:22:08    23:22:24
   dmis09_642806530_0        dmis09        dmis14        445000          456000           11          23:22:10    23:22:21
   dmis20_642806531_0        dmis20        dmis17        446000          520000           74          23:22:11    23:23:25
   dmis20_642806532_0        dmis20        dmis14        447000          456000            9          23:22:12    23:22:21
   dmis09_642806536_0        dmis09        dmis14        451000          456000            5          23:22:16    23:22:21
   dmis20_642806547_0        dmis20        dmis08        462000              -1           -1          23:22:27          ()
   dmis12_642806549_0        dmis12        dmis09        464000          469000            5          23:22:29    23:22:34
   dmis05_642806550_0        dmis05        dmis17        465000          520000           55          23:22:30    23:23:25
   dmis12_642806554_0        dmis12        dmis14        469000          470000            1          23:22:34    23:22:35
   dmis13_642806557_0        dmis13        dmis01        472000          493000           21          23:22:37    23:22:58
   dmis18_642806557_0        dmis18        dmis20        472000          473000            1          23:22:37    23:22:38
   dmis08_642806559_0        dmis08        dmis09        474000              -1           -1          23:22:39          ()
   dmis18_642806562_0        dmis18        dmis17        477000              -1           -1          23:22:42          ()
   dmis18_642806571_0        dmis18        dmis17        486000              -1           -1          23:22:51          ()
   dmis05_642806572_0        dmis05        dmis14        487000          489000            2          23:22:52    23:22:54
   dmis20_642806577_0        dmis20        dmis05        492000          493000            1          23:22:57    23:22:58
   dmis01_642806579_0        dmis01        dmis20        494000          499000            5          23:22:59    23:23:04
   dmis01_642806581_0        dmis01        dmis13        496000          549000           53          23:23:01    23:23:54
   dmis01_642806584_0        dmis01        dmis12        499000          506000            7          23:23:04    23:23:11
   dmis14_642806587_0        dmis14        dmis20        502000          518000           16          23:23:07    23:23:23
   dmis18_642806588_0        dmis18        dmis12        503000          505000            2          23:23:08    23:23:10
   dmis17_642806589_0        dmis17        dmis01        504000          623000          119          23:23:09    23:25:08
   dmis20_642806592_0        dmis20        dmis13        507000          549000           42          23:23:12    23:23:54
   dmis13_642806594_0        dmis13        dmis01        509000          623000          114          23:23:14    23:25:08
   dmis14_642806595_0        dmis14        dmis01        510000          623000          113          23:23:15    23:25:08
   dmis14_642806596_0        dmis14        dmis08        511000          519000            8          23:23:16    23:23:24
   dmis20_642806598_0        dmis20        dmis14        513000          516000            3          23:23:18    23:23:21
   dmis05_642806599_0        dmis05        dmis13        514000          549000           35          23:23:19    23:23:54
   dmis20_642806601_0        dmis20        dmis09        516000          519000            3          23:23:21    23:23:24
   dmis20_642806606_0        dmis20        dmis09        521000          529000            8          23:23:26    23:23:34
   dmis01_642806607_0        dmis01        dmis14        522000          627000          105          23:23:27    23:25:12
   dmis17_642806608_0        dmis17        dmis09        523000          529000            6          23:23:28    23:23:34
   dmis01_642806612_0        dmis01        dmis08        527000          628000          101          23:23:32    23:25:13
   dmis05_642806613_0        dmis05        dmis12        528000          529000            1          23:23:33    23:23:34
   dmis13_642806614_0        dmis13        dmis20        529000          557000           28          23:23:34    23:24:02
   dmis12_642806622_0        dmis12        dmis09        537000          559000           22          23:23:42    23:24:04
   dmis12_642806624_0        dmis12        dmis18        539000          545000            6          23:23:44    23:23:50
   dmis13_642806626_0        dmis13        dmis17        541000          571000           30          23:23:46    23:24:16
   dmis18_642806627_0        dmis18        dmis12        542000              -1           -1          23:23:47          ()
   dmis14_642806631_0        dmis14        dmis01        546000          623000           77          23:23:51    23:25:08
   dmis08_642806635_0        dmis08        dmis18        550000          557000            7          23:23:55    23:24:02
   dmis12_642806640_0        dmis12        dmis14        555000          558000            3          23:24:00    23:24:03
   dmis01_642806643_0        dmis01        dmis13        558000          630000           72          23:24:03    23:25:15
   dmis05_642806644_0        dmis05        dmis09        559000          569000           10          23:24:04    23:24:14
   dmis13_642806645_0        dmis13        dmis05        560000          567000            7          23:24:05    23:24:12
   dmis09_642806651_0        dmis09        dmis13        566000          570000            4          23:24:11    23:24:15
   dmis13_642806652_0        dmis13        dmis18        567000          795000          228          23:24:12    23:28:00
   dmis20_642806660_0        dmis20        dmis05        575000          793000          218          23:24:20    23:27:58
   dmis12_642806661_0        dmis12        dmis09        576000          579000            3          23:24:21    23:24:24
   dmis05_642806662_0        dmis05        dmis18        577000          577000            0          23:24:22    23:24:22
   dmis12_642806662_0        dmis12        dmis09        577000          579000            2          23:24:22    23:24:24
   dmis13_642806665_0        dmis13        dmis18        580000          795000          215          23:24:25    23:28:00
   dmis18_642806671_0        dmis18        dmis20        586000              -1           -1          23:24:31          ()
   dmis13_642806673_0        dmis13        dmis12        589000          595000            6          23:24:34    23:24:40
   dmis14_642806675_0        dmis14        dmis01        590000              -1           -1          23:24:35          ()
   dmis08_642806675_0        dmis08        dmis09        590000          591000            1          23:24:35    23:24:36
   dmis18_642806683_0        dmis18        dmis12        598000              -1           -1          23:24:43          ()
   dmis17_642806688_0        dmis17        dmis13        603000          604000            1          23:24:48    23:24:49
   dmis01_642806689_0        dmis01        dmis12        604000          628000           24          23:24:49    23:25:13
   dmis01_642806692_0        dmis01        dmis08        607000          628000           21          23:24:52    23:25:13
   dmis17_642806695_0        dmis17        dmis12        610000          615000            5          23:24:55    23:25:00
   dmis12_642806696_0        dmis12        dmis01        611000          623000           12          23:24:56    23:25:08
   dmis12_642806697_0        dmis12        dmis08        612000          616000            4          23:24:57    23:25:01
   dmis14_642806698_0        dmis14        dmis20        613000          717000          104          23:24:58    23:26:42
   dmis17_642806705_0        dmis17        dmis14        620000          627000            7          23:25:05    23:25:12
   dmis09_642806709_0        dmis09        dmis01        624000          883000          259          23:25:09    23:29:28
   dmis13_642806710_0        dmis13        dmis01        625000          628000            3          23:25:10    23:25:13
   dmis08_642806714_0        dmis08        dmis18        629000          795000          166          23:25:14    23:28:00
   dmis18_642806719_0        dmis18        dmis12        634000          801000          167          23:25:19    23:28:06
   dmis17_642806725_0        dmis17        dmis18        640000          794000          154          23:25:25    23:27:59
   dmis12_642806727_0        dmis12        dmis20        642000          717000           75          23:25:27    23:26:42
   dmis18_642806728_0        dmis18        dmis12        643000          801000          158          23:25:28    23:28:06
   dmis17_642806736_0        dmis17        dmis14        651000          657000            6          23:25:36    23:25:42
   dmis08_642806742_0        dmis08        dmis05        657000          793000          136          23:25:42    23:27:58
   dmis12_642806744_0        dmis12        dmis20        659000          717000           58          23:25:44    23:26:42
   dmis01_642806748_0        dmis01        dmis13        663000          961000          298          23:25:48    23:30:46
   dmis12_642806752_0        dmis12        dmis08        667000          668000            1          23:25:52    23:25:53
   dmis13_642806754_0        dmis13        dmis08        669000          676000            7          23:25:54    23:26:01
   dmis08_642806755_0        dmis08        dmis13        670000          671000            1          23:25:55    23:25:56
   dmis20_642806759_0        dmis20        dmis17        674000          721000           47          23:25:59    23:26:46
   dmis09_642806772_0        dmis09        dmis14        687000          696000            9          23:26:12    23:26:21
   dmis01_642806774_0        dmis01        dmis05        689000          971000          282          23:26:14    23:30:56
   dmis09_642806775_0        dmis09        dmis17        690000          710000           20          23:26:15    23:26:35
   dmis01_642806788_0        dmis01        dmis08        703000          897000          194          23:26:28    23:29:42
   dmis13_642806791_0        dmis13        dmis18        706000          795000           89          23:26:31    23:28:00
   dmis05_642806794_0        dmis05        dmis20        709000          798000           89          23:26:34    23:28:03
   dmis20_642806795_0        dmis20        dmis17        710000          721000           11          23:26:35    23:26:46
   dmis05_642806800_0        dmis05        dmis12        715000          800000           85          23:26:40    23:28:05
   dmis12_642806801_0        dmis12        dmis08        716000          720000            4          23:26:41    23:26:45
   dmis14_642806803_0        dmis14        dmis08        718000          721000            3          23:26:43    23:26:46
   dmis01_642806820_0        dmis01        dmis09        735000          959000          224          23:27:00    23:30:44
   dmis20_642806825_0        dmis20        dmis09        740000          741000            1          23:27:05    23:27:06
   dmis09_642806825_0        dmis09        dmis14        740000          746000            6          23:27:05    23:27:11
   dmis12_642806828_0        dmis12        dmis20        743000          748000            5          23:27:08    23:27:13
   dmis18_642806832_0        dmis18        dmis12        747000              -1           -1          23:27:12          ()
   dmis12_642806832_0        dmis12        dmis14        747000              -1           -1          23:27:12          ()
   dmis09_642806840_0        dmis09        dmis18        755000          794000           39          23:27:20    23:27:59
   dmis08_642806843_0        dmis08        dmis09        758000          759000            1          23:27:23    23:27:24
   dmis18_642806850_0        dmis18        dmis01        765000          884000          119          23:27:30    23:29:29
   dmis13_642806851_0        dmis13        dmis12        766000          800000           34          23:27:31    23:28:05
   dmis09_642806854_0        dmis09        dmis01        769000          884000          115          23:27:34    23:29:29
   dmis17_642806855_0        dmis17        dmis18        770000          795000           25          23:27:35    23:28:00
   dmis13_642806857_0        dmis13        dmis20        772000          797000           25          23:27:37    23:28:02
   dmis20_642806868_0        dmis20        dmis12        783000          788000            5          23:27:48    23:27:53
   dmis05_642806871_0        dmis05        dmis18        786000          787000            1          23:27:51    23:27:52
   dmis17_642806874_0        dmis17        dmis18        789000          794000            5          23:27:54    23:27:59
   dmis13_642806877_0        dmis13        dmis18        792000          795000            3          23:27:57    23:28:00
   dmis01_642806878_0        dmis01        dmis18        793000              -1           -1          23:27:58          ()
   dmis20_642806878_0        dmis20        dmis08        793000              -1           -1          23:27:58          ()
   dmis20_642806879_0        dmis20        dmis08        794000              -1           -1          23:27:59          ()
   dmis01_642806879_0        dmis01        dmis14        794000          920000          126          23:27:59    23:30:05
   dmis05_642806881_0        dmis05        dmis01        796000          883000           87          23:28:01    23:29:28
   dmis13_642806888_0        dmis13        dmis20        803000          808000            5          23:28:08    23:28:13
   dmis08_642806893_0        dmis08        dmis14        808000          817000            9          23:28:13    23:28:22
   dmis13_642806907_0        dmis13        dmis09        822000          861000           39          23:28:27    23:29:06
   dmis20_642806908_0        dmis20        dmis14        823000              -1           -1          23:28:28          ()
   dmis17_642806914_0        dmis17        dmis09        829000          861000           32          23:28:34    23:29:06
   dmis12_642806915_0        dmis12        dmis17        830000          854000           24          23:28:35    23:28:59
   dmis17_642806933_0        dmis17        dmis08        848000          869000           21          23:28:53    23:29:14
   dmis18_642806935_0        dmis18        dmis12        850000          856000            6          23:28:55    23:29:01
   dmis20_642806936_0        dmis20        dmis05        851000          854000            3          23:28:56    23:28:59
   dmis17_642806938_0        dmis17        dmis18        853000          856000            3          23:28:58    23:29:01
   dmis08_642806941_0        dmis08        dmis09        856000          871000           15          23:29:01    23:29:16
   dmis18_642806956_0        dmis18        dmis17        871000          874000            3          23:29:16    23:29:19
   dmis14_642806959_0        dmis14        dmis20        874000          879000            5          23:29:19    23:29:24
   dmis01_642806963_0        dmis01        dmis08        878000          897000           19          23:29:23    23:29:42
   dmis17_642806964_0        dmis17        dmis01        879000          884000            5          23:29:24    23:29:29
   dmis08_642806967_0        dmis08        dmis14        882000          920000           38          23:29:27    23:30:05
   dmis13_642806969_0        dmis13        dmis20        884000          888000            4          23:29:29    23:29:33
   dmis18_642806977_0        dmis18        dmis12        892000          897000            5          23:29:37    23:29:42
   dmis17_642806981_0        dmis17        dmis08        896000          899000            3          23:29:41    23:29:44
   dmis17_642806986_0        dmis17        dmis14        901000              -1           -1          23:29:46          ()
   dmis05_642806991_0        dmis05        dmis20        906000              -1           -1          23:29:51          ()
   dmis05_642806992_0        dmis05        dmis18        907000          917000           10          23:29:52    23:30:02
   dmis08_642806995_0        dmis08        dmis18        910000              -1           -1          23:29:55          ()
   dmis17_642806996_0        dmis17        dmis12        911000              -1           -1          23:29:56          ()
   dmis14_642807002_0        dmis14        dmis01        917000              -1           -1          23:30:02          ()
   dmis14_642807005_0        dmis14        dmis08        920000              -1           -1          23:30:05          ()
   dmis01_642807010_0        dmis01        dmis12        925000              -1           -1          23:30:10          ()
   dmis17_642807011_0        dmis17        dmis01        926000              -1           -1          23:30:11          ()
   dmis12_642807012_0        dmis12        dmis13        927000          940000           13          23:30:12    23:30:25
   dmis18_642807012_0        dmis18        dmis09        927000          971000           44          23:30:12    23:30:56
   dmis20_642807013_0        dmis20        dmis09        928000              -1           -1          23:30:13          ()
   dmis17_642807013_0        dmis17        dmis13        928000          961000           33          23:30:13    23:30:46
   dmis20_642807014_0        dmis20        dmis17        929000              -1           -1          23:30:14          ()
   dmis08_642807021_0        dmis08        dmis17        936000              -1           -1          23:30:21          ()
   dmis01_642807022_0        dmis01        dmis05        937000              -1           -1          23:30:22          ()
   dmis08_642807024_0        dmis08        dmis12        939000              -1           -1          23:30:24          ()
   dmis08_642807039_0        dmis08        dmis14        954000              -1           -1          23:30:39          ()
   dmis12_642807045_0        dmis12        dmis13        960000              -1           -1          23:30:45          ()
   dmis09_642807045_0        dmis09        dmis13        960000              -1           -1          23:30:45          ()
   dmis08_642807047_0        dmis08        dmis12        962000              -1           -1          23:30:47          ()
   dmis12_642807051_0        dmis12        dmis09        966000              -1           -1          23:30:51          ()
   dmis20_642807052_0        dmis20        dmis13        967000              -1           -1          23:30:52          ()
   dmis05_642807054_0        dmis05        dmis17        969000              -1           -1          23:30:54          ()
   dmis01_642807056_0        dmis01        dmis12        971000              -1           -1          23:30:56          ()
   dmis08_642807060_0        dmis08        dmis05        975000              -1           -1          23:31:00          ()
   dmis13_642807061_0        dmis13        dmis14        976000              -1           -1          23:31:01          ()
   dmis18_642807065_0        dmis18        dmis09        980000              -1           -1          23:31:05          ()
   dmis09_642807066_0        dmis09        dmis18        981000              -1           -1          23:31:06          ()
   dmis17_642807081_0        dmis17        dmis08        996000              -1           -1          23:31:21          ()
   dmis17_642807082_0        dmis17        dmis12        997000              -1           -1          23:31:22          ()
   dmis01_642807083_1        dmis01        dmis08        998000              -1           -1          23:31:23          ()
   dmis01_642807083_0        dmis01        dmis17        998000              -1           -1          23:31:23          ()
   dmis09_642807084_0        dmis09        dmis01        999000              -1           -1          23:31:24          ()
   dmis01_642807086_0        dmis01        dmis13       1001000              -1           -1          23:31:26          ()
   dmis12_642807087_0        dmis12        dmis01       1002000              -1           -1          23:31:27          ()
   dmis14_642807091_0        dmis14        dmis20       1006000              -1           -1          23:31:31          ()
   dmis05_642807094_0        dmis05        dmis18       1009000              -1           -1          23:31:34          ()
   dmis01_642807098_0        dmis01        dmis20       1013000              -1           -1          23:31:38          ()
   dmis05_642807103_0        dmis05        dmis08       1018000              -1           -1          23:31:43          ()
   dmis08_642807103_0        dmis08        dmis01       1018000              -1           -1          23:31:43          ()
   dmis14_642807109_0        dmis14        dmis12       1024000              -1           -1          23:31:49          ()
   dmis20_642807110_0        dmis20        dmis09       1025000              -1           -1          23:31:50          ()
   dmis13_642807112_0        dmis13        dmis08       1027000              -1           -1          23:31:52          ()
   dmis09_642807112_0        dmis09        dmis14       1027000              -1           -1          23:31:52          ()
   dmis18_642807113_0        dmis18        dmis12       1028000              -1           -1          23:31:53          ()
   dmis05_642807123_0        dmis05        dmis09       1038000              -1           -1          23:32:03          ()
   dmis12_642807130_0        dmis12        dmis14       1045000              -1           -1          23:32:10          ()
   dmis17_642807131_0        dmis17        dmis12       1046000              -1           -1          23:32:11          ()
   dmis17_642807132_0        dmis17        dmis20       1047000              -1           -1          23:32:12          ()
   dmis17_642807134_0        dmis17        dmis01       1049000              -1           -1          23:32:14          ()
   dmis05_642807143_0        dmis05        dmis18       1058000              -1           -1          23:32:23          ()
   dmis18_642807146_0        dmis18        dmis12       1061000              -1           -1          23:32:26          ()
   dmis08_642807149_0        dmis08        dmis17       1064000              -1           -1          23:32:29          ()
   dmis14_642807152_0        dmis14        dmis12       1067000              -1           -1          23:32:32          ()
   dmis18_642807158_0        dmis18        dmis14       1073000              -1           -1          23:32:38          ()
   dmis12_642807166_0        dmis12        dmis18       1081000              -1           -1          23:32:46          ()
   dmis01_642807169_0        dmis01        dmis20       1084000              -1           -1          23:32:49          ()
   dmis01_642807170_0        dmis01        dmis17       1085000              -1           -1          23:32:50          ()
   dmis20_642807171_0        dmis20        dmis18       1086000              -1           -1          23:32:51          ()
   dmis09_642807176_0        dmis09        dmis17       1091000              -1           -1          23:32:56          ()
   dmis13_642807177_0        dmis13        dmis20       1092000              -1           -1          23:32:57          ()
   dmis01_642807181_0        dmis01        dmis17       1096000              -1           -1          23:33:01          ()
   dmis18_642807186_0        dmis18        dmis14       1101000              -1           -1          23:33:06          ()
   dmis12_642807190_0        dmis12        dmis20       1105000              -1           -1          23:33:10          ()
   dmis13_642807197_0        dmis13        dmis20       1112000              -1           -1          23:33:17          ()
   dmis09_642807198_0        dmis09        dmis05       1113000              -1           -1          23:33:18          ()
   dmis05_642807200_0        dmis05        dmis08       1115000              -1           -1          23:33:20          ()
   dmis05_642807205_0        dmis05        dmis20       1120000              -1           -1          23:33:25          ()
   dmis05_642807209_0        dmis05        dmis14       1124000              -1           -1          23:33:29          ()
   dmis18_642807212_0        dmis18        dmis20       1127000              -1           -1          23:33:32          ()
   dmis08_642807212_0        dmis08        dmis20       1127000              -1           -1          23:33:32          ()
   dmis20_642807214_0        dmis20        dmis18       1129000              -1           -1          23:33:34          ()
   dmis13_642807217_0        dmis13        dmis20       1132000              -1           -1          23:33:37          ()
   dmis09_642807218_0        dmis09        dmis20       1133000              -1           -1          23:33:38          ()
   dmis18_642807224_0        dmis18        dmis01       1139000              -1           -1          23:33:44          ()
   dmis18_642807225_0        dmis18        dmis20       1140000              -1           -1          23:33:45          ()
   dmis20_642807226_0        dmis20        dmis01       1141000              -1           -1          23:33:46          ()
   dmis17_642807228_0        dmis17        dmis08       1143000              -1           -1          23:33:48          ()
   dmis20_642807230_0        dmis20        dmis09       1145000              -1           -1          23:33:50          ()
   dmis05_642807231_0        dmis05        dmis13       1146000              -1           -1          23:33:51          ()
   dmis01_642807239_0        dmis01        dmis08       1154000              -1           -1          23:33:59          ()
   dmis13_642807247_0        dmis13        dmis05       1162000              -1           -1          23:34:07          ()
   dmis08_642807248_0        dmis08        dmis13       1163000              -1           -1          23:34:08          ()
   dmis14_642807254_0        dmis14        dmis17       1169000              -1           -1          23:34:14          ()
   dmis17_642807256_0        dmis17        dmis20       1171000              -1           -1          23:34:16          ()
   dmis20_642807257_0        dmis20        dmis13       1172000              -1           -1          23:34:17          ()
   dmis09_642807264_0        dmis09        dmis01       1179000              -1           -1          23:34:24          ()
   dmis18_642807265_0        dmis18        dmis09       1180000              -1           -1          23:34:25          ()
   dmis09_642807270_0        dmis09        dmis20       1185000              -1           -1          23:34:30          ()
   dmis12_642807272_0        dmis12        dmis08       1187000              -1           -1          23:34:32          ()
   dmis20_642807273_0        dmis20        dmis12       1188000              -1           -1          23:34:33          ()
   dmis20_642807274_0        dmis20        dmis17       1189000              -1           -1          23:34:34          ()
   dmis17_642807275_0        dmis17        dmis01       1190000              -1           -1          23:34:35          ()
   dmis12_642807276_0        dmis12        dmis13       1191000              -1           -1          23:34:36          ()
   dmis18_642807280_0        dmis18        dmis08       1195000              -1           -1          23:34:40          ()
   dmis12_642807281_0        dmis12        dmis05       1196000              -1           -1          23:34:41          ()
   dmis13_642807286_0        dmis13        dmis20       1201000              -1           -1          23:34:46          ()
   dmis01_642807290_0        dmis01        dmis14       1205000              -1           -1          23:34:50          ()
   dmis17_642807291_0        dmis17        dmis18       1206000              -1           -1          23:34:51          ()
   dmis01_642807294_0        dmis01        dmis13       1209000              -1           -1          23:34:54          ()
   dmis13_642807298_0        dmis13        dmis12       1213000              -1           -1          23:34:58          ()
   dmis18_642807300_0        dmis18        dmis20       1215000              -1           -1          23:35:00          ()
   dmis18_642807300_1        dmis18        dmis12       1215000              -1           -1          23:35:00          ()
   dmis08_642807301_0        dmis08        dmis01       1216000              -1           -1          23:35:01          ()
   dmis20_642807307_0        dmis20        dmis18       1222000              -1           -1          23:35:07          ()
   dmis08_642807308_0        dmis08        dmis14       1223000              -1           -1          23:35:08          ()
   dmis09_642807312_0        dmis09        dmis18       1227000              -1           -1          23:35:12          ()
   dmis20_642807317_0        dmis20        dmis14       1232000              -1           -1          23:35:17          ()
   dmis18_642807319_0        dmis18        dmis05       1234000              -1           -1          23:35:19          ()
   dmis17_642807319_0        dmis17        dmis05       1234000              -1           -1          23:35:19          ()
   dmis20_642807321_0        dmis20        dmis12       1236000              -1           -1          23:35:21          ()
   dmis01_642807321_0        dmis01        dmis20       1236000              -1           -1          23:35:21          ()
   dmis01_642807322_0        dmis01        dmis17       1237000              -1           -1          23:35:22          ()
   dmis01_642807323_0        dmis01        dmis20       1238000              -1           -1          23:35:23          ()
   dmis20_642807324_0        dmis20        dmis12       1239000              -1           -1          23:35:24          ()
   dmis12_642807326_0        dmis12        dmis13       1241000              -1           -1          23:35:26          ()
   dmis13_642807331_0        dmis13        dmis14       1246000              -1           -1          23:35:31          ()
   dmis14_642807334_0        dmis14        dmis09       1249000              -1           -1          23:35:34          ()
   dmis14_642807335_0        dmis14        dmis13       1250000              -1           -1          23:35:35          ()
   dmis13_642807337_0        dmis13        dmis01       1252000              -1           -1          23:35:37          ()
   dmis14_642807341_0        dmis14        dmis17       1256000              -1           -1          23:35:41          ()
   dmis14_642807350_0        dmis14        dmis08       1265000              -1           -1          23:35:50          ()
   dmis13_642807358_0        dmis13        dmis20       1273000              -1           -1          23:35:58          ()
   dmis12_642807362_0        dmis12        dmis14       1277000              -1           -1          23:36:02          ()
   dmis14_642807363_0        dmis14        dmis13       1278000              -1           -1          23:36:03          ()
   dmis18_642807366_0        dmis18        dmis13       1281000              -1           -1          23:36:06          ()
   dmis13_642807368_0        dmis13        dmis01       1283000              -1           -1          23:36:08          ()
   dmis18_642807370_0        dmis18        dmis12       1285000              -1           -1          23:36:10          ()
   dmis20_642807372_0        dmis20        dmis01       1287000              -1           -1          23:36:12          ()
   dmis20_642807375_0        dmis20        dmis09       1290000              -1           -1          23:36:15          ()
   dmis18_642807375_0        dmis18        dmis20       1290000              -1           -1          23:36:15          ()
   dmis01_642807380_0        dmis01        dmis05       1295000              -1           -1          23:36:20          ()
   dmis13_642807381_0        dmis13        dmis12       1296000              -1           -1          23:36:21          ()
   dmis12_642807382_0        dmis12        dmis14       1297000              -1           -1          23:36:22          ()
   dmis12_642807386_0        dmis12        dmis17       1301000              -1           -1          23:36:26          ()
   dmis14_642807389_0        dmis14        dmis05       1304000              -1           -1          23:36:29          ()
   dmis09_642807391_0        dmis09        dmis12       1306000              -1           -1          23:36:31          ()
   dmis12_642807392_0        dmis12        dmis08       1307000              -1           -1          23:36:32          ()
   dmis01_642807405_0        dmis01        dmis13       1320000              -1           -1          23:36:45          ()
   dmis13_642807406_0        dmis13        dmis12       1321000              -1           -1          23:36:46          ()
   dmis18_642807407_0        dmis18        dmis13       1322000              -1           -1          23:36:47          ()
   dmis01_642807408_0        dmis01        dmis13       1323000              -1           -1          23:36:48          ()
   dmis14_642807409_0        dmis14        dmis17       1324000              -1           -1          23:36:49          ()
   dmis18_642807412_0        dmis18        dmis01       1327000              -1           -1          23:36:52          ()
   dmis20_642807415_0        dmis20        dmis05       1330000              -1           -1          23:36:55          ()
   dmis09_642807417_0        dmis09        dmis13       1332000              -1           -1          23:36:57          ()
   dmis20_642807423_0        dmis20        dmis17       1338000              -1           -1          23:37:03          ()
   dmis05_642807428_0        dmis05        dmis17       1343000              -1           -1          23:37:08          ()
   dmis05_642807434_0        dmis05        dmis13       1349000              -1           -1          23:37:14          ()
   dmis09_642807435_0        dmis09        dmis05       1350000              -1           -1          23:37:15          ()
   dmis13_642807438_0        dmis13        dmis20       1353000              -1           -1          23:37:18          ()
   dmis08_642807439_0        dmis08        dmis05       1354000              -1           -1          23:37:19          ()
   dmis13_642807440_0        dmis13        dmis20       1355000              -1           -1          23:37:20          ()
   dmis05_642807440_0        dmis05        dmis01       1355000              -1           -1          23:37:20          ()
   dmis05_642807445_0        dmis05        dmis13       1360000              -1           -1          23:37:25          ()
   dmis12_642807446_0        dmis12        dmis05       1361000              -1           -1          23:37:26          ()
   dmis14_642807451_0        dmis14        dmis05       1366000              -1           -1          23:37:31          ()
   dmis13_642807453_0        dmis13        dmis05       1368000              -1           -1          23:37:33          ()
   dmis17_642807454_0        dmis17        dmis08       1369000              -1           -1          23:37:34          ()
   dmis05_642807455_0        dmis05        dmis14       1370000              -1           -1          23:37:35          ()
   dmis12_642807457_0        dmis12        dmis18       1372000              -1           -1          23:37:37          ()
   dmis20_642807458_0        dmis20        dmis09       1373000              -1           -1          23:37:38          ()
   dmis09_642807459_0        dmis09        dmis05       1374000              -1           -1          23:37:39          ()
   dmis09_642807460_0        dmis09        dmis01       1375000              -1           -1          23:37:40          ()
   dmis12_642807462_0        dmis12        dmis20       1377000              -1           -1          23:37:42          ()
   dmis20_642807466_0        dmis20        dmis18       1381000              -1           -1          23:37:46          ()
   dmis13_642807470_0        dmis13        dmis17       1385000              -1           -1          23:37:50          ()
   dmis01_642807478_0        dmis01        dmis17       1393000              -1           -1          23:37:58          ()
   dmis12_642807479_0        dmis12        dmis13       1394000              -1           -1          23:37:59          ()
   dmis14_642807481_0        dmis14        dmis12       1396000              -1           -1          23:38:01          ()
   dmis14_642807483_0        dmis14        dmis13       1398000              -1           -1          23:38:03          ()
   dmis08_642807486_0        dmis08        dmis05       1401000              -1           -1          23:38:06          ()
   dmis14_642807490_0        dmis14        dmis20       1405000              -1           -1          23:38:10          ()
   dmis14_642807492_0        dmis14        dmis01       1407000              -1           -1          23:38:12          ()
   dmis12_642807496_0        dmis12        dmis08       1411000              -1           -1          23:38:16          ()
   dmis13_642807497_0        dmis13        dmis12       1412000              -1           -1          23:38:17          ()
   dmis12_642807500_0        dmis12        dmis08       1415000              -1           -1          23:38:20          ()
   dmis01_642807501_0        dmis01        dmis05       1416000              -1           -1          23:38:21          ()
   dmis01_642807502_0        dmis01        dmis20       1417000              -1           -1          23:38:22          ()
   dmis12_642807506_0        dmis12        dmis13       1421000              -1           -1          23:38:26          ()
   dmis05_642807514_0        dmis05        dmis12       1429000              -1           -1          23:38:34          ()
   dmis13_642807518_0        dmis13        dmis20       1433000              -1           -1          23:38:38          ()
   dmis08_642807523_0        dmis08        dmis05       1438000              -1           -1          23:38:43          ()
   dmis20_642807524_0        dmis20        dmis05       1439000              -1           -1          23:38:44          ()
   dmis14_642807524_0        dmis14        dmis13       1439000              -1           -1          23:38:44          ()
   dmis14_642807525_0        dmis14        dmis13       1440000              -1           -1          23:38:45          ()
   dmis13_642807532_0        dmis13        dmis20       1447000              -1           -1          23:38:52          ()
   dmis14_642807535_0        dmis14        dmis20       1450000              -1           -1          23:38:55          ()
   dmis20_642807536_0        dmis20        dmis05       1451000              -1           -1          23:38:56          ()
   dmis05_642807537_0        dmis05        dmis13       1452000              -1           -1          23:38:57          ()
   dmis05_642807540_0        dmis05        dmis20       1455000              -1           -1          23:39:00          ()
   dmis20_642807547_0        dmis20        dmis13       1462000              -1           -1          23:39:07          ()
   dmis13_642807555_0        dmis13        dmis20       1470000              -1           -1          23:39:15          ()
   dmis13_642807556_0        dmis13        dmis20       1471000              -1           -1          23:39:16          ()
   dmis20_642807558_0        dmis20        dmis13       1473000              -1           -1          23:39:18          ()
   dmis13_642807560_0        dmis13        dmis20       1475000              -1           -1          23:39:20          ()
   dmis20_642807561_0        dmis20        dmis13       1476000              -1           -1          23:39:21          ()
