[Global]
  start time        : 2020-05-24 02:10:26
  duration (s)      : 1581
  active nodes      : 10
  messages sent     : 447 
  messages received : 442 (98%)
  messages lost     : 5 
  rcv duration (s)  : 0, 267, 25 (min, max, avg) 

[Nodes]
---------------------------------------------------------------------------------------------------------
    NodeId    duration (s)   sndEvts   nbRcv/total   minNhb   maxNhb   outCon    inCon   rcvDuration (s)
---------------------------------------------------------------------------------------------------------
     dmis01      1329          47         38/39         1        6         24       20    (0, 258, 51)
     dmis05      1400          43         40/42         1        7         25       24    (0, 248, 26)
     dmis08      1430          41         50/50         1        6         28       32    (0, 179, 15)
     dmis09      1370          40         41/42         1        7         30       23    (0, 195, 22)
     dmis12      1400          51         53/53         1        8         21       43    (0, 198, 26)
     dmis13      1390          48         47/47         1        7         35       32    (0, 267, 18)
     dmis14      1370          41         42/42         1        8         41       25    (0, 123, 17)
     dmis17      1290          37         36/37         1        5         25       23    (0, 102, 21)
     dmis18      1380          49         37/37         1        6         23       28    (0, 212, 34)
     dmis20      1409          50         58/58         1        9         27       29    (0, 208, 23)

[Messages]
-----------------------------------------------------------------------------------------------------------------------------
        MessageId             src           dst         sndStep         rcvStep     rcvDuration (s)   sndTime     rcvTime
-----------------------------------------------------------------------------------------------------------------------------
     yAyYuFIrgHqjVCnZ        dmis08        dmis09         11000           11000            0          02:10:37    02:10:37
     lEZFhMRcbdSVBjhb        dmis09        dmis08         15000           15000            0          02:10:41    02:10:41
     nJSacEnqguMyyZpl        dmis09        dmis08         16000           16000            0          02:10:42    02:10:42
     foQnaIRDnJzOuisj        dmis09        dmis08         19000           19000            0          02:10:45    02:10:45
     kaDnexBVJjHKsPtQ        dmis08        dmis09         20000           20000            0          02:10:46    02:10:46
     qRqmYZDeiUPdYEFj        dmis08        dmis09         21000           21000            0          02:10:47    02:10:47
     FiYlFAgQlqdDfwVX        dmis08        dmis09         22000           22000            0          02:10:48    02:10:48
     tkkYPxoxuCVSekFj        dmis09        dmis08         22000           22000            0          02:10:48    02:10:48
     hwSjKIrISBCVBLRn        dmis05        dmis09         28000          106000           78          02:10:54    02:12:12
     bwwDGPhTbikvSCFl        dmis09        dmis18         29000           47000           18          02:10:55    02:11:13
     PTsJNuDAEDaKBvqk        dmis05        dmis18         34000           90000           56          02:11:00    02:11:56
     QmkONpvVjMBKrgTy        dmis08        dmis18         34000           36000            2          02:11:00    02:11:02
     SekgCxTiptrUcTrc        dmis12        dmis08         36000           36000            0          02:11:02    02:11:02
     LXjSvyNeUPiXGajy        dmis12        dmis18         40000           40000            0          02:11:06    02:11:06
     ATPpmGaJlExDmnLF        dmis18        dmis05         53000          104000           51          02:11:19    02:12:10
     GVgisZqHUjBXdvBq        dmis12        dmis08         64000          106000           42          02:11:30    02:12:12
     UKKpiyuEneBTHmTn        dmis12        dmis08         64000          106000           42          02:11:30    02:12:12
     MrjdqaAKCYeGiKsL        dmis09        dmis05         65000          142000           77          02:11:31    02:12:48
     QtJvTsOHkRkpPInh        dmis08        dmis09         67000           67000            0          02:11:33    02:11:33
     tLVeVmMNOQlRBceS        dmis05        dmis09         71000          106000           35          02:11:37    02:12:12
     zeoyFbwDGWPfSsyU        dmis18        dmis12         76000           91000           15          02:11:42    02:11:57
     OnjavjljqIMCxZhX        dmis18        dmis05         90000          104000           14          02:11:56    02:12:10
     QHMTPxHtJFVgQTfS        dmis01        dmis08         95000          126000           31          02:12:01    02:12:32
     AomcBYuinaQWEtbS        dmis14        dmis01         95000          100000            5          02:12:01    02:12:06
     hZwbBoJXyMwdJYVD        dmis12        dmis18         97000          126000           29          02:12:03    02:12:32
     VjGamjVRbWHjoRVy        dmis20        dmis13         98000          127000           29          02:12:04    02:12:33
     MtTjUZDLbSWLxZlY        dmis14        dmis12        107000          129000           22          02:12:13    02:12:35
     IqRogYhhIreATlLi        dmis09        dmis14        108000          126000           18          02:12:14    02:12:32
     QxaTXuckWuJcNKUc        dmis14        dmis17        112000          127000           15          02:12:18    02:12:33
     CxlTxMfBKMKuwcIG        dmis09        dmis14        123000          126000            3          02:12:29    02:12:32
     mNbSISzoGiNTyCxD        dmis17        dmis05        127000          142000           15          02:12:33    02:12:48
     dpNXRqkujggiHrgx        dmis14        dmis09        128000          128000            0          02:12:34    02:12:34
     VYBkVHmzkOLnLExf        dmis05        dmis18        138000          142000            4          02:12:44    02:12:48
     IiTtGPXvvbpcnKSv        dmis12        dmis14        139000          146000            7          02:12:45    02:12:52
     mTbxuAjredPSLEvN        dmis13        dmis20        145000          145000            0          02:12:51    02:12:51
     FXvNAtqIpHNhCmEq        dmis18        dmis20        147000          147000            0          02:12:53    02:12:53
     qJrnFtZepkgcUDez        dmis14        dmis09        151000          151000            0          02:12:57    02:12:57
     WWMyZxAJqFCSNqfZ        dmis17        dmis08        155000          155000            0          02:13:01    02:13:01
     szUaxbJHVOhqZuyC        dmis09        dmis14        157000          157000            0          02:13:03    02:13:03
     UZyHoTCahFKyLfWB        dmis08        dmis12        159000          159000            0          02:13:05    02:13:05
     yizUcnBmGnBvVqfP        dmis08        dmis12        170000          170000            0          02:13:16    02:13:16
     yCeRfZYBneJQdTPv        dmis01        dmis05        171000          171000            0          02:13:17    02:13:17
     RDYgYdgfIsEuxcxx        dmis08        dmis20        172000          176000            4          02:13:18    02:13:22
     pVjkhxzxQKorMVMj        dmis05        dmis20        173000          173000            0          02:13:19    02:13:19
     dgtoYuCEfSZDuwgS        dmis17        dmis14        174000          178000            4          02:13:20    02:13:24
     RmXQYcskOEgMGOsA        dmis09        dmis05        174000          210000           36          02:13:20    02:13:56
     SSYlKKGvQoEyhmxx        dmis14        dmis05        180000          210000           30          02:13:26    02:13:56
     nmBmQkTLACDAXcEq        dmis09        dmis20        180000          194000           14          02:13:26    02:13:40
     MWrOLSarIepDWutO        dmis08        dmis17        192000          249000           57          02:13:38    02:14:35
     cdoRAxkLdISvdznB        dmis01        dmis08        196000          247000           51          02:13:42    02:14:33
     fbhEpbkpxXpQosSj        dmis20        dmis17        198000          198000            0          02:13:44    02:13:44
     KowNeHKeWhJFfFLp        dmis12        dmis14        199000          206000            7          02:13:45    02:13:52
     bNSxzdGPLUTiUCHb        dmis18        dmis14        205000          206000            1          02:13:51    02:13:52
     xOmdJNJYYPDuUjwN        dmis14        dmis20        206000          206000            0          02:13:52    02:13:52
     BaLpkHhlfqvtKSur        dmis20        dmis13        208000          230000           22          02:13:54    02:14:16
     oBJODbAUFiGNXBnM        dmis09        dmis05        210000          214000            4          02:13:56    02:14:00
     wdVLeIDdFSvwlnFo        dmis20        dmis05        216000          216000            0          02:14:02    02:14:02
     DUVITvLIzWbePQAt        dmis01        dmis13        221000          264000           43          02:14:07    02:14:50
     VSSURUEJAIBnYGOE        dmis17        dmis18        221000          244000           23          02:14:07    02:14:30
     TnVOUhQHxdUjHUoy        dmis05        dmis01        221000          274000           53          02:14:07    02:15:00
     DWAoHIJxWPxdEVcb        dmis14        dmis01        227000          227000            0          02:14:13    02:14:13
     PZkyYKWOuMIJHuuB        dmis05        dmis08        232000          247000           15          02:14:18    02:14:33
     loGVEpveHYaBiwQL        dmis14        dmis08        239000          247000            8          02:14:25    02:14:33
     pqBfdusDXWFwAjMq        dmis09        dmis05        239000          309000           70          02:14:25    02:15:35
     KTjRZCcfgySCXXWk        dmis13        dmis17        241000          249000            8          02:14:27    02:14:35
     oJSPFWtKOVnLTVfO        dmis17        dmis08        245000          247000            2          02:14:31    02:14:33
     zTwxWCCFwIZTLwSx        dmis08        dmis01        257000          274000           17          02:14:43    02:15:00
     zdOaYHIooYXQkBIl        dmis18        dmis09        259000          309000           50          02:14:45    02:15:35
     KXGQYImfQSupVkcl        dmis09        dmis17        262000          309000           47          02:14:48    02:15:35
     pAkqDsfQnABJciKB        dmis18        dmis12        271000          277000            6          02:14:57    02:15:03
     QXjNxUGBYvulCrAO        dmis13        dmis12        273000          273000            0          02:14:59    02:14:59
     NbdMIMayKzpwbXjS        dmis18        dmis12        281000          281000            0          02:15:07    02:15:07
     qYJJSPtUxUhXdxBT        dmis17        dmis20        282000          282000            0          02:15:08    02:15:08
     auiDoPuBpxMTFZut        dmis18        dmis12        294000          317000           23          02:15:20    02:15:43
     VrZCZlByCBBgwEij        dmis14        dmis08        304000          304000            0          02:15:30    02:15:30
     gVIMScYizOvsJBJZ        dmis17        dmis12        304000          317000           13          02:15:30    02:15:43
     ayHkMjIwIzulZDdZ        dmis18        dmis20        306000          306000            0          02:15:32    02:15:32
     kmFkOkRwIlBiKxUc        dmis13        dmis05        311000          311000            0          02:15:37    02:15:37
     vqkWOWHtgbOjAbnd        dmis01        dmis05        322000          334000           12          02:15:48    02:16:00
     NgIVViqSjhxwSpte        dmis12        dmis08        322000          322000            0          02:15:48    02:15:48
     zNCOeyRVVEOdDjwf        dmis18        dmis12        324000          356000           32          02:15:50    02:16:22
     jqRGZjnxnhiwDYVs        dmis05        dmis14        327000          327000            0          02:15:53    02:15:53
     vdPSXXWxtSlxjLlW        dmis13        dmis09        328000          340000           12          02:15:54    02:16:06
     fstjZdQxMzdteqJt        dmis12        dmis08        333000          426000           93          02:15:59    02:17:32
     zfRxrpOobwzJsTMB        dmis05        dmis18        334000          334000            0          02:16:00    02:16:00
     jfhLpWieGSAjQvCp        dmis05        dmis01        335000          494000          159          02:16:01    02:18:40
     XsgoCzmNKNVWNPYi        dmis13        dmis05        339000          339000            0          02:16:05    02:16:05
     VkmGEOAmSrsPnnfM        dmis08        dmis09        341000          341000            0          02:16:07    02:16:07
     orEaALNFDiBnDxEZ        dmis20        dmis09        344000          344000            0          02:16:10    02:16:10
     gBjdFLIbuHwHFoGc        dmis08        dmis14        345000          345000            0          02:16:11    02:16:11
     VinqfYBFUCJlUjEp        dmis01        dmis13        347000          397000           50          02:16:13    02:17:03
     jFpVOXTwZnIYsnXS        dmis18        dmis01        348000          494000          146          02:16:14    02:18:40
     DzGHAxfvDTyIEwNN        dmis18        dmis13        353000          426000           73          02:16:19    02:17:32
     uOeAGAEnyhOifFUa        dmis14        dmis20        357000          357000            0          02:16:23    02:16:23
     cqNQnXjVAXHbAUGY        dmis01        dmis12        359000          456000           97          02:16:25    02:18:02
     dVoukEkNCJYUDKYo        dmis05        dmis12        365000          456000           91          02:16:31    02:18:02
     bslvJEqIaxFFxJzD        dmis17        dmis13        366000          402000           36          02:16:32    02:17:08
     DckrCFqBSAbNNYFS        dmis18        dmis01        373000          494000          121          02:16:39    02:18:40
     ZNczMhxqaxYhwowZ        dmis18        dmis13        375000          427000           52          02:16:41    02:17:33
     auJhjLVbcnspAxbH        dmis08        dmis17        378000          402000           24          02:16:44    02:17:08
     AMKHxsItBGCIxjLZ        dmis08        dmis17        379000          402000           23          02:16:45    02:17:08
     EUQlSrQNvcYRNfhP        dmis01        dmis20        381000          494000          113          02:16:47    02:18:40
     DugMfcqJpIAQIdxK        dmis08        dmis05        386000          426000           40          02:16:52    02:17:32
     AAmgiPjpIgLvVTlj        dmis20        dmis17        389000          433000           44          02:16:55    02:17:39
     sHZjEJnkBNVTLxKO        dmis05        dmis13        392000          426000           34          02:16:58    02:17:32
     UZKGfxuIgsClFcAX        dmis05        dmis13        403000          426000           23          02:17:09    02:17:32
     kPLmczRGjUvMraLt        dmis20        dmis12        405000          456000           51          02:17:11    02:18:02
     vwFkVqgwPpxqLFoR        dmis01        dmis09        406000          497000           91          02:17:12    02:18:43
     wTQrbhLMQijIxeoe        dmis12        dmis08        413000          456000           43          02:17:19    02:18:02
     yvCxGGVLhZRDfZMb        dmis14        dmis17        415000          517000          102          02:17:21    02:19:03
     wHQYnGvBfaVMqgHM        dmis12        dmis14        425000          425000            0          02:17:31    02:17:31
     ADSfzlJYJoujaJbK        dmis09        dmis08        426000          426000            0          02:17:32    02:17:32
     uOCrLarGSCFcPQYp        dmis13        dmis01        430000          494000           64          02:17:36    02:18:40
     KzgQLVCmIxgVVQlr        dmis05        dmis09        431000          431000            0          02:17:37    02:17:37
     qHTumjxHJyuYYBRY        dmis18        dmis05        436000          436000            0          02:17:42    02:17:42
     zGcUYvjtxJNMOUCM        dmis01        dmis12        438000          496000           58          02:17:44    02:18:42
     GHchpoOHJLXEVBrv        dmis09        dmis08        440000          443000            3          02:17:46    02:17:49
     ZyFDhrpXzaizfYfd        dmis12        dmis18        441000          456000           15          02:17:47    02:18:02
     iVbvdxyLxtxOzGcb        dmis12        dmis08        443000          456000           13          02:17:49    02:18:02
     GkdfvMGGCCPClsPu        dmis09        dmis14        445000          464000           19          02:17:51    02:18:10
     cYzMpkbzqpUOigzU        dmis20        dmis17        446000          446000            0          02:17:52    02:17:52
     xlgcKzIvuFinFvHH        dmis20        dmis14        447000          466000           19          02:17:53    02:18:12
     ZRdQItxreWxZxPXd        dmis09        dmis14        451000          464000           13          02:17:57    02:18:10
     VgVlTXmLOJzyrZsO        dmis20        dmis08        462000          462000            0          02:18:08    02:18:08
     GIEpBvnCwXbdxJgF        dmis12        dmis09        464000          467000            3          02:18:10    02:18:13
     ryYxVsHDmLPRORqa        dmis05        dmis17        465000          517000           52          02:18:11    02:19:03
     EiCIFbtEusUwAXxh        dmis12        dmis14        469000          469000            0          02:18:15    02:18:15
     LGfnHraTHxPuONei        dmis13        dmis01        471000          494000           23          02:18:17    02:18:40
     oTZCaYuCwVJujIVb        dmis18        dmis20        472000          472000            0          02:18:18    02:18:18
     PJsObaiCjKMiTxhZ        dmis08        dmis09        473000          497000           24          02:18:19    02:18:43
     ROYFXvmiwihulYUb        dmis18        dmis17        477000          517000           40          02:18:23    02:19:03
     tUEtSYxQvJMErIii        dmis18        dmis17        486000          517000           31          02:18:32    02:19:03
     SwQDTsQCPyxmQlgK        dmis05        dmis14        487000          487000            0          02:18:33    02:18:33
     MyQwzaRTGBhNXOXu        dmis20        dmis05        492000          492000            0          02:18:38    02:18:38
     SJWOaEkrvjHgqxXQ        dmis01        dmis20        494000          494000            0          02:18:40    02:18:40
     eCmEXXXuGmgXIkJB        dmis01        dmis13        496000          496000            0          02:18:42    02:18:42
     whRYoDpJoXsEWRWa        dmis01        dmis12        499000          499000            0          02:18:45    02:18:45
     qtCWvILTPzEVGyVe        dmis14        dmis20        502000          502000            0          02:18:48    02:18:48
     wgpWBCGzmNUynObi        dmis18        dmis12        502000          502000            0          02:18:48    02:18:48
     EhRYLQJkEGfPJOrK        dmis17        dmis01        504000          624000          120          02:18:50    02:20:50
     wSFRruDfdEDuDxKp        dmis20        dmis13        507000          550000           43          02:18:53    02:19:36
     dicrjtzDxfhmxHBi        dmis13        dmis01        509000          624000          115          02:18:55    02:20:50
     TaecGBNNAgShIgjY        dmis14        dmis01        510000          624000          114          02:18:56    02:20:50
     zLwUVhqLiUirUFvp        dmis14        dmis08        511000          517000            6          02:18:57    02:19:03
     VdnvdHQlKXZjnyEm        dmis20        dmis14        513000          517000            4          02:18:59    02:19:03
     JeJEYqhkbycrpsri        dmis05        dmis13        514000          550000           36          02:19:00    02:19:36
     qLdIfipiNTeSqPKO        dmis20        dmis09        515000          515000            0          02:19:01    02:19:01
     SXLxgdJRDkCQkgEA        dmis20        dmis09        521000          521000            0          02:19:07    02:19:07
     tiEqfemoqVlZfwcd        dmis01        dmis14        522000          624000          102          02:19:08    02:20:50
     ICgrgwZIvgoSPNYW        dmis17        dmis09        523000          523000            0          02:19:09    02:19:09
     fTbVwrFKQzQMqNNK        dmis01        dmis08        527000          624000           97          02:19:13    02:20:50
     rhLkbdoRdoFwzLgi        dmis05        dmis12        528000          528000            0          02:19:14    02:19:14
     nGYwAYphYGdMWhVZ        dmis13        dmis20        529000          551000           22          02:19:15    02:19:37
     hDwIYlkuKOxixgNb        dmis12        dmis09        537000          551000           14          02:19:23    02:19:37
     oqlvTgZPawlBtkkA        dmis12        dmis18        539000          539000            0          02:19:25    02:19:25
     RXSCSsgpxndwxhFm        dmis13        dmis17        541000          570000           29          02:19:27    02:19:56
     kFBdgBvBkiIBQQlO        dmis18        dmis12        542000          542000            0          02:19:28    02:19:28
     hzTNDGcdpUlXbWxA        dmis14        dmis01        546000          624000           78          02:19:32    02:20:50
     toLaqbJhmjXUmWEb        dmis08        dmis18        550000          551000            1          02:19:36    02:19:37
     piKoWUkGkIOHqelE        dmis12        dmis14        555000          555000            0          02:19:41    02:19:41
     VTCDXPRQKErrCtvH        dmis01        dmis13        558000          624000           66          02:19:44    02:20:50
     PPMNHvAkUCCjUTTN        dmis05        dmis09        559000          559000            0          02:19:45    02:19:45
     pDJPdAyDhBqdkNEE        dmis13        dmis05        560000          560000            0          02:19:46    02:19:46
     ZaLWoTCQvTVjlKfk        dmis09        dmis13        566000          566000            0          02:19:52    02:19:52
     KxgerOtOEwMbDrnT        dmis13        dmis18        567000          567000            0          02:19:53    02:19:53
     WYBPfcEHysiReUTu        dmis12        dmis09        575000          575000            0          02:20:01    02:20:01
     SIKzsakfvoYnFkbx        dmis20        dmis05        575000          794000          219          02:20:01    02:23:40
     FDIBauhkEyuUCFyy        dmis12        dmis09        577000          577000            0          02:20:03    02:20:03
     bhYEMmvQADmZoUJG        dmis05        dmis18        577000          577000            0          02:20:03    02:20:03
     wykcZJFgMVLXkpBU        dmis13        dmis18        580000          792000          212          02:20:06    02:23:38
     WAmZETztiVtYJugU        dmis18        dmis20        586000          794000          208          02:20:12    02:23:40
     MjYdATteqIHvZUQY        dmis13        dmis12        588000          588000            0          02:20:14    02:20:14
     HTXeCPPmJzDffZum        dmis14        dmis01        590000          624000           34          02:20:16    02:20:50
     FysibAmkMZsiwzhQ        dmis08        dmis09        590000          590000            0          02:20:16    02:20:16
     CkzILwLVEVYWLLLj        dmis18        dmis12        598000          796000          198          02:20:24    02:23:42
     wrUiJfsPMZFvNWIv        dmis17        dmis13        603000          603000            0          02:20:29    02:20:29
     OwDkNKwDjmqbBFLZ        dmis01        dmis12        604000          624000           20          02:20:30    02:20:50
     aoCYFVqpbHiDCDMq        dmis01        dmis08        607000          624000           17          02:20:33    02:20:50
     aqMIonqJWgenvELS        dmis17        dmis12        610000          610000            0          02:20:36    02:20:36
     DBPkEVScPCwUxRQc        dmis12        dmis01        611000          624000           13          02:20:37    02:20:50
     XafXuOJZmdTqIUOO        dmis12        dmis08        612000          612000            0          02:20:38    02:20:38
     aoCfwEjLzWIcufeD        dmis14        dmis20        612000          717000          105          02:20:38    02:22:23
     ViaFnUuBUBzHZhFZ        dmis17        dmis14        620000          620000            0          02:20:46    02:20:46
     diCLdBEiychxRGBs        dmis09        dmis01        624000          882000          258          02:20:50    02:25:08
     VbaUKFawdLVnCwKR        dmis13        dmis01        625000          625000            0          02:20:51    02:20:51
     pusFYcNkNmGCLMfq        dmis08        dmis18        629000          792000          163          02:20:55    02:23:38
     lzjsUkLFfGDqalMC        dmis18        dmis12        634000          796000          162          02:21:00    02:23:42
     ZTjnJcWFiCuEggwE        dmis17        dmis18        640000          792000          152          02:21:06    02:23:38
     vDYZbQEQtaKsRcWO        dmis12        dmis20        642000          717000           75          02:21:08    02:22:23
     XNMIkafOVFLHqYse        dmis18        dmis12        642000          796000          154          02:21:08    02:23:42
     oYLdSHFojeWiNdKM        dmis17        dmis14        651000          658000            7          02:21:17    02:21:24
     lxbmznwOmqWlrFDH        dmis08        dmis05        657000          792000          135          02:21:23    02:23:38
     cbnxrzwECRUNLldJ        dmis12        dmis20        659000          717000           58          02:21:25    02:22:23
     CRcpByvmmnoquBpu        dmis01        dmis13        663000          930000          267          02:21:29    02:25:56
     qbIrumipOuHGxfWz        dmis12        dmis08        667000          667000            0          02:21:33    02:21:33
     ikUIGQoyyVTZrKzm        dmis13        dmis08        669000          669000            0          02:21:35    02:21:35
     BVOzzdJnqpPDcUvn        dmis08        dmis13        670000          672000            2          02:21:36    02:21:38
     JoxQsIjVuLnEuSeO        dmis20        dmis17        674000          717000           43          02:21:40    02:22:23
     GOoUHsnEliNwuSix        dmis09        dmis14        686000          698000           12          02:21:52    02:22:04
     rRUWokNRtWuVbIND        dmis01        dmis05        689000          937000          248          02:21:55    02:26:03
     amjGNNOlrxJKeMcm        dmis09        dmis17        690000          690000            0          02:21:56    02:21:56
     APvDnQQcFGsZJjVD        dmis01        dmis08        703000          882000          179          02:22:09    02:25:08
     LzgXHItmVpbynnpX        dmis13        dmis18        706000          792000           86          02:22:12    02:23:38
     JvVStvcnzEYuyShb        dmis05        dmis20        709000          792000           83          02:22:15    02:23:38
     crnurZcMoCZvMDvv        dmis20        dmis17        710000          717000            7          02:22:16    02:22:23
     ZHFLUDdWIpyyjhGu        dmis05        dmis12        715000          792000           77          02:22:21    02:23:38
     IMWZlUDpoaEBlHkB        dmis12        dmis08        716000          731000           15          02:22:22    02:22:37
     AbHEQxRbyugfVdsy        dmis14        dmis08        718000          724000            6          02:22:24    02:22:30
     CQzQCPjynDVoNJSn        dmis01        dmis09        735000          930000          195          02:22:41    02:25:56
     tSlnAWKwkYagsGUW        dmis20        dmis09        740000          740000            0          02:22:46    02:22:46
     cSJlkyPvGDtaXdxA        dmis09        dmis14        740000          740000            0          02:22:46    02:22:46
     lTvFHDUwXdEuicwQ        dmis12        dmis20        743000          777000           34          02:22:49    02:23:23
     ZdwwnJbUpglRrXuR        dmis18        dmis12        747000          796000           49          02:22:53    02:23:42
     qUPdrVtFxzgIJrLU        dmis12        dmis14        747000          747000            0          02:22:53    02:22:53
     pigdyUorTzcXNGMP        dmis09        dmis18        755000          792000           37          02:23:01    02:23:38
     UwztmxhypFlGkqPM        dmis08        dmis09        758000          758000            0          02:23:04    02:23:04
     nIzxIFNEkaNdYfhA        dmis18        dmis01        765000          882000          117          02:23:11    02:25:08
     yLFedvCdSXFkHeYU        dmis13        dmis12        766000          791000           25          02:23:12    02:23:37
     zXalvsjDxCfuGeUV        dmis09        dmis01        769000          882000          113          02:23:15    02:25:08
     WTZFVxkGahkInimd        dmis17        dmis18        770000          792000           22          02:23:16    02:23:38
     gHRpplBNceNRsEPQ        dmis13        dmis20        772000          791000           19          02:23:18    02:23:37
     XJSoJUCXweUijpEe        dmis20        dmis12        783000          783000            0          02:23:29    02:23:29
     fCmazpnBvlxvFgYg        dmis05        dmis18        786000          786000            0          02:23:32    02:23:32
     gzgAhLPqrnaeqKsm        dmis17        dmis18        789000          792000            3          02:23:35    02:23:38
     pWwVsAAkxfWHMVdS        dmis13        dmis18        792000          792000            0          02:23:38    02:23:38
     hrsjQcFCChIwOCsL        dmis20        dmis08        792000          792000            0          02:23:38    02:23:38
     ynRoFjSkrMLaViDx        dmis01        dmis18        793000          944000          151          02:23:39    02:26:10
     llCUHGtemoOvDUAn        dmis20        dmis08        793000          793000            0          02:23:39    02:23:39
     AFPdWYdjdYxQHRGI        dmis01        dmis14        794000          916000          122          02:23:40    02:25:42
     OESkJxgrpgryoYvV        dmis05        dmis01        795000          882000           87          02:23:41    02:25:08
     CVJtIMIKQvdiZSAR        dmis13        dmis20        802000          802000            0          02:23:48    02:23:48
     mElLHxAzMRcqoaDi        dmis08        dmis14        808000          808000            0          02:23:54    02:23:54
     ryoJYOvYUshiPkaT        dmis13        dmis09        822000          825000            3          02:24:08    02:24:11
     muYEwggBnOXbqSpd        dmis20        dmis14        823000          828000            5          02:24:09    02:24:14
     MgztlVrjYxfgAByQ        dmis12        dmis17        829000          851000           22          02:24:15    02:24:37
     ErSbPEHrLtBABODj        dmis17        dmis09        829000          849000           20          02:24:15    02:24:35
     nKKWXbmpontgXoUd        dmis17        dmis08        847000          867000           20          02:24:33    02:24:53
     LDWYOXvdFGUyfQps        dmis18        dmis12        850000          850000            0          02:24:36    02:24:36
     FRYmZTSmhHjndJcR        dmis20        dmis05        851000          851000            0          02:24:37    02:24:37
     FoHWToPgIrHLHMVw        dmis17        dmis18        853000          853000            0          02:24:39    02:24:39
     wEdIDlJuQwbDNQRZ        dmis08        dmis09        856000          867000           11          02:24:42    02:24:53
     bPrJWfnIfCLGkugV        dmis18        dmis17        871000          871000            0          02:24:57    02:24:57
     rwDNaobbMldgrKJt        dmis14        dmis20        873000          873000            0          02:24:59    02:24:59
     exWliOvbAIbXRhur        dmis01        dmis08        878000          887000            9          02:25:04    02:25:13
     whtuihlYugeUuAza        dmis17        dmis01        878000          882000            4          02:25:04    02:25:08
     WEmgbpFqIkGWMMGi        dmis08        dmis14        882000          907000           25          02:25:08    02:25:33
     HlOpXxBNSFyuZYlq        dmis13        dmis20        884000          884000            0          02:25:10    02:25:10
     zEvndQSIYpgGfwAg        dmis18        dmis12        892000          897000            5          02:25:18    02:25:23
     PgykvoqFhzqOmNkk        dmis17        dmis08        896000          896000            0          02:25:22    02:25:22
     UfgcnrCjyidSJDuy        dmis17        dmis14        901000          907000            6          02:25:27    02:25:33
     cjVBaKcwxbRdiQLW        dmis05        dmis20        906000          919000           13          02:25:32    02:25:45
     WfghDOaSVrSLpnir        dmis05        dmis18        907000          907000            0          02:25:33    02:25:33
     SKtYVEsnatspMjok        dmis08        dmis18        910000          944000           34          02:25:36    02:26:10
     lTIiJANQaGEOtqAQ        dmis17        dmis12        911000          951000           40          02:25:37    02:26:17
     nrYGqrHqnqwLtqjK        dmis14        dmis01        917000          917000            0          02:25:43    02:25:43
     MoZMfaqROVAHFLav        dmis14        dmis08        920000          920000            0          02:25:46    02:25:46
     ojWMhZVkAUCJoirs        dmis01        dmis12        925000          937000           12          02:25:51    02:26:03
     YHulAXuYfatOfNOq        dmis17        dmis01        926000          926000            0          02:25:52    02:25:52
     NSslzhTEKhkUBSrD        dmis18        dmis09        927000          956000           29          02:25:53    02:26:22
     wPwNmPUJQaTzTFtF        dmis12        dmis13        927000          927000            0          02:25:53    02:25:53
     FCvEIdfyRczJwqNb        dmis20        dmis09        928000          951000           23          02:25:54    02:26:17
     iYzRzOjbuNrqGRgg        dmis17        dmis13        928000          950000           22          02:25:54    02:26:16
     JnoJgIVQReFVqjMV        dmis20        dmis17        929000          956000           27          02:25:55    02:26:22
     OdqrUWHCIQbueHeW        dmis08        dmis17        935000          935000            0          02:26:01    02:26:01
     hngpDBqFMUCfDywt        dmis01        dmis05        937000          937000            0          02:26:03    02:26:03
     TZUqDPEgiyvwImHY        dmis08        dmis12        939000          950000           11          02:26:05    02:26:16
     RzpLvzPFRQBVaGtv        dmis08        dmis14        953000          953000            0          02:26:19    02:26:19
     naAnwrEqQGPEnBVo        dmis09        dmis13        960000          974000           14          02:26:26    02:26:40
     nuBzpSIPSpxsRVKP        dmis12        dmis13        960000          960000            0          02:26:26    02:26:26
     hQMLFStpqOMYCVyt        dmis08        dmis12        962000         1004000           42          02:26:28    02:27:10
     nIezZYjQAcpujlBx        dmis12        dmis09        966000         1042000           76          02:26:32    02:27:48
     LKbWNguFLvQhMDjv        dmis20        dmis13        967000          967000            0          02:26:33    02:26:33
     ZFvZpZvMbPrjhFHF        dmis05        dmis17        969000          974000            5          02:26:35    02:26:40
     HVfqUacWwFGKNXFV        dmis01        dmis12        971000         1004000           33          02:26:37    02:27:10
     uqGsPwziObdqjwMq        dmis08        dmis05        975000          975000            0          02:26:41    02:26:41
     ZzZXPXxJRgRirtbA        dmis13        dmis14        976000          976000            0          02:26:42    02:26:42
     wMQzfJJFYQlFOMod        dmis18        dmis09        980000          980000            0          02:26:46    02:26:46
     ayzvQIAnNFjVKesX        dmis09        dmis18        981000          981000            0          02:26:47    02:26:47
     aATBZnbfPuvUKMlS        dmis17        dmis08        995000          995000            0          02:27:01    02:27:01
     KmKLaTMXjFnrxVZx        dmis17        dmis12        997000         1004000            7          02:27:03    02:27:10
     NLMSOdaAzehEDEXM        dmis01        dmis17        998000          998000            0          02:27:04    02:27:04
     zcdVEHSamanaXuVm        dmis01        dmis08        998000          998000            0          02:27:04    02:27:04
     GTMdkqtazKgoOcCO        dmis09        dmis01        999000          999000            0          02:27:05    02:27:05
     HjfvOfynjFRMLqbM        dmis01        dmis13       1001000         1022000           21          02:27:07    02:27:28
     FcWxxgmpvKjOhvDu        dmis12        dmis01       1002000         1004000            2          02:27:08    02:27:10
     EAbwRINfAjQTzBfl        dmis14        dmis20       1006000         1006000            0          02:27:12    02:27:12
     KNMndMHYFAlxptqo        dmis05        dmis18       1009000         1009000            0          02:27:15    02:27:15
     sGkWnczAcoABIXOp        dmis01        dmis20       1013000         1039000           26          02:27:19    02:27:45
     YLonnlCQCvBJaioL        dmis05        dmis08       1017000         1017000            0          02:27:23    02:27:23
     myDtSyJiPvJrShnO        dmis08        dmis01       1018000         1025000            7          02:27:24    02:27:31
     PfzwHrovnqcuDFPi        dmis14        dmis12       1024000         1037000           13          02:27:30    02:27:43
     QZezjBRbiwWaFkxS        dmis20        dmis09       1025000         1044000           19          02:27:31    02:27:50
     grQdOTtjytfyrqqq        dmis13        dmis08       1027000         1027000            0          02:27:33    02:27:33
     cDMSOmHBSQYCUqbd        dmis09        dmis14       1027000         1093000           66          02:27:33    02:28:39
     gGoFNJLZsyvwqMZp        dmis18        dmis12       1028000         1036000            8          02:27:34    02:27:42
     xCAAQizwkKTzGjqE        dmis05        dmis09       1038000         1116000           78          02:27:44    02:29:02
     ejwdJhvkLngVyjsF        dmis12        dmis14       1045000         1093000           48          02:27:51    02:28:39
     XSAXfCExWBrGnezA        dmis17        dmis12       1046000         1046000            0          02:27:52    02:27:52
     qLlTgAQRfFKeAJex        dmis17        dmis20       1047000         1047000            0          02:27:53    02:27:53
     BEWjIAiFEzNRgOTw        dmis17        dmis01       1049000         1049000            0          02:27:55    02:27:55
     xgumTWcwTfHUnyhm        dmis05        dmis18       1058000         1058000            0          02:28:04    02:28:04
     bPqIaCnYsbgIpunv        dmis18        dmis12       1061000         1116000           55          02:28:07    02:29:02
     xTgORGWijBysAMko        dmis08        dmis17       1064000         1129000           65          02:28:10    02:29:15
     fQEXbTcBcuXdVcQm        dmis14        dmis12       1067000         1116000           49          02:28:13    02:29:02
     CBCRMnRHnOdgdEvG        dmis18        dmis14       1073000         1078000            5          02:28:19    02:28:24
     OQclWRcrdNgkKlhq        dmis12        dmis18       1081000         1224000          143          02:28:27    02:30:50
     IvmxAKKlSeAfuBSp        dmis01        dmis20       1084000         1084000            0          02:28:30    02:28:30
     hclWGmwkAyLiXbZG        dmis01        dmis17       1085000         1116000           31          02:28:31    02:29:02
     UzOIFKPSgFauLLPd        dmis20        dmis18       1085000         1097000           12          02:28:31    02:28:43
     jNgtFbWenEsbiwsk        dmis09        dmis17       1091000         1091000            0          02:28:37    02:28:37
     rSQgPPsGWLqPHrpN        dmis13        dmis20       1092000         1092000            0          02:28:38    02:28:38
     YmdyypmSVMYSPQhy        dmis01        dmis17       1095000         1116000           21          02:28:41    02:29:02
     VnoWPdwJeCTVygqC        dmis18        dmis14       1101000         1224000          123          02:28:47    02:30:50
     vDWGKrQvEyScIkkY        dmis12        dmis20       1105000         1179000           74          02:28:51    02:30:05
     kHtZBMKBfPBYHSRA        dmis13        dmis20       1112000         1112000            0          02:28:58    02:28:58
     aeEOSlpKcnOyfPdp        dmis09        dmis05       1113000         1147000           34          02:28:59    02:29:33
     aHMRrNPBakbGVTMs        dmis05        dmis08       1115000         1115000            0          02:29:01    02:29:01
     ZggSEKQyPyUEWbQy        dmis05        dmis20       1120000         1120000            0          02:29:06    02:29:06
     IDpaqGdSQeyMzlGy        dmis05        dmis14       1124000         1124000            0          02:29:10    02:29:10
     juuWkNDxdiDgMAMj        dmis18        dmis20       1127000         1224000           97          02:29:13    02:30:50
     MqIEOrNDoYxgfKUf        dmis08        dmis20       1127000         1179000           52          02:29:13    02:30:05
     mwCvztwjrUjWfHrB        dmis20        dmis18       1129000         1224000           95          02:29:15    02:30:50
     KjizAcHwOXNXQFKa        dmis13        dmis20       1131000         1140000            9          02:29:17    02:29:26
     ejkKMIqaPJDXfVKf        dmis09        dmis20       1133000         1179000           46          02:29:19    02:30:05
     qCffierOikKHrCLA        dmis18        dmis01       1139000         1226000           87          02:29:25    02:30:52
     XHYJuBIalOgzovJg        dmis18        dmis20       1140000         1224000           84          02:29:26    02:30:50
     IHLPscIaIIuVVLYh        dmis20        dmis01       1141000         1223000           82          02:29:27    02:30:49
     bfpKhHBOmOvMZzMd        dmis17        dmis08       1143000         1147000            4          02:29:29    02:29:33
     hBCjwBsOvCmALDEt        dmis20        dmis09       1145000         1194000           49          02:29:31    02:30:20
     TNTyZJWPJsVFtMGD        dmis05        dmis13       1145000         1145000            0          02:29:31    02:29:31
     uUuahtkjRxsPbTXZ        dmis01        dmis08       1154000         1154000            0          02:29:40    02:29:40
     OdBprlRYCUzjMqJw        dmis13        dmis05       1161000         1161000            0          02:29:47    02:29:47
     DDvXLUfUvfOVSAkE        dmis08        dmis13       1163000         1163000            0          02:29:49    02:29:49
     hSJrjzoYPTVUymcD        dmis14        dmis17       1169000         1169000            0          02:29:55    02:29:55
     FkOonWvRXKkdzecA        dmis17        dmis20       1171000         1179000            8          02:29:57    02:30:05
     NpKHssHCaDxxovEY        dmis20        dmis13       1171000         1179000            8          02:29:57    02:30:05
     BovuAKeezTehkiYp        dmis09        dmis01       1179000         1223000           44          02:30:05    02:30:49
     zOmHSDwbNIkGkVhJ        dmis18        dmis09       1180000         1226000           46          02:30:06    02:30:52
     TiBitRKicnHiLrPm        dmis09        dmis20       1185000         1221000           36          02:30:11    02:30:47
     CmjyFNsIcaTMNaFK        dmis12        dmis08       1187000         1187000            0          02:30:13    02:30:13
     yJJVkbJFfxIQDmLq        dmis20        dmis12       1188000         1221000           33          02:30:14    02:30:47
     BwXvqgXTluqzQVZo        dmis20        dmis17       1189000         1223000           34          02:30:15    02:30:49
     jTkSBoGNEbcDcqik        dmis17        dmis01       1190000         1223000           33          02:30:16    02:30:49
     fBrPSJMxiFbsrlqU        dmis12        dmis13       1191000         1191000            0          02:30:17    02:30:17
     ffszjbbWrKwhffog        dmis18        dmis08       1194000         1224000           30          02:30:20    02:30:50
     abUFqOQsOJGellOq        dmis12        dmis05       1196000         1196000            0          02:30:22    02:30:22
     buVBweAMDPJVuuWL        dmis13        dmis20       1201000         1221000           20          02:30:27    02:30:47
     faagRmYNAWFRMoRI        dmis01        dmis14       1205000         1223000           18          02:30:31    02:30:49
     cWapuXgsHTXgXZjI        dmis17        dmis18       1205000         1224000           19          02:30:31    02:30:50
     ilIREubYuVNvOKuw        dmis01        dmis13       1209000         1223000           14          02:30:35    02:30:49
     ZZarNtRpoqzaGKZj        dmis13        dmis12       1213000         1213000            0          02:30:39    02:30:39
     vAqQFMtUufBgCkQH        dmis18        dmis20       1215000         1226000           11          02:30:41    02:30:52
     piJaLKXEutMbaaiX        dmis18        dmis12       1215000         1226000           11          02:30:41    02:30:52
     QuLhLymZYJHdtdKz        dmis08        dmis01       1216000         1223000            7          02:30:42    02:30:49
     gILqmuVruDKXrXPT        dmis20        dmis18       1222000         1224000            2          02:30:48    02:30:50
     GgYradNXKdTeEFlW        dmis08        dmis14       1223000         1223000            0          02:30:49    02:30:49
     ilGkxLozgUGSEEJa        dmis09        dmis18       1227000         1227000            0          02:30:53    02:30:53
     VoQmuOfFivGASirY        dmis20        dmis14       1232000         1232000            0          02:30:58    02:30:58
     TtAWjIlpmnvofDai        dmis17        dmis05       1233000         1237000            4          02:30:59    02:31:03
     AyNHMIBINEOqOgXG        dmis18        dmis05       1234000         1245000           11          02:31:00    02:31:11
     scQEZMWtRiSLfHgb        dmis20        dmis12       1236000         1236000            0          02:31:02    02:31:02
     mWCdKAQkxXDLluuW        dmis01        dmis20       1236000         1237000            1          02:31:02    02:31:03
     iENMZqKtlZqClmYx        dmis01        dmis17       1237000         1237000            0          02:31:03    02:31:03
     jABTaTGZtLnEgHco        dmis01        dmis20       1238000         1238000            0          02:31:04    02:31:04
     VWPRKUYvRgVmoOMj        dmis20        dmis12       1239000         1239000            0          02:31:05    02:31:05
     ofHhPtgXYJRSxJMx        dmis12        dmis13       1241000         1241000            0          02:31:07    02:31:07
     GwLdBNPGCzCzvyku        dmis13        dmis14       1246000         1248000            2          02:31:12    02:31:14
     VtlGSAFjVcdtogyT        dmis14        dmis13       1249000         1249000            0          02:31:15    02:31:15
     FjcGceJHaGKVJdis        dmis14        dmis09       1249000         1261000           12          02:31:15    02:31:27
     ZMnMIfcWXdygpxpW        dmis13        dmis01       1251000         1251000            0          02:31:17    02:31:17
     RBbThLciTpdCsNxP        dmis14        dmis17       1256000         1256000            0          02:31:22    02:31:22
     gIvAKaJFENATvZom        dmis14        dmis08       1265000         1265000            0          02:31:31    02:31:31
     UCBXpqDurfvofFlf        dmis13        dmis20       1273000         1287000           14          02:31:39    02:31:53
     miECXuwnFErQsgIG        dmis12        dmis14       1277000         1324000           47          02:31:43    02:32:30
     AqHHDmrwBXBTKAIt        dmis14        dmis13       1278000         1278000            0          02:31:44    02:31:44
     RGGCTDJnyvpavxYx        dmis18        dmis13       1281000         1281000            0          02:31:47    02:31:47
     TytBfvxdayjqxaOr        dmis13        dmis01       1283000         1283000            0          02:31:49    02:31:49
     xLeLuhtJMJZAQzgH        dmis18        dmis12       1285000         1285000            0          02:31:51    02:31:51
     RDNsRlnktfVbobcj        dmis20        dmis01       1287000         1324000           37          02:31:53    02:32:30
     YtCInAFGiBSZRFiI        dmis20        dmis09       1289000         1324000           35          02:31:55    02:32:30
     fpLAuuOTPdvkctHb        dmis18        dmis20       1290000         1326000           36          02:31:56    02:32:32
     NQCMgPHUqXwCkuZV        dmis01        dmis05       1294000         1295000            1          02:32:00    02:32:01
     DpQuFuOzbLNJqYqM        dmis13        dmis12       1296000         1296000            0          02:32:02    02:32:02
     lpNaJvzjfSbCBpBN        dmis12        dmis14       1297000         1324000           27          02:32:03    02:32:30
     yHRvcnIHSaakIIsv        dmis12        dmis17       1301000         1321000           20          02:32:07    02:32:27
     KFTXiDCMSdFnEUbe        dmis14        dmis05       1304000         1324000           20          02:32:10    02:32:30
     okijEuTGHdqsWghe        dmis09        dmis12       1306000         1306000            0          02:32:12    02:32:12
     YgwjdxsiSWmVlpJJ        dmis12        dmis08       1307000         1307000            0          02:32:13    02:32:13
     wcqYyyYRklXSuagh        dmis01        dmis13       1320000         1320000            0          02:32:26    02:32:26
     ZJnGHnlHLWziXncc        dmis13        dmis12       1321000         1327000            6          02:32:27    02:32:33
     fnMbvfKJqmLgLuNs        dmis18        dmis13       1322000         1322000            0          02:32:28    02:32:28
     QkwyBdsSDqupmVMI        dmis01        dmis13       1323000         1323000            0          02:32:29    02:32:29
     MknpwFnzCqUOQChB        dmis14        dmis17       1324000         1324000            0          02:32:30    02:32:30
     JbTFvHylmUXQPhtw        dmis18        dmis01       1327000         1346000           19          02:32:33    02:32:52
     ixCBJPLEUHFiIjTi        dmis20        dmis05       1330000         1330000            0          02:32:36    02:32:36
     TNoqaerIZzBfdkfU        dmis09        dmis13       1332000         1332000            0          02:32:38    02:32:38
     CvRPxYYGbQFTXNdH        dmis20        dmis17       1338000         1346000            8          02:32:44    02:32:52
     RVfJejCUPaipNPpH        dmis05        dmis17       1343000         1346000            3          02:32:49    02:32:52
     eifduDudVqlQERVv        dmis05        dmis13       1348000         1348000            0          02:32:54    02:32:54
     XPFdjzJReaLaISfB        dmis09        dmis05       1350000         1350000            0          02:32:56    02:32:56
     CuwKqNjsyyDrZTdY        dmis13        dmis20       1353000         1389000           36          02:32:59    02:33:35
     obesMGPdjXUWokfU        dmis05        dmis01       1354000         1354000            0          02:33:00    02:33:00
     ZWFmWSlUBuzxxkyG        dmis08        dmis05       1354000         1354000            0          02:33:00    02:33:00
     eqgLfsVQouBNIfPM        dmis13        dmis20       1355000         1389000           34          02:33:01    02:33:35
     UkAQpUUMMHCSaanQ        dmis05        dmis13       1360000         1360000            0          02:33:06    02:33:06
     XcGZqRiKtiwbtOwr        dmis12        dmis05       1361000         1361000            0          02:33:07    02:33:07
     KDySICEAhMpLiqrU        dmis14        dmis05       1366000         1394000           28          02:33:12    02:33:40
     zOwQBhiBGnuhgZfk        dmis13        dmis05       1368000         1369000            1          02:33:14    02:33:15
     caZwXIqFBonyPwgI        dmis17        dmis08       1368000         1411000           43          02:33:14    02:33:57
     bULpAAslZnKoxPKT        dmis05        dmis14       1370000         1394000           24          02:33:16    02:33:40
     wucAuukmSZheospl        dmis12        dmis18       1372000         1372000            0          02:33:18    02:33:18
     kGivvUaSdFaLrwwT        dmis20        dmis09       1373000              -1           -1          02:33:19          ()
     ittiaLRZkUGQGMmD        dmis09        dmis05       1374000              -1           -1          02:33:20          ()
     BRGLSSeWurXcMEfU        dmis09        dmis01       1375000              -1           -1          02:33:21          ()
     vWMnpxXIhVJAJfRI        dmis12        dmis20       1377000         1389000           12          02:33:23    02:33:35
     RnlpNjxPBcIzrLgd        dmis20        dmis18       1381000         1389000            8          02:33:27    02:33:35
     SlyXftOWNRJXWzKv        dmis13        dmis17       1385000         1385000            0          02:33:31    02:33:31
     AcHYBhPLUoDQolXG        dmis01        dmis17       1393000              -1           -1          02:33:39          ()
     cviwQUIkTPQKKgxf        dmis12        dmis13       1394000         1394000            0          02:33:40    02:33:40
     chLzoAAsRvgjXQKj        dmis14        dmis12       1396000         1396000            0          02:33:42    02:33:42
     VKbDPGdysUMAMdWO        dmis14        dmis13       1398000         1398000            0          02:33:44    02:33:44
     SwXubnrnqMswrDVS        dmis08        dmis05       1401000         1417000           16          02:33:47    02:34:03
     MjPaJqsALbKktWuo        dmis14        dmis20       1404000         1404000            0          02:33:50    02:33:50
     jvRYDwYxqKXcqvQc        dmis14        dmis01       1407000         1407000            0          02:33:53    02:33:53
     EksTjRBqoMRztkhv        dmis12        dmis08       1411000         1418000            7          02:33:57    02:34:04
     PglSQttwGqDopkbh        dmis13        dmis12       1412000         1417000            5          02:33:58    02:34:03
     GpRYMbiFtZRdHpiN        dmis12        dmis08       1415000         1418000            3          02:34:01    02:34:04
     XVfzBZrGSnVeiHpI        dmis01        dmis05       1416000         1416000            0          02:34:02    02:34:02
     lyiMFzZbOeRcRqlP        dmis01        dmis20       1417000         1418000            1          02:34:03    02:34:04
     bcikvJclXTKqGSMm        dmis12        dmis13       1421000         1421000            0          02:34:07    02:34:07
     CkKRHggtpkmpkbfl        dmis05        dmis12       1429000         1429000            0          02:34:15    02:34:15
     XzfFuvBJmkHilrDa        dmis13        dmis20       1433000         1433000            0          02:34:19    02:34:19
     zAeXsRRwlSvJETpw        dmis08        dmis05       1438000              -1           -1          02:34:24          ()
     rRzpLbhOGJbzfxtX        dmis20        dmis05       1438000         1438000            0          02:34:24    02:34:24
     EiFQyzqLACVTbRJM        dmis14        dmis13       1439000         1439000            0          02:34:25    02:34:25
     nAKsWIQOVpQlLjnR        dmis14        dmis13       1439000         1439000            0          02:34:25    02:34:25
     ZPSPKONTeqJVcKdC        dmis13        dmis20       1447000         1447000            0          02:34:33    02:34:33
     mgOaplrQPZRgKAjE        dmis20        dmis05       1450000         1450000            0          02:34:36    02:34:36
     rSHrUAcuEXQhPbTE        dmis14        dmis20       1450000         1450000            0          02:34:36    02:34:36
     VQAYSvjSITIHlscN        dmis05        dmis13       1452000         1452000            0          02:34:38    02:34:38
     DMgkumfJxTAHVivs        dmis05        dmis20       1454000         1454000            0          02:34:40    02:34:40
     rkTclCsulVTrVmQJ        dmis20        dmis13       1462000         1462000            0          02:34:48    02:34:48
     LKhffIPruwzGpcio        dmis13        dmis20       1470000         1470000            0          02:34:56    02:34:56
     tDeerRzXKiSoTxQg        dmis13        dmis20       1471000         1471000            0          02:34:57    02:34:57
     sgljrCCIBtOOTzUM        dmis20        dmis13       1473000         1473000            0          02:34:59    02:34:59
     hzmmhDfCBEKsjSGC        dmis13        dmis20       1475000         1475000            0          02:35:01    02:35:01
     KpqVRkpcgLVDXLmS        dmis20        dmis13       1476000         1476000            0          02:35:02    02:35:02
