[Global]
  start time        : 2020-05-24 02:49:09
  duration (s)      : 1581
  active nodes      : 10
  messages sent     : 446 
  messages received : 429 (96%)
  messages lost     : 17 
  rcv duration (s)  : 0, 545, 42 (min, max, avg) 

[Nodes]
---------------------------------------------------------------------------------------------------------
    NodeId    duration (s)   sndEvts   nbRcv/total   minNhb   maxNhb   outCon    inCon   rcvDuration (s)
---------------------------------------------------------------------------------------------------------
     dmis01      1319          47         38/39         1        5         13       23    (0, 275, 72)
     dmis05      1380          43         38/42         1        6         24       22    (0, 251, 54)
     dmis08      1410          41         48/50         1        6         28       30    (0, 186, 26)
     dmis09      1350          40         39/42         1        7         26       18    (0, 205, 29)
     dmis12      1380          51         53/53         1        5         21       31    (0, 199, 42)
     dmis13      1380          48         45/46         1        7         26       29    (0, 545, 53)
     dmis14      1349          41         42/42         1        6         36       23    (0, 151, 28)
     dmis17      1290          37         32/37         1        4         23       21    (0, 128, 31)
     dmis18      1379          49         36/37         1        5         22       19    (0, 212, 49)
     dmis20      1379          49         58/58         1        9         19       22    (0, 211, 41)

[Messages]
-----------------------------------------------------------------------------------------------------------------------------
        MessageId             src           dst         sndStep         rcvStep     rcvDuration (s)   sndTime     rcvTime
-----------------------------------------------------------------------------------------------------------------------------
     RcoGYfzZrHVNFuYV        dmis08        dmis09         11000           11000            0          02:49:20    02:49:20
     jGYIhPjubHwlaPmS        dmis09        dmis08         15000           15000            0          02:49:24    02:49:24
     qQlHHomhpBzYHTNQ        dmis09        dmis08         16000           16000            0          02:49:25    02:49:25
     zLbjAMfduCpWrBOH        dmis09        dmis08         19000           19000            0          02:49:28    02:49:28
     VEJpgSmytBWSTKAL        dmis08        dmis09         20000           20000            0          02:49:29    02:49:29
     IosOIgnbIjwBwyOL        dmis08        dmis09         22000           22000            0          02:49:31    02:49:31
     pqrnvsOpaJcheCFB        dmis08        dmis09         22000           22000            0          02:49:31    02:49:31
     TBRArdkHgJhNCUgD        dmis09        dmis08         22000           22000            0          02:49:31    02:49:31
     RRYcuuxIAIuuYeDB        dmis05        dmis09         28000           54000           26          02:49:37    02:50:03
     FJMIvSLPuCnnGDUz        dmis09        dmis18         29000          130000          101          02:49:38    02:51:19
     OIALapaaYEKEhpfP        dmis08        dmis18         34000           91000           57          02:49:43    02:50:40
     QGBSTCAzzjMoFVdw        dmis05        dmis18         35000           91000           56          02:49:44    02:50:40
     LKvFemIkRmzBiVFy        dmis12        dmis08         36000           36000            0          02:49:45    02:49:45
     FGAwleEGqPBwxzpi        dmis12        dmis18         40000           91000           51          02:49:49    02:50:40
     LHnzekVkBjiTiOFP        dmis18        dmis05         53000          144000           91          02:50:02    02:51:33
     hucUaGATYcpvdgDn        dmis12        dmis08         64000          126000           62          02:50:13    02:51:15
     jmNPyYaRkbtUzAUe        dmis12        dmis08         64000          126000           62          02:50:13    02:51:15
     fLCwrMFxXMNbGvEO        dmis09        dmis05         65000          144000           79          02:50:14    02:51:33
     fxENEtqOeMRAkGNA        dmis08        dmis09         67000           67000            0          02:50:16    02:50:16
     oDakzaTZIPuGUzJK        dmis05        dmis09         71000          144000           73          02:50:20    02:51:33
     DBRkFRELYwVguBbg        dmis18        dmis12         76000          129000           53          02:50:25    02:51:18
     KohqyccBOlWWZdLe        dmis18        dmis05         90000          144000           54          02:50:39    02:51:33
     dkvgzJiSduQnfQhv        dmis14        dmis01         95000          144000           49          02:50:44    02:51:33
     bwHfEzHFMqohNitn        dmis01        dmis08         95000          146000           51          02:50:44    02:51:35
     tSEtQglCiEYHeSnN        dmis12        dmis18         97000          146000           49          02:50:46    02:51:35
     vfrWUYfuNdtxvVey        dmis14        dmis12        107000          129000           22          02:50:56    02:51:18
     eTYzLJRHOGUukqvp        dmis09        dmis14        108000          130000           22          02:50:57    02:51:19
     gcgFnRZrNPgTFnQC        dmis14        dmis17        112000          144000           32          02:51:01    02:51:33
     EXnxlTwKFjLOgqek        dmis09        dmis14        123000          130000            7          02:51:12    02:51:19
     LPZRzZuWMBFZwXZk        dmis17        dmis05        127000          138000           11          02:51:16    02:51:27
     VKbrIgLYjfXhachg        dmis14        dmis09        128000          130000            2          02:51:17    02:51:19
     fleYpFxqqLEVikrw        dmis05        dmis18        138000          144000            6          02:51:27    02:51:33
     PpIPxiIvMAQQGVFZ        dmis12        dmis14        139000          146000            7          02:51:28    02:51:35
     jOPFzTFBNhlKFqBE        dmis13        dmis20        145000          145000            0          02:51:34    02:51:34
     gDpoWvZURwClzETj        dmis18        dmis20        147000          147000            0          02:51:36    02:51:36
     GooTHnMuFSPkIGpf        dmis14        dmis09        151000          151000            0          02:51:40    02:51:40
     UuBVgvdLRfeFhgau        dmis17        dmis08        155000          158000            3          02:51:44    02:51:47
     jcmwLFFblbXvTtKx        dmis09        dmis14        157000          157000            0          02:51:46    02:51:46
     QomQDmtdtdIAUpRZ        dmis08        dmis12        159000          159000            0          02:51:48    02:51:48
     pvovqEjvTCVFKlgA        dmis08        dmis12        171000          171000            0          02:52:00    02:52:00
     PFAXGrUkbyWwaxqb        dmis01        dmis05        171000          171000            0          02:52:00    02:52:00
     zsTEgmHzRpZnhROw        dmis08        dmis20        172000          172000            0          02:52:01    02:52:01
     NUjPUEOCtKKnjuAQ        dmis05        dmis20        173000          174000            1          02:52:02    02:52:03
     xBlyBivPlCOHcNtW        dmis17        dmis14        174000          179000            5          02:52:03    02:52:08
     SYUGtTqYccoLssVd        dmis09        dmis05        174000          252000           78          02:52:03    02:53:21
     uhbIoiJAjHVcaicu        dmis09        dmis20        181000          204000           23          02:52:10    02:52:33
     SqwAwhaimYpPCwVi        dmis14        dmis05        181000          252000           71          02:52:10    02:53:21
     OcRHiCcbezHrKpRL        dmis08        dmis17        192000          258000           66          02:52:21    02:53:27
     TXJaZSFLjvuyfpLw        dmis01        dmis08        196000          247000           51          02:52:25    02:53:16
     xEtvqSFqWdDJcpbD        dmis20        dmis17        199000          199000            0          02:52:28    02:52:28
     qLtgSElaKjjOEwCt        dmis12        dmis14        199000          211000           12          02:52:28    02:52:40
     SbcTFeWtpTpQWDVF        dmis18        dmis14        205000          211000            6          02:52:34    02:52:40
     mLDTZqoEKFqsNFZF        dmis14        dmis20        206000          216000           10          02:52:35    02:52:45
     DAVHmypmJmBRdXmc        dmis20        dmis13        209000          241000           32          02:52:38    02:53:10
     IyabrrBWtQHnieSD        dmis09        dmis05        210000          252000           42          02:52:39    02:53:21
     BhytBFKxIPInelsk        dmis20        dmis05        217000          252000           35          02:52:46    02:53:21
     VOWdfQPIoLepiWSE        dmis01        dmis13        221000          433000          212          02:52:50    02:56:22
     hEqwLppEaTziFtFV        dmis05        dmis01        221000          317000           96          02:52:50    02:54:26
     JUtQpYdIeiQlQQFQ        dmis17        dmis18        221000          267000           46          02:52:50    02:53:36
     VvIUfIETGTIiRgSe        dmis14        dmis01        227000          227000            0          02:52:56    02:52:56
     nqKhUyJnLVdwpDnY        dmis05        dmis08        232000          306000           74          02:53:01    02:54:15
     RwzsMpWYVPTIuSoS        dmis14        dmis08        239000          247000            8          02:53:08    02:53:16
     OTNcbwCMdaOFisas        dmis09        dmis05        239000          414000          175          02:53:08    02:56:03
     ZCueJLlheBqpJXrv        dmis13        dmis17        241000          258000           17          02:53:10    02:53:27
     UtovBlMMOBtsQMQA        dmis17        dmis08        245000          252000            7          02:53:14    02:53:21
     HKpNyXnROOeVFSrW        dmis08        dmis01        257000          276000           19          02:53:26    02:53:45
     IMTEhSaAoDnNhhyB        dmis18        dmis09        259000          309000           50          02:53:28    02:54:18
     RatKTwGmmPbXUTck        dmis09        dmis17        262000          309000           47          02:53:31    02:54:18
     KAuphTlwMAPkFKPP        dmis18        dmis12        271000          357000           86          02:53:40    02:55:06
     ngaoCirpRfZYvcCW        dmis13        dmis12        273000          273000            0          02:53:42    02:53:42
     wIVfcWhSzuFidGJN        dmis18        dmis12        281000          356000           75          02:53:50    02:55:05
     ikSZiVHOFxBwQhOK        dmis17        dmis20        282000          282000            0          02:53:51    02:53:51
     IGFPzQONSDzyPpPN        dmis18        dmis12        294000          356000           62          02:54:03    02:55:05
     AcHDotpEUIyLWoNG        dmis17        dmis12        304000          355000           51          02:54:13    02:55:04
     QWoVgSqNnBxGHqma        dmis14        dmis08        305000          305000            0          02:54:14    02:54:14
     zLueHBWIVeQBKbQs        dmis18        dmis20        306000          306000            0          02:54:15    02:54:15
     EXboIOXoSnDBMVyC        dmis13        dmis05        311000          311000            0          02:54:20    02:54:20
     vdEuWLHHIEfNvQLS        dmis01        dmis05        322000          414000           92          02:54:31    02:56:03
     nMiKwtIjTaBzyIbO        dmis12        dmis08        322000          322000            0          02:54:31    02:54:31
     jvKINaXGDxGUovjp        dmis18        dmis12        324000          358000           34          02:54:33    02:55:07
     JDvvTmBTfacntjii        dmis05        dmis14        327000          456000          129          02:54:36    02:56:45
     DbsHLKXCPyAMBcIH        dmis13        dmis09        328000          391000           63          02:54:37    02:55:40
     VWUNcHpMRyAXwEqJ        dmis12        dmis08        333000          519000          186          02:54:42    02:57:48
     zSpVSAiDwlanqnma        dmis05        dmis18        334000          334000            0          02:54:43    02:54:43
     sjXNvyjcalpWWxeX        dmis05        dmis01        335000          504000          169          02:54:44    02:57:33
     ZJxjauaSjDVyaWCg        dmis13        dmis05        339000          446000          107          02:54:48    02:56:35
     UiDFmhGrGPkTeDEn        dmis08        dmis09        341000          341000            0          02:54:50    02:54:50
     LntXLILvxmOcjCeL        dmis20        dmis09        344000          344000            0          02:54:53    02:54:53
     QUbotoghEkFMFWIb        dmis08        dmis14        345000          345000            0          02:54:54    02:54:54
     EHVlxmvozzfIvzOR        dmis01        dmis13        347000          434000           87          02:54:56    02:56:23
     IDtpeqXBupcGrTYA        dmis18        dmis01        348000          623000          275          02:54:57    02:59:32
     QkLEkIMpHULxRUNA        dmis18        dmis13        353000          482000          129          02:55:02    02:57:11
     MMtabRYyGRhDmXvc        dmis14        dmis20        357000          357000            0          02:55:06    02:55:06
     DUNzFXgndNCyDnrK        dmis01        dmis12        359000          456000           97          02:55:08    02:56:45
     pWSiYCLWqnMicYiX        dmis05        dmis12        365000          456000           91          02:55:14    02:56:45
     aFFLcmzImbGcKuoM        dmis17        dmis13        366000          402000           36          02:55:15    02:55:51
     xIPBYpFUEHAxcbYT        dmis18        dmis01        373000          623000          250          02:55:22    02:59:32
     llZYvnPdhBAAvPaT        dmis18        dmis13        375000          482000          107          02:55:24    02:57:11
     HNGvUPocEyxlccyS        dmis08        dmis17        378000          402000           24          02:55:27    02:55:51
     ybgtpOcwBHiggshp        dmis08        dmis17        379000          402000           23          02:55:28    02:55:51
     VOVUbTKAsPKqpaJu        dmis01        dmis20        381000          499000          118          02:55:30    02:57:28
     fqKBfZflZDYbhxTh        dmis08        dmis05        386000          443000           57          02:55:35    02:56:32
     JCGkKSjUIShodAyr        dmis20        dmis17        389000          517000          128          02:55:38    02:57:46
     hHKeHTgIGwECvkbL        dmis05        dmis13        392000          482000           90          02:55:41    02:57:11
     IvvHYIfQWRYAPJxy        dmis05        dmis13        403000          480000           77          02:55:52    02:57:09
     NSQzcCwzOkBYMilX        dmis20        dmis12        405000          456000           51          02:55:54    02:56:45
     UYvbVdQYQsZtiqFd        dmis01        dmis09        406000          521000          115          02:55:55    02:57:50
     qaWNVEyOEBQcjtsG        dmis12        dmis08        413000          521000          108          02:56:02    02:57:50
     vlzBdrQSSoybELcq        dmis14        dmis17        415000          517000          102          02:56:04    02:57:46
     pPurwldPKfMgKcsC        dmis12        dmis14        425000          425000            0          02:56:14    02:56:14
     MPmplrbRrswbmYtd        dmis09        dmis08        426000          457000           31          02:56:15    02:56:46
     XUNIEmktLmHOoqvQ        dmis13        dmis01        430000          506000           76          02:56:19    02:57:35
     SieAblKkjQogCqRl        dmis05        dmis09        431000          431000            0          02:56:20    02:56:20
     ysWYjBTNjVlNWLiK        dmis18        dmis05        436000          436000            0          02:56:25    02:56:25
     GdzjWkmQZWIQzrMt        dmis01        dmis12        438000          497000           59          02:56:27    02:57:26
     BoquKyHzoIwKeaUQ        dmis09        dmis08        440000          443000            3          02:56:29    02:56:32
     FopASNpYQHDZaVGR        dmis12        dmis18        441000          474000           33          02:56:30    02:57:03
     KCKJNNyZuNIGPajW        dmis12        dmis08        443000          519000           76          02:56:32    02:57:48
     PIICZlVqDUTQSmvt        dmis09        dmis14        445000          473000           28          02:56:34    02:57:02
     KthWmSRUKYiqajHO        dmis20        dmis17        446000          517000           71          02:56:35    02:57:46
     DxPFZlfqXiolqziD        dmis20        dmis14        447000          474000           27          02:56:36    02:57:03
     AnONMXmChkOlkIEB        dmis09        dmis14        451000          456000            5          02:56:40    02:56:45
     uRbGlScytlOtWXJz        dmis20        dmis08        462000          462000            0          02:56:51    02:56:51
     oaxIqoigxnIxLQQX        dmis12        dmis09        464000          474000           10          02:56:53    02:57:03
     LOulxzDVTevINTJh        dmis05        dmis17        465000          517000           52          02:56:54    02:57:46
     sAGHPHHjupQLRBIH        dmis12        dmis14        469000          469000            0          02:56:58    02:56:58
     BTBBPBVBHtBjpdpm        dmis13        dmis01        471000          506000           35          02:57:00    02:57:35
     WJkrWZWFAZgWOIrO        dmis18        dmis20        472000          472000            0          02:57:01    02:57:01
     yCAqSCotMwbSOLJv        dmis08        dmis09        473000          517000           44          02:57:02    02:57:46
     CnNLPGzABmnaXYKv        dmis18        dmis17        477000          517000           40          02:57:06    02:57:46
     HwoEvlLWkRuAcLpE        dmis18        dmis17        486000          517000           31          02:57:15    02:57:46
     DpHgcTqlJFUOxnZK        dmis05        dmis14        487000          487000            0          02:57:16    02:57:16
     WyGylLOiwEVoFFtZ        dmis20        dmis05        492000          492000            0          02:57:21    02:57:21
     ShXpMNQCgPyoHdTn        dmis01        dmis20        494000          497000            3          02:57:23    02:57:26
     gsZcelvGhdwiXLCP        dmis01        dmis13        496000          623000          127          02:57:25    02:59:32
     SzGFmwJUNhKulfkT        dmis01        dmis12        499000          499000            0          02:57:28    02:57:28
     ZvqaOQbvkKYwHVaE        dmis14        dmis20        502000          502000            0          02:57:31    02:57:31
     YcqpkrrnfhnEfzZM        dmis18        dmis12        502000          502000            0          02:57:31    02:57:31
     YxpOQEUnOsAmHnSH        dmis17        dmis01        504000          623000          119          02:57:33    02:59:32
     wvGknIIivwCrVNst        dmis20        dmis13        507000          571000           64          02:57:36    02:58:40
     XFweRixCufSkXQCy        dmis13        dmis01        509000          623000          114          02:57:38    02:59:32
     gbfLUWDNkDOqQQGP        dmis14        dmis01        510000          623000          113          02:57:39    02:59:32
     NysCQtzadxYmUAQa        dmis14        dmis08        511000          521000           10          02:57:40    02:57:50
     mZRZmFikjdzqlSqH        dmis20        dmis14        513000          519000            6          02:57:42    02:57:48
     cVWbubWnfryuMJCp        dmis05        dmis13        514000          571000           57          02:57:43    02:58:40
     PWRdEblCZpvUdOoR        dmis20        dmis09        515000          521000            6          02:57:44    02:57:50
     pHQdPAoAgpRrJhAz        dmis20        dmis09        521000          521000            0          02:57:50    02:57:50
     yjyeWTKFWJOTuSkm        dmis01        dmis14        522000          623000          101          02:57:51    02:59:32
     uxswluGxvObfiRtJ        dmis17        dmis09        523000          523000            0          02:57:52    02:57:52
     TRtHndCDMOzXUJtU        dmis01        dmis08        527000          623000           96          02:57:56    02:59:32
     YLYbhoOsvkgSyHDA        dmis05        dmis12        528000          528000            0          02:57:57    02:57:57
     JGCaJxBSsccHHTvF        dmis13        dmis20        529000          571000           42          02:57:58    02:58:40
     BfRRtZYQnGPYwhVq        dmis12        dmis09        537000          575000           38          02:58:06    02:58:44
     HeXwLghfXXQOayvC        dmis12        dmis18        539000          539000            0          02:58:08    02:58:08
     aRJSZIWVpPgOFknQ        dmis13        dmis17        541000          583000           42          02:58:10    02:58:52
     VnSraEPMXLnZwegW        dmis18        dmis12        542000          542000            0          02:58:11    02:58:11
     dxLYVQLHVbXMSfdh        dmis14        dmis01        546000          623000           77          02:58:15    02:59:32
     bVyIwDvwIuxPtTWt        dmis08        dmis18        550000          571000           21          02:58:19    02:58:40
     fOtaOTsDzJdxQANx        dmis12        dmis14        555000          555000            0          02:58:24    02:58:24
     uRYqKJyGUmcoemcX        dmis01        dmis13        558000         1103000          545          02:58:27    03:07:32
     CbBzcZMKqMeFXiwy        dmis05        dmis09        559000          571000           12          02:58:28    02:58:40
     QPsAOUsJyWqgsons        dmis13        dmis05        560000          798000          238          02:58:29    03:02:27
     qmFSxBKDvEVnsSjT        dmis09        dmis13        566000          571000            5          02:58:35    02:58:40
     HykHIJeAykoFvdXN        dmis13        dmis18        567000          571000            4          02:58:36    02:58:40
     EnvptDWrcpHdpFhv        dmis12        dmis09        575000          575000            0          02:58:44    02:58:44
     dUejVpLVhJrMxFDo        dmis20        dmis05        575000          804000          229          02:58:44    03:02:33
     UubblrtGCczaJccm        dmis05        dmis18        577000          577000            0          02:58:46    02:58:46
     tAvJuOmvZRTQsGPW        dmis12        dmis09        577000          577000            0          02:58:46    02:58:46
     SpnjLiSMGKuYYHri        dmis13        dmis18        580000          792000          212          02:58:49    03:02:21
     gwOSpffumVYruXGS        dmis18        dmis20        586000          797000          211          02:58:55    03:02:26
     HdPpMvrMGGTDJQqe        dmis13        dmis12        588000          588000            0          02:58:57    02:58:57
     XwlPBzLnVMHlZqia        dmis08        dmis09        590000          590000            0          02:58:59    02:58:59
     DXlWqKWVJxhfXzfb        dmis14        dmis01        590000          623000           33          02:58:59    02:59:32
     MyLNEczCNodLsjHa        dmis18        dmis12        598000          797000          199          02:59:07    03:02:26
     oIxfOsUCmuqTjidD        dmis17        dmis13        603000          603000            0          02:59:12    02:59:12
     dwETbIwNxVnrhGld        dmis01        dmis12        604000          623000           19          02:59:13    02:59:32
     ZjWJuuRoGvCmIhjn        dmis01        dmis08        607000          623000           16          02:59:16    02:59:32
     FXBsrisoWtVHNoqb        dmis17        dmis12        610000          610000            0          02:59:19    02:59:19
     vlOPqmIsBRXRweOs        dmis12        dmis01        611000          623000           12          02:59:20    02:59:32
     hjbBzQyzHrRZAGyV        dmis12        dmis08        612000          612000            0          02:59:21    02:59:21
     zsZuKmcGnZUffXPk        dmis14        dmis20        613000          729000          116          02:59:22    03:01:18
     ypImjCqwyiRjqUMx        dmis17        dmis14        620000          620000            0          02:59:29    02:59:29
     gziSYWWfgKTSsxtk        dmis09        dmis01        624000          882000          258          02:59:33    03:03:51
     IgPtQjfwvzvWIoeR        dmis13        dmis01        625000          625000            0          02:59:34    02:59:34
     NGkkMGGuadkVyIov        dmis08        dmis18        629000          792000          163          02:59:38    03:02:21
     hvSwdAQpvqHrPnLC        dmis18        dmis12        634000          797000          163          02:59:43    03:02:26
     uQQnYiewdZdQQVSo        dmis17        dmis18        640000          792000          152          02:59:49    03:02:21
     nYRSaqWNhByznIAu        dmis18        dmis12        642000          797000          155          02:59:51    03:02:26
     ROmhaUceoBVKGJEp        dmis12        dmis20        642000          729000           87          02:59:51    03:01:18
     lcduFVsFekPWGdua        dmis17        dmis14        651000          679000           28          03:00:00    03:00:28
     fAliZWvxIEIIwRkj        dmis08        dmis05        657000          792000          135          03:00:06    03:02:21
     uGQwYQxFioFkUFfo        dmis12        dmis20        659000          729000           70          03:00:08    03:01:18
     fpIgYGvvekMNszQr        dmis01        dmis13        663000          954000          291          03:00:12    03:05:03
     tUXtqBxEdURlfvAc        dmis12        dmis08        667000          667000            0          03:00:16    03:00:16
     rvJGQaswiOBuEuam        dmis13        dmis08        669000          698000           29          03:00:18    03:00:47
     ZXtLDZIfFSadAQzh        dmis08        dmis13        670000          699000           29          03:00:19    03:00:48
     nVrEwFeCwVTgcVFH        dmis20        dmis17        674000          729000           55          03:00:23    03:01:18
     lYEkbpNwTkmldvGj        dmis09        dmis14        686000          726000           40          03:00:35    03:01:15
     IoCFkWTQrYEBfNrk        dmis01        dmis05        689000          940000          251          03:00:38    03:04:49
     wqDumzbsjUkdTfPe        dmis09        dmis17        690000          697000            7          03:00:39    03:00:46
     FZSDGPAmaOZsnrmx        dmis01        dmis08        703000          882000          179          03:00:52    03:03:51
     AriqAPoVRlRzzVTt        dmis13        dmis18        706000          792000           86          03:00:55    03:02:21
     FDLHCZruoYBlgAlC        dmis05        dmis20        709000          797000           88          03:00:58    03:02:26
     PJRLAeGHNzVMfyaU        dmis20        dmis17        710000          729000           19          03:00:59    03:01:18
     wmfHgboIdpkMTmAy        dmis05        dmis12        715000          797000           82          03:01:04    03:02:26
     DSyBIxhsLoChTkXO        dmis12        dmis08        716000          755000           39          03:01:05    03:01:44
     VCgNPFlacsgZulCT        dmis14        dmis08        718000          728000           10          03:01:07    03:01:17
     GOcQKyjEwpfddYnk        dmis01        dmis09        735000          940000          205          03:01:24    03:04:49
     WsyszeUWapEckjKa        dmis20        dmis09        740000          740000            0          03:01:29    03:01:29
     GuRHJgGerSRuPafl        dmis09        dmis14        740000          740000            0          03:01:29    03:01:29
     eVhWYhBDDsOJpQnT        dmis12        dmis20        743000          790000           47          03:01:32    03:02:19
     InWTKFNvTqeoccEI        dmis12        dmis14        747000          747000            0          03:01:36    03:01:36
     FUtIuLYrchlRWytj        dmis18        dmis12        747000          797000           50          03:01:36    03:02:26
     qIhDhixSdkVWRKDx        dmis09        dmis18        755000          797000           42          03:01:44    03:02:26
     qmpSimpsQXCmqpYS        dmis08        dmis09        758000          758000            0          03:01:47    03:01:47
     xMDxdbNkDllQvnMb        dmis18        dmis01        765000          882000          117          03:01:54    03:03:51
     qCBJCvfnjjHqDHed        dmis13        dmis12        766000          816000           50          03:01:55    03:02:45
     GWfRcLxtfppURuHh        dmis09        dmis01        769000          882000          113          03:01:58    03:03:51
     TMQtUUQzvvqlTKce        dmis17        dmis18        770000          792000           22          03:01:59    03:02:21
     YmVaELxvXpwYMpTF        dmis13        dmis20        772000          817000           45          03:02:01    03:02:46
     SdnUhveVUZjBakvW        dmis20        dmis12        783000          787000            4          03:02:12    03:02:16
     rlHvlBrbzvmhVamr        dmis05        dmis18        786000          786000            0          03:02:15    03:02:15
     MHaTetzifQfLTbop        dmis17        dmis18        789000          792000            3          03:02:18    03:02:21
     RWoWsVjBeQRjZWOz        dmis13        dmis18        792000          792000            0          03:02:21    03:02:21
     evofcKDcBhGnSSPK        dmis20        dmis08        793000          793000            0          03:02:22    03:02:22
     VchFxlcsklvMvtIb        dmis20        dmis08        793000          793000            0          03:02:22    03:02:22
     YHNgwnswbTrQkDns        dmis01        dmis18        793000          954000          161          03:02:22    03:05:03
     rSLEqUKoLrrqqgAo        dmis01        dmis14        794000          911000          117          03:02:23    03:04:20
     mrZssPCXGMmzAMzR        dmis05        dmis01        795000          882000           87          03:02:24    03:03:51
     KlzoXWJwNgWcXQjP        dmis13        dmis20        802000          811000            9          03:02:31    03:02:40
     mrfrTNYahAdIqerj        dmis08        dmis14        808000          808000            0          03:02:37    03:02:37
     MZLGwUidmBmlZbKm        dmis13        dmis09        822000          849000           27          03:02:51    03:03:18
     OyJQKmulWbzOvobr        dmis20        dmis14        823000          865000           42          03:02:52    03:03:34
     NekjAaIVYAhRkLxz        dmis17        dmis09        829000          849000           20          03:02:58    03:03:18
     zMExvfbYZrjpiYKs        dmis12        dmis17        830000          866000           36          03:02:59    03:03:35
     sZswUthZLOLhPBwe        dmis17        dmis08        847000          877000           30          03:03:16    03:03:46
     ifleRjYTSLmOjiAG        dmis18        dmis12        850000          850000            0          03:03:19    03:03:19
     TiyStAMfLiSJBcmR        dmis20        dmis05        851000          851000            0          03:03:20    03:03:20
     FGnHjxCJYlcKWzjQ        dmis17        dmis18        853000          853000            0          03:03:22    03:03:22
     SjbavqVOPZCIoAAc        dmis08        dmis09        856000          863000            7          03:03:25    03:03:32
     UdGzHtlkgxCCKofu        dmis18        dmis17        871000          871000            0          03:03:40    03:03:40
     gBPQNRwbtSIaQZkn        dmis14        dmis20        873000          938000           65          03:03:42    03:04:47
     aenVxWwjKhqbIoHP        dmis17        dmis01        878000          882000            4          03:03:47    03:03:51
     NnWLcQiFJbXvElOx        dmis01        dmis08        878000          893000           15          03:03:47    03:04:02
     uFtntTPAtSKmzEvr        dmis08        dmis14        882000          910000           28          03:03:51    03:04:19
     mLALHMhXueZrwKgK        dmis13        dmis20        884000          884000            0          03:03:53    03:03:53
     uqzlcZGUKSJTajcx        dmis18        dmis12        892000          937000           45          03:04:01    03:04:46
     wwwhTBQtMSelTnbU        dmis17        dmis08        896000          896000            0          03:04:05    03:04:05
     rQrrMNcYxUZHKGZg        dmis17        dmis14        901000          997000           96          03:04:10    03:05:46
     YgOLjIMkdAsYcEpR        dmis05        dmis20        906000          947000           41          03:04:15    03:04:56
     xQLQhoNNCBmdonwO        dmis05        dmis18        907000          907000            0          03:04:16    03:04:16
     NYUKoryFqbnFdpjx        dmis08        dmis18        910000          986000           76          03:04:19    03:05:35
     EvoyyeRlzxwsnZOg        dmis17        dmis12        911000          953000           42          03:04:20    03:05:02
     CTCraNrcIxDclgxr        dmis14        dmis01        917000          947000           30          03:04:26    03:04:56
     jmJXGIAZAiZSKLHm        dmis14        dmis08        920000          920000            0          03:04:29    03:04:29
     dzDVVnjGFAXxixnx        dmis01        dmis12        925000          953000           28          03:04:34    03:05:02
     QfxevbdSVEzFNyor        dmis17        dmis01        926000          926000            0          03:04:35    03:04:35
     lGNVmBSHRXyvBcdC        dmis12        dmis13        927000          927000            0          03:04:36    03:04:36
     OIWvbihhhJltYqOs        dmis18        dmis09        927000          941000           14          03:04:36    03:04:50
     dVkNiEZehauDQvwl        dmis20        dmis09        928000          947000           19          03:04:37    03:04:56
     wCrUijHHiFCvhqCX        dmis17        dmis13        928000         1104000          176          03:04:37    03:07:33
     DUeyuQEHYYqzafrd        dmis20        dmis17        929000          947000           18          03:04:38    03:04:56
     VDmQYbSUwfgVJdOY        dmis08        dmis17        935000          935000            0          03:04:44    03:04:44
     njiRZqxkTuFxhtVM        dmis01        dmis05        937000          984000           47          03:04:46    03:05:33
     bkIRBhwSKKZNBilw        dmis08        dmis12        939000         1002000           63          03:04:48    03:05:51
     nxOmzjgVomszRIxS        dmis08        dmis14        953000          992000           39          03:05:02    03:05:41
     OHBLpemowXDgWPah        dmis12        dmis13        960000          960000            0          03:05:09    03:05:09
     cOmLWmDBYaaPnfnT        dmis09        dmis13        960000          992000           32          03:05:09    03:05:41
     THJWOHOaTNOvWZtj        dmis08        dmis12        962000         1002000           40          03:05:11    03:05:51
     wOdIpVpIuNdxQIZg        dmis12        dmis09        966000         1009000           43          03:05:15    03:05:58
     aBtKHUqPULsmgOym        dmis20        dmis13        967000          967000            0          03:05:16    03:05:16
     uNzDvNOyPIYSOPJl        dmis05        dmis17        969000          984000           15          03:05:18    03:05:33
     uaHposyvSXuCuHZj        dmis01        dmis12        971000         1002000           31          03:05:20    03:05:51
     YiXZTdUJROiIZhcS        dmis08        dmis05        975000          984000            9          03:05:24    03:05:33
     JRrfnbizCvmeYyqM        dmis13        dmis14        976000          976000            0          03:05:25    03:05:25
     jPflqLfafqvIzxfQ        dmis18        dmis09        980000         1001000           21          03:05:29    03:05:50
     bsndFKZmZogsJpAn        dmis09        dmis18        981000          986000            5          03:05:30    03:05:35
     YBDVDGNaNOGAPwtN        dmis17        dmis08        996000          996000            0          03:05:45    03:05:45
     YLjgwRqEYuCfmeEk        dmis17        dmis12        997000         1002000            5          03:05:46    03:05:51
     rashsQCNNyRJfRvZ        dmis01        dmis08        998000          998000            0          03:05:47    03:05:47
     sibTaadUWkregOsA        dmis01        dmis17        998000          998000            0          03:05:47    03:05:47
     FoZdceFafhQUOdpP        dmis09        dmis01        999000          999000            0          03:05:48    03:05:48
     BwSBwVvUHpANFToW        dmis01        dmis13       1001000         1032000           31          03:05:50    03:06:21
     RBugFGvDfAJbqKjo        dmis12        dmis01       1002000         1002000            0          03:05:51    03:05:51
     gkDgXwKFUoHHuGYf        dmis14        dmis20       1006000         1006000            0          03:05:55    03:05:55
     GuDpkTdNuRsIfqwb        dmis05        dmis18       1009000         1009000            0          03:05:58    03:05:58
     vidpYhEnhwymPTlq        dmis01        dmis20       1013000         1043000           30          03:06:02    03:06:32
     dxgykwyCewWumhGu        dmis05        dmis08       1017000         1017000            0          03:06:06    03:06:06
     OLOftffmuvjquDcV        dmis08        dmis01       1018000         1103000           85          03:06:07    03:07:32
     TjcbReaUPBMzmuLV        dmis14        dmis12       1024000         1116000           92          03:06:13    03:07:45
     ICKEsolTOesrjlWj        dmis20        dmis09       1025000         1137000          112          03:06:14    03:08:06
     jQytehqyNRQLBywM        dmis13        dmis08       1027000         1027000            0          03:06:16    03:06:16
     XCuenVqOkYhvnjIS        dmis09        dmis14       1027000         1116000           89          03:06:16    03:07:45
     fDNInVsuEDOCwewh        dmis18        dmis12       1028000         1116000           88          03:06:17    03:07:45
     BjJocMDxgVflleOR        dmis05        dmis09       1038000         1116000           78          03:06:27    03:07:45
     aOWplNzidCFTMFBD        dmis12        dmis14       1045000         1104000           59          03:06:34    03:07:33
     hiHmqundLvfARznr        dmis17        dmis12       1046000         1116000           70          03:06:35    03:07:45
     kwZiPpMOJovWUCIc        dmis17        dmis20       1047000         1237000          190          03:06:36    03:09:46
     mqoCmdiXyPZpomia        dmis17        dmis01       1049000         1224000          175          03:06:38    03:09:33
     BUporqQXMoUYvAUy        dmis05        dmis18       1058000         1058000            0          03:06:47    03:06:47
     vBsLOZLwqIergLhN        dmis18        dmis12       1061000         1116000           55          03:06:50    03:07:45
     nZUgFrPwfzHeGJyW        dmis08        dmis17       1064000         1129000           65          03:06:53    03:07:58
     EobBmoJgCqNyznDU        dmis14        dmis12       1067000         1116000           49          03:06:56    03:07:45
     oxYCsqyyvODtuZAP        dmis18        dmis14       1073000         1098000           25          03:07:02    03:07:27
     IVKPdHtjJEMBQVPQ        dmis12        dmis18       1081000         1224000          143          03:07:10    03:09:33
     RFRPcPKKGkxNFnma        dmis01        dmis20       1084000         1084000            0          03:07:13    03:07:13
     vRSVZwKIujVjEIbw        dmis01        dmis17       1085000         1122000           37          03:07:14    03:07:51
     opUWjkLFxFSgVSsf        dmis20        dmis18       1085000         1224000          139          03:07:14    03:09:33
     ZjxcoEcVLSrzxGQW        dmis09        dmis17       1091000         1091000            0          03:07:20    03:07:20
     SNRfqChuztyxSOLD        dmis13        dmis20       1092000         1103000           11          03:07:21    03:07:32
     ovlqMxCsIaHPnTsJ        dmis01        dmis17       1096000         1122000           26          03:07:25    03:07:51
     duAtuNPmwTDegnRX        dmis18        dmis14       1101000         1101000            0          03:07:30    03:07:30
     lnHxbghekMzWTCcB        dmis12        dmis20       1105000         1237000          132          03:07:34    03:09:46
     hLWNvmmiFcUIASuU        dmis13        dmis20       1112000         1112000            0          03:07:41    03:07:41
     jNaYIqMuQvPdEaxg        dmis09        dmis05       1113000         1165000           52          03:07:42    03:08:34
     lEMoqpnwMUjAYXrA        dmis05        dmis08       1115000         1115000            0          03:07:44    03:07:44
     SiqLyIklWeLTgGrs        dmis05        dmis20       1120000         1120000            0          03:07:49    03:07:49
     kGGcxvbkpMKoKDqe        dmis05        dmis14       1124000         1124000            0          03:07:53    03:07:53
     XPDSwlGQGQJDtLaG        dmis08        dmis20       1127000         1237000          110          03:07:56    03:09:46
     KPbEHzcdQFYkhzak        dmis18        dmis20       1127000         1224000           97          03:07:56    03:09:33
     WcJQTUJHYEYJPVTG        dmis20        dmis18       1129000         1224000           95          03:07:58    03:09:33
     hOaxqhRPcSOwizap        dmis13        dmis20       1132000         1237000          105          03:08:01    03:09:46
     jViZzMwNFNOEuFBD        dmis09        dmis20       1133000         1237000          104          03:08:02    03:09:46
     TcDPQVbOqhSxWlui        dmis18        dmis01       1139000         1224000           85          03:08:08    03:09:33
     DvMMwqPmyqxFPZrk        dmis18        dmis20       1140000         1224000           84          03:08:09    03:09:33
     MpCWbPBzWVFRpXyl        dmis20        dmis01       1141000         1251000          110          03:08:10    03:10:00
     JiiaxxqJnMhiQrMc        dmis17        dmis08       1143000         1147000            4          03:08:12    03:08:16
     LGrkoBXkiIFoQWGC        dmis05        dmis13       1145000         1145000            0          03:08:14    03:08:14
     BhcuDLceRCNHxink        dmis20        dmis09       1145000         1224000           79          03:08:14    03:09:33
     LkgmiRUDCrogCqCs        dmis01        dmis08       1154000         1157000            3          03:08:23    03:08:26
     NWdiLRqSvMBxgVsn        dmis13        dmis05       1161000         1161000            0          03:08:30    03:08:30
     mUMRldQTCxzKIAGF        dmis08        dmis13       1163000         1163000            0          03:08:32    03:08:32
     ZiVQmVKbYZAMtNHX        dmis14        dmis17       1169000         1169000            0          03:08:38    03:08:38
     HCgwGotGGtyUhGxs        dmis17        dmis20       1171000         1237000           66          03:08:40    03:09:46
     xrIbgLAEjHvygvKH        dmis20        dmis13       1171000         1231000           60          03:08:40    03:09:40
     UBdeurzkNQQTsPZC        dmis09        dmis01       1179000         1223000           44          03:08:48    03:09:32
     bwCtrfhImBHKpbSS        dmis18        dmis09       1180000              -1           -1          03:08:49          ()
     KhdMUAbbnPhHWIMQ        dmis09        dmis20       1185000         1237000           52          03:08:54    03:09:46
     aMTdVOOEsBgLYxdk        dmis12        dmis08       1187000         1206000           19          03:08:56    03:09:15
     eoEHBGntiDCinrUn        dmis20        dmis12       1188000         1224000           36          03:08:57    03:09:33
     ICoqPqUYzRZFmJOq        dmis20        dmis17       1189000         1224000           35          03:08:58    03:09:33
     OhtmEJxSXECNVorf        dmis17        dmis01       1190000         1240000           50          03:08:59    03:09:49
     LnjotqsgEtEyxGBx        dmis12        dmis13       1191000         1206000           15          03:09:00    03:09:15
     wgguxWHVmecDdVpG        dmis18        dmis08       1194000         1227000           33          03:09:03    03:09:36
     UWBPKRuFscqrbVdM        dmis12        dmis05       1196000         1206000           10          03:09:05    03:09:15
     JsmBbGqFyGcGIEyv        dmis13        dmis20       1201000         1237000           36          03:09:10    03:09:46
     QyBYowFUrdrzJqRa        dmis17        dmis18       1205000         1224000           19          03:09:14    03:09:33
     LqkZNNTXpANCWfNH        dmis01        dmis14       1205000         1224000           19          03:09:14    03:09:33
     RwvZnRCPLtVPJahW        dmis01        dmis13       1209000         1224000           15          03:09:18    03:09:33
     AdDNUvGRKhoQEGGQ        dmis13        dmis12       1213000         1213000            0          03:09:22    03:09:22
     zavyyEtmIXrnSHUL        dmis18        dmis12       1215000         1296000           81          03:09:24    03:10:45
     rRalzhvnlcYAdsUb        dmis18        dmis20       1215000         1227000           12          03:09:24    03:09:36
     pMZnzGdfwMkPZkXm        dmis08        dmis01       1216000         1224000            8          03:09:25    03:09:33
     zszaAptluxtHOPww        dmis20        dmis18       1222000         1256000           34          03:09:31    03:10:05
     HlFuoXnQWNAFnIMe        dmis08        dmis14       1223000         1223000            0          03:09:32    03:09:32
     MPVIhuuwMkpfaRjm        dmis09        dmis18       1227000         1227000            0          03:09:36    03:09:36
     TKoICijbBiiptXhS        dmis20        dmis14       1232000         1232000            0          03:09:41    03:09:41
     xMmcYlwVrYlOOCTg        dmis17        dmis05       1233000         1233000            0          03:09:42    03:09:42
     aUWzDrNqtnQYFmBe        dmis18        dmis05       1234000         1297000           63          03:09:43    03:10:46
     RjusyqDuNyDCPaAI        dmis20        dmis12       1236000         1244000            8          03:09:45    03:09:53
     SrVFGqfVQuaMbpVS        dmis01        dmis20       1236000         1236000            0          03:09:45    03:09:45
     LSRYmWNXplMANvYF        dmis01        dmis17       1237000         1237000            0          03:09:46    03:09:46
     ovMVLRsdNsQOInGV        dmis01        dmis20       1238000         1238000            0          03:09:47    03:09:47
     mPSPzbsDjBSeaaWR        dmis20        dmis12       1239000         1244000            5          03:09:48    03:09:53
     imaeeUkIPqInXMKt        dmis12        dmis13       1241000         1241000            0          03:09:50    03:09:50
     AurdakJyQnHyRfvT        dmis13        dmis14       1246000         1397000          151          03:09:55    03:12:26
     DlaQzJWDCmbDbgxa        dmis14        dmis09       1249000         1337000           88          03:09:58    03:11:26
     ostdPdGNchzXwJwa        dmis14        dmis13       1250000         1262000           12          03:09:59    03:10:11
     iYjEuPvGylYESEuU        dmis13        dmis01       1251000         1251000            0          03:10:00    03:10:00
     UxQVIoyMcbpehMGY        dmis14        dmis17       1256000         1273000           17          03:10:05    03:10:22
     GZbvFjKHSMhpvDpp        dmis14        dmis08       1265000         1268000            3          03:10:14    03:10:17
     ZoYByjaQwHRPomkY        dmis13        dmis20       1273000         1337000           64          03:10:22    03:11:26
     INjtFfYzJQQKLvxw        dmis12        dmis14       1277000         1337000           60          03:10:26    03:11:26
     CfklVIzYlPcsdkqm        dmis14        dmis13       1278000         1352000           74          03:10:27    03:11:41
     PXCPBxcMuVBOevAf        dmis18        dmis13       1281000         1286000            5          03:10:30    03:10:35
     ltehibNimLNeSJBt        dmis13        dmis01       1283000         1284000            1          03:10:32    03:10:33
     RYgvqvnlIGkoSLUj        dmis18        dmis12       1285000         1294000            9          03:10:34    03:10:43
     jTLjjQfWoIydkBnx        dmis20        dmis01       1287000         1416000          129          03:10:36    03:12:45
     kZZowDCtydJDzjkS        dmis18        dmis20       1290000         1419000          129          03:10:39    03:12:48
     qgOrJgUvjpzjpYDa        dmis20        dmis09       1290000              -1           -1          03:10:39          ()
     IyUUWjRNWfnJANQO        dmis01        dmis05       1295000         1295000            0          03:10:44    03:10:44
     XzUXIwOGFFXvRhtc        dmis13        dmis12       1296000         1296000            0          03:10:45    03:10:45
     HZAnwmylCIabunvF        dmis12        dmis14       1297000         1337000           40          03:10:46    03:11:26
     agAhlyjUQZgBvDXE        dmis12        dmis17       1301000              -1           -1          03:10:50          ()
     kTjPFUYxGfMblDSN        dmis14        dmis05       1304000         1434000          130          03:10:53    03:13:03
     YmYuMZXarfjnpyeD        dmis09        dmis12       1306000         1326000           20          03:10:55    03:11:15
     fZuBlSoqcRTxeQEe        dmis12        dmis08       1307000         1307000            0          03:10:56    03:10:56
     iDlvWEyKWQagGHco        dmis01        dmis13       1320000         1320000            0          03:11:09    03:11:09
     BZLJaaunohTIsubq        dmis13        dmis12       1321000         1357000           36          03:11:10    03:11:46
     iSPaodlyJXodlLnX        dmis18        dmis13       1322000         1352000           30          03:11:11    03:11:41
     HyiDHBqgGfPISiYC        dmis01        dmis13       1323000         1323000            0          03:11:12    03:11:12
     kEAgOaeZrIrWSkiE        dmis14        dmis17       1324000              -1           -1          03:11:13          ()
     KmNgrpbPtLUuwGmE        dmis18        dmis01       1327000         1347000           20          03:11:16    03:11:36
     RQLaHQWxaXdlyqIq        dmis20        dmis05       1330000         1330000            0          03:11:19    03:11:19
     nZlWVGsjskosbxFB        dmis09        dmis13       1332000         1332000            0          03:11:21    03:11:21
     YYjIeGdQVCZMAeMT        dmis20        dmis17       1338000              -1           -1          03:11:27          ()
     eOhCLiobUApgdhkO        dmis05        dmis17       1343000              -1           -1          03:11:32          ()
     NdADFxppIUDaQMDV        dmis05        dmis13       1348000         1352000            4          03:11:37    03:11:41
     KfyYHvAAcmNUKRxz        dmis09        dmis05       1350000         1350000            0          03:11:39    03:11:39
     vxndwblbiiZaqsEt        dmis13        dmis20       1353000         1419000           66          03:11:42    03:12:48
     WMrvsWdqJPHkCEYj        dmis08        dmis05       1354000         1354000            0          03:11:43    03:11:43
     cKZOunrQNizsplgE        dmis05        dmis01       1355000         1355000            0          03:11:44    03:11:44
     UqEUSYhgHDOazrqV        dmis13        dmis20       1355000         1418000           63          03:11:44    03:12:47
     pHhwGwLoqQpICufh        dmis05        dmis13       1360000         1360000            0          03:11:49    03:11:49
     WeOJeXDUyKXvPxCw        dmis12        dmis05       1361000         1361000            0          03:11:50    03:11:50
     FstkOUkuBWXMcPcm        dmis14        dmis05       1366000              -1           -1          03:11:55          ()
     CWfRVmnmRgncwHcU        dmis17        dmis08       1368000         1417000           49          03:11:57    03:12:46
     PfANJMqRwptokYHe        dmis13        dmis05       1368000         1368000            0          03:11:57    03:11:57
     GexCTOUiWtAlFjPU        dmis05        dmis14       1370000         1397000           27          03:11:59    03:12:26
     wWzkqqAshVrlMVRI        dmis12        dmis18       1372000         1372000            0          03:12:01    03:12:01
     xZTePsdPpgCpZkFX        dmis20        dmis09       1373000              -1           -1          03:12:02          ()
     slwPRqZjcnednlhz        dmis09        dmis05       1374000              -1           -1          03:12:03          ()
     SFxbCABhMpbwIaxb        dmis09        dmis01       1375000              -1           -1          03:12:04          ()
     BhsFexbfJZcbwExS        dmis12        dmis20       1377000         1418000           41          03:12:06    03:12:47
     KqFPWkFRpgDrNRlk        dmis20        dmis18       1381000              -1           -1          03:12:10          ()
     QmYIMIruNfumZmhq        dmis13        dmis17       1385000         1385000            0          03:12:14    03:12:14
     LkzjqXvOqwVWdzkm        dmis01        dmis17       1393000              -1           -1          03:12:22          ()
     czcUPePWaIJoEAWH        dmis12        dmis13       1394000         1426000           32          03:12:23    03:12:55
     tCUJeYIXiZUDLchr        dmis14        dmis12       1396000         1416000           20          03:12:25    03:12:45
     WddKXnGyMDNqUPCP        dmis14        dmis13       1398000         1426000           28          03:12:27    03:12:55
     PEDFdRvagxhVHTBE        dmis08        dmis05       1401000              -1           -1          03:12:30          ()
     TxyYXgVgIrltWsmS        dmis14        dmis20       1404000         1419000           15          03:12:33    03:12:48
     vSfUHLVVRIlLZOdS        dmis14        dmis01       1407000         1416000            9          03:12:36    03:12:45
     IQnoQoVzPYclecGh        dmis12        dmis08       1411000              -1           -1          03:12:40          ()
     TIdCWtWsJpjTPsXh        dmis13        dmis12       1412000         1426000           14          03:12:41    03:12:55
     BkDSRsqRbZfhzDOJ        dmis12        dmis08       1415000              -1           -1          03:12:44          ()
     XsPgTHmboElIMLMZ        dmis01        dmis05       1416000         1416000            0          03:12:45    03:12:45
     xliNiECaaZWFygRX        dmis01        dmis20       1417000         1418000            1          03:12:46    03:12:47
     WDAMuvNjtQXySDht        dmis12        dmis13       1421000         1426000            5          03:12:50    03:12:55
     sySYUDPMtGuyaAhi        dmis05        dmis12       1429000         1429000            0          03:12:58    03:12:58
     gxsTHJPuqjHpXOFs        dmis13        dmis20       1433000         1433000            0          03:13:02    03:13:02
     hSZbqcTBSAMuGKfX        dmis08        dmis05       1438000              -1           -1          03:13:07          ()
     QeQhwvXnezCdmJCW        dmis20        dmis05       1439000         1439000            0          03:13:08    03:13:08
     NBsKkosuhDNdyCyv        dmis14        dmis13       1439000         1439000            0          03:13:08    03:13:08
     WDqDQlzHvKVuaYmN        dmis14        dmis13       1440000         1440000            0          03:13:09    03:13:09
     wIVUctPnkYgaqFhx        dmis13        dmis20       1447000         1447000            0          03:13:16    03:13:16
     bFaNvsheyxiWBirx        dmis14        dmis20       1450000         1450000            0          03:13:19    03:13:19
     aKnyUuSjdvBQPoCh        dmis20        dmis05       1450000         1450000            0          03:13:19    03:13:19
     gEKCsEKQYNDfyUBQ        dmis05        dmis13       1452000              -1           -1          03:13:21          ()
     stqmWHARnURPWYXd        dmis05        dmis20       1454000         1454000            0          03:13:23    03:13:23
     UUpTpOgtPJYDUBcw        dmis20        dmis13       1462000         1462000            0          03:13:31    03:13:31
     EzSmKHGbsnSREyja        dmis13        dmis20       1470000         1470000            0          03:13:39    03:13:39
     IGxmZmzkkhMcovbT        dmis13        dmis20       1471000         1471000            0          03:13:40    03:13:40
     lpVHmNRpKUHbKjjE        dmis20        dmis13       1473000         1473000            0          03:13:42    03:13:42
     xTHhAniSdDJHbvjl        dmis13        dmis20       1475000         1475000            0          03:13:44    03:13:44
     FaxwOEQfPqJlRLIE        dmis20        dmis13       1476000         1476000            0          03:13:45    03:13:45
