[Global]
  start time        : 2020-05-15 01:01:44
  duration (s)      : 1664
  active nodes      : 10
  messages sent     : 447 
  messages received : 441 (98%)
  messages lost     : 6 
  rcv duration (s)  : 0, 606, 68 (min, max, avg) 

[Nodes]
---------------------------------------------------------------------------------------------------------
    NodeId    duration (s)   sndEvts   nbRcv/total   minNhb   maxNhb   outCon    inCon   rcvDuration (s)
---------------------------------------------------------------------------------------------------------
     dmis01      1387          47         38/39         1        5      17814    19417    (0, 411, 119)
     dmis05      1430          43         42/42         0        7      29965    40169    (0, 313, 66)
     dmis08      1563          41         50/50         1        6      35900    40815    (0, 368, 55)
     dmis09      1592          40         42/42         1        6      37079    33149    (0, 552, 57)
     dmis12      1429          51         53/53         1        8      35401    41620    (0, 516, 74)
     dmis13      1422          48         46/47         1        7      25417    18678    (0, 483, 71)
     dmis14      1380          41         42/42         1        7      17430    14564    (0, 473, 55)
     dmis17      1530          37         37/37         1        5      19393    19461    (0, 188, 60)
     dmis18      1606          49         35/37         1        6      29288    20466    (1, 244, 74)
     dmis20      1415          50         56/58         1        7      26496    25845    (0, 606, 62)

[Messages]
-----------------------------------------------------------------------------------------------------------------------------
        MessageId             src           dst         sndStep         rcvStep     rcvDuration (s)   sndTime     rcvTime
-----------------------------------------------------------------------------------------------------------------------------
   dmis08_642812515_0        dmis08        dmis09         11000           28000           17          01:01:55    01:02:12
   dmis09_642812519_0        dmis09        dmis08         15000           55000           40          01:01:59    01:02:39
   dmis09_642812520_0        dmis09        dmis08         16000           55000           39          01:02:00    01:02:39
   dmis09_642812523_0        dmis09        dmis08         19000           55000           36          01:02:03    01:02:39
   dmis08_642812524_0        dmis08        dmis09         20000           28000            8          01:02:04    01:02:12
   dmis08_642812525_0        dmis08        dmis09         21000           28000            7          01:02:05    01:02:12
   dmis09_642812526_0        dmis09        dmis08         22000           55000           33          01:02:06    01:02:39
   dmis08_642812526_0        dmis08        dmis09         22000           28000            6          01:02:06    01:02:12
   dmis05_642812532_0        dmis05        dmis09         28000           58000           30          01:02:12    01:02:42
   dmis09_642812533_0        dmis09        dmis18         29000          134000          105          01:02:13    01:03:58
   dmis08_642812538_0        dmis08        dmis18         34000          134000          100          01:02:18    01:03:58
   dmis05_642812538_0        dmis05        dmis18         34000          134000          100          01:02:18    01:03:58
   dmis12_642812540_0        dmis12        dmis08         36000           58000           22          01:02:20    01:02:42
   dmis12_642812544_0        dmis12        dmis18         40000          134000           94          01:02:24    01:03:58
   dmis18_642812557_0        dmis18        dmis05         53000          162000          109          01:02:37    01:04:26
   dmis12_642812568_1        dmis12        dmis08         64000          115000           51          01:02:48    01:03:39
   dmis12_642812568_0        dmis12        dmis08         64000          115000           51          01:02:48    01:03:39
   dmis09_642812569_0        dmis09        dmis05         65000          162000           97          01:02:49    01:04:26
   dmis08_642812571_0        dmis08        dmis09         67000           88000           21          01:02:51    01:03:12
   dmis05_642812575_0        dmis05        dmis09         71000          208000          137          01:02:55    01:05:12
   dmis18_642812580_0        dmis18        dmis12         76000          144000           68          01:03:00    01:04:08
   dmis18_642812594_0        dmis18        dmis05         90000          162000           72          01:03:14    01:04:26
   dmis01_642812599_0        dmis01        dmis08         95000          145000           50          01:03:19    01:04:09
   dmis14_642812599_0        dmis14        dmis01         95000          132000           37          01:03:19    01:03:56
   dmis12_642812601_0        dmis12        dmis18         97000          164000           67          01:03:21    01:04:28
   dmis20_642812602_0        dmis20        dmis13         98000          139000           41          01:03:22    01:04:03
   dmis14_642812611_0        dmis14        dmis12        107000          144000           37          01:03:31    01:04:08
   dmis09_642812612_0        dmis09        dmis14        108000          155000           47          01:03:32    01:04:19
   dmis14_642812616_0        dmis14        dmis17        112000          150000           38          01:03:36    01:04:14
   dmis09_642812627_0        dmis09        dmis14        123000          155000           32          01:03:47    01:04:19
   dmis17_642812631_0        dmis17        dmis05        127000          162000           35          01:03:51    01:04:26
   dmis14_642812632_0        dmis14        dmis09        128000          148000           20          01:03:52    01:04:12
   dmis05_642812642_0        dmis05        dmis18        138000          194000           56          01:04:02    01:04:58
   dmis12_642812643_0        dmis12        dmis14        139000          215000           76          01:04:03    01:05:19
   dmis13_642812649_0        dmis13        dmis20        145000          147000            2          01:04:09    01:04:11
   dmis18_642812651_0        dmis18        dmis20        147000          177000           30          01:04:11    01:04:41
   dmis14_642812655_0        dmis14        dmis09        151000          151000            0          01:04:15    01:04:15
   dmis17_642812659_0        dmis17        dmis08        155000          175000           20          01:04:19    01:04:39
   dmis09_642812661_0        dmis09        dmis14        157000          157000            0          01:04:21    01:04:21
   dmis08_642812663_0        dmis08        dmis12        159000          174000           15          01:04:23    01:04:38
   dmis08_642812674_0        dmis08        dmis12        170000          174000            4          01:04:34    01:04:38
   dmis01_642812675_0        dmis01        dmis05        171000          252000           81          01:04:35    01:05:56
   dmis08_642812676_0        dmis08        dmis20        172000          177000            5          01:04:36    01:04:41
   dmis05_642812677_0        dmis05        dmis20        173000          177000            4          01:04:37    01:04:41
   dmis09_642812678_0        dmis09        dmis05        174000          252000           78          01:04:38    01:05:56
   dmis17_642812678_0        dmis17        dmis14        174000          215000           41          01:04:38    01:05:19
   dmis09_642812684_0        dmis09        dmis20        180000          207000           27          01:04:44    01:05:11
   dmis14_642812684_0        dmis14        dmis05        180000          252000           72          01:04:44    01:05:56
   dmis08_642812696_0        dmis08        dmis17        192000          300000          108          01:04:56    01:06:44
   dmis01_642812700_0        dmis01        dmis08        196000          265000           69          01:05:00    01:06:09
   dmis20_642812702_0        dmis20        dmis17        198000          240000           42          01:05:02    01:05:44
   dmis12_642812703_0        dmis12        dmis14        199000          215000           16          01:05:03    01:05:19
   dmis18_642812709_0        dmis18        dmis14        205000          215000           10          01:05:09    01:05:19
   dmis14_642812710_0        dmis14        dmis20        206000          207000            1          01:05:10    01:05:11
   dmis20_642812712_0        dmis20        dmis13        208000          229000           21          01:05:12    01:05:33
   dmis09_642812714_0        dmis09        dmis05        210000          252000           42          01:05:14    01:05:56
   dmis20_642812720_0        dmis20        dmis05        216000          252000           36          01:05:20    01:05:56
   dmis17_642812725_0        dmis17        dmis18        221000          284000           63          01:05:25    01:06:28
   dmis01_642812725_0        dmis01        dmis13        221000          259000           38          01:05:25    01:06:03
   dmis05_642812725_0        dmis05        dmis01        221000          282000           61          01:05:25    01:06:26
   dmis14_642812731_0        dmis14        dmis01        227000          227000            0          01:05:31    01:05:31
   dmis05_642812736_0        dmis05        dmis08        232000          265000           33          01:05:36    01:06:09
   dmis09_642812743_0        dmis09        dmis05        239000          432000          193          01:05:43    01:08:56
   dmis14_642812743_0        dmis14        dmis08        239000          265000           26          01:05:43    01:06:09
   dmis13_642812745_0        dmis13        dmis17        241000          270000           29          01:05:45    01:06:14
   dmis17_642812749_0        dmis17        dmis08        245000          265000           20          01:05:49    01:06:09
   dmis08_642812761_0        dmis08        dmis01        257000          282000           25          01:06:01    01:06:26
   dmis18_642812763_0        dmis18        dmis09        259000          328000           69          01:06:03    01:07:12
   dmis09_642812766_0        dmis09        dmis17        262000          450000          188          01:06:06    01:09:14
   dmis18_642812775_0        dmis18        dmis12        271000          354000           83          01:06:15    01:07:38
   dmis13_642812777_0        dmis13        dmis12        273000          354000           81          01:06:17    01:07:38
   dmis18_642812785_0        dmis18        dmis12        281000          354000           73          01:06:25    01:07:38
   dmis17_642812786_0        dmis17        dmis20        282000          297000           15          01:06:26    01:06:41
   dmis18_642812798_0        dmis18        dmis12        294000          354000           60          01:06:38    01:07:38
   dmis17_642812808_0        dmis17        dmis12        304000          354000           50          01:06:48    01:07:38
   dmis14_642812809_0        dmis14        dmis08        305000          325000           20          01:06:49    01:07:09
   dmis18_642812810_0        dmis18        dmis20        306000          357000           51          01:06:50    01:07:41
   dmis13_642812815_0        dmis13        dmis05        311000          312000            1          01:06:55    01:06:56
   dmis12_642812826_0        dmis12        dmis08        322000          505000          183          01:07:06    01:10:09
   dmis01_642812826_0        dmis01        dmis05        322000          462000          140          01:07:06    01:09:26
   dmis18_642812828_0        dmis18        dmis12        324000          474000          150          01:07:08    01:09:38
   dmis05_642812831_0        dmis05        dmis14        327000          485000          158          01:07:11    01:09:49
   dmis13_642812832_0        dmis13        dmis09        328000          358000           30          01:07:12    01:07:42
   dmis12_642812837_0        dmis12        dmis08        333000          505000          172          01:07:17    01:10:09
   dmis05_642812838_0        dmis05        dmis18        334000          344000           10          01:07:18    01:07:28
   dmis05_642812839_0        dmis05        dmis01        335000          492000          157          01:07:19    01:09:56
   dmis13_642812843_0        dmis13        dmis05        339000          344000            5          01:07:23    01:07:28
   dmis08_642812845_0        dmis08        dmis09        341000          478000          137          01:07:25    01:09:42
   dmis20_642812848_0        dmis20        dmis09        344000          358000           14          01:07:28    01:07:42
   dmis08_642812849_0        dmis08        dmis14        345000          485000          140          01:07:29    01:09:49
   dmis01_642812851_0        dmis01        dmis13        347000          409000           62          01:07:31    01:08:33
   dmis18_642812852_0        dmis18        dmis01        348000          492000          144          01:07:32    01:09:56
   dmis18_642812857_0        dmis18        dmis13        353000          559000          206          01:07:37    01:11:03
   dmis14_642812861_0        dmis14        dmis20        357000          357000            0          01:07:41    01:07:41
   dmis01_642812863_0        dmis01        dmis12        359000          474000          115          01:07:43    01:09:38
   dmis05_642812869_0        dmis05        dmis12        365000          474000          109          01:07:49    01:09:38
   dmis17_642812870_0        dmis17        dmis13        366000          439000           73          01:07:50    01:09:03
   dmis18_642812877_0        dmis18        dmis01        373000          492000          119          01:07:57    01:09:56
   dmis18_642812879_0        dmis18        dmis13        375000          559000          184          01:07:59    01:11:03
   dmis08_642812882_0        dmis08        dmis17        378000          450000           72          01:08:02    01:09:14
   dmis08_642812883_0        dmis08        dmis17        379000          450000           71          01:08:03    01:09:14
   dmis01_642812885_0        dmis01        dmis20        381000          987000          606          01:08:05    01:18:11
   dmis08_642812890_0        dmis08        dmis05        386000          462000           76          01:08:10    01:09:26
   dmis20_642812893_0        dmis20        dmis17        389000          570000          181          01:08:13    01:11:14
   dmis05_642812896_0        dmis05        dmis13        392000          559000          167          01:08:16    01:11:03
   dmis05_642812907_0        dmis05        dmis13        403000          559000          156          01:08:27    01:11:03
   dmis20_642812909_0        dmis20        dmis12        405000          474000           69          01:08:29    01:09:38
   dmis01_642812910_0        dmis01        dmis09        406000          958000          552          01:08:30    01:17:42
   dmis12_642812917_0        dmis12        dmis08        413000          505000           92          01:08:37    01:10:09
   dmis14_642812919_0        dmis14        dmis17        415000          570000          155          01:08:39    01:11:14
   dmis12_642812929_0        dmis12        dmis14        425000          425000            0          01:08:49    01:08:49
   dmis09_642812930_0        dmis09        dmis08        426000          445000           19          01:08:50    01:09:09
   dmis13_642812934_0        dmis13        dmis01        430000          492000           62          01:08:54    01:09:56
   dmis05_642812935_0        dmis05        dmis09        431000          448000           17          01:08:55    01:09:12
   dmis18_642812940_0        dmis18        dmis05        436000          436000            0          01:09:00    01:09:00
   dmis01_642812942_0        dmis01        dmis12        438000          954000          516          01:09:02    01:17:38
   dmis09_642812944_0        dmis09        dmis08        440000          505000           65          01:09:04    01:10:09
   dmis12_642812945_0        dmis12        dmis18        441000          464000           23          01:09:05    01:09:28
   dmis12_642812947_0        dmis12        dmis08        443000          505000           62          01:09:07    01:10:09
   dmis09_642812949_0        dmis09        dmis14        445000          485000           40          01:09:09    01:09:49
   dmis20_642812950_0        dmis20        dmis17        446000          570000          124          01:09:10    01:11:14
   dmis20_642812951_0        dmis20        dmis14        447000          485000           38          01:09:11    01:09:49
   dmis09_642812955_0        dmis09        dmis14        451000          485000           34          01:09:15    01:09:49
   dmis20_642812966_0        dmis20        dmis08        462000          505000           43          01:09:26    01:10:09
   dmis12_642812968_0        dmis12        dmis09        464000          478000           14          01:09:28    01:09:42
   dmis05_642812969_0        dmis05        dmis17        465000          570000          105          01:09:29    01:11:14
   dmis12_642812973_0        dmis12        dmis14        469000          485000           16          01:09:33    01:09:49
   dmis13_642812975_0        dmis13        dmis01        471000          882000          411          01:09:35    01:16:26
   dmis18_642812976_0        dmis18        dmis20        472000          477000            5          01:09:36    01:09:41
   dmis08_642812977_0        dmis08        dmis09        473000          508000           35          01:09:37    01:10:12
   dmis18_642812981_0        dmis18        dmis17        477000          570000           93          01:09:41    01:11:14
   dmis18_642812990_0        dmis18        dmis17        486000          570000           84          01:09:50    01:11:14
   dmis05_642812991_0        dmis05        dmis14        487000          515000           28          01:09:51    01:10:19
   dmis20_642812996_0        dmis20        dmis05        492000          492000            0          01:09:56    01:09:56
   dmis01_642812998_0        dmis01        dmis20        494000          988000          494          01:09:58    01:18:12
   dmis01_642813000_0        dmis01        dmis13        496000          979000          483          01:10:00    01:18:03
   dmis01_642813003_0        dmis01        dmis12        499000          954000          455          01:10:03    01:17:38
   dmis18_642813006_0        dmis18        dmis12        502000          504000            2          01:10:06    01:10:08
   dmis14_642813006_0        dmis14        dmis20        502000          567000           65          01:10:06    01:11:11
   dmis17_642813008_0        dmis17        dmis01        504000          882000          378          01:10:08    01:16:26
   dmis20_642813011_0        dmis20        dmis13        507000          559000           52          01:10:11    01:11:03
   dmis13_642813013_0        dmis13        dmis01        509000          882000          373          01:10:13    01:16:26
   dmis14_642813014_0        dmis14        dmis01        510000          882000          372          01:10:14    01:16:26
   dmis14_642813015_0        dmis14        dmis08        511000          565000           54          01:10:15    01:11:09
   dmis20_642813017_0        dmis20        dmis14        513000          515000            2          01:10:17    01:10:19
   dmis05_642813018_0        dmis05        dmis13        514000          559000           45          01:10:18    01:11:03
   dmis20_642813019_0        dmis20        dmis09        515000          538000           23          01:10:19    01:10:42
   dmis20_642813025_0        dmis20        dmis09        521000          538000           17          01:10:25    01:10:42
   dmis01_642813026_0        dmis01        dmis14        522000          995000          473          01:10:26    01:18:19
   dmis17_642813027_0        dmis17        dmis09        523000          598000           75          01:10:27    01:11:42
   dmis01_642813031_0        dmis01        dmis08        527000          895000          368          01:10:31    01:16:39
   dmis05_642813032_0        dmis05        dmis12        528000          534000            6          01:10:32    01:10:38
   dmis13_642813033_0        dmis13        dmis20        529000          567000           38          01:10:33    01:11:11
   dmis12_642813041_0        dmis12        dmis09        537000          569000           32          01:10:41    01:11:13
   dmis12_642813043_0        dmis12        dmis18        539000          554000           15          01:10:43    01:10:58
   dmis13_642813045_0        dmis13        dmis17        541000          570000           29          01:10:45    01:11:14
   dmis18_642813046_0        dmis18        dmis12        542000          564000           22          01:10:46    01:11:08
   dmis14_642813050_0        dmis14        dmis01        546000          882000          336          01:10:50    01:16:26
   dmis08_642813054_0        dmis08        dmis18        550000          794000          244          01:10:54    01:14:58
   dmis12_642813059_0        dmis12        dmis14        555000          575000           20          01:10:59    01:11:19
   dmis01_642813062_0        dmis01        dmis13        558000          979000          421          01:11:02    01:18:03
   dmis05_642813063_0        dmis05        dmis09        559000          569000           10          01:11:03    01:11:13
   dmis13_642813064_0        dmis13        dmis05        560000          794000          234          01:11:04    01:14:58
   dmis09_642813070_0        dmis09        dmis13        566000          589000           23          01:11:10    01:11:33
   dmis13_642813071_0        dmis13        dmis18        567000          794000          227          01:11:11    01:14:58
   dmis12_642813079_0        dmis12        dmis09        575000          598000           23          01:11:19    01:11:42
   dmis20_642813079_0        dmis20        dmis05        575000          794000          219          01:11:19    01:14:58
   dmis05_642813081_0        dmis05        dmis18        577000          584000            7          01:11:21    01:11:28
   dmis12_642813081_0        dmis12        dmis09        577000          598000           21          01:11:21    01:11:42
   dmis13_642813084_0        dmis13        dmis18        580000          794000          214          01:11:24    01:14:58
   dmis18_642813090_0        dmis18        dmis20        586000          807000          221          01:11:30    01:15:11
   dmis13_642813092_0        dmis13        dmis12        588000          594000            6          01:11:32    01:11:38
   dmis14_642813094_0        dmis14        dmis01        590000              -1           -1          01:11:34          ()
   dmis08_642813094_0        dmis08        dmis09        590000          598000            8          01:11:34    01:11:42
   dmis18_642813102_0        dmis18        dmis12        598000          805000          207          01:11:42    01:15:09
   dmis17_642813107_0        dmis17        dmis13        603000          619000           16          01:11:47    01:12:03
   dmis01_642813108_0        dmis01        dmis12        604000          954000          350          01:11:48    01:17:38
   dmis01_642813111_0        dmis01        dmis08        607000          895000          288          01:11:51    01:16:39
   dmis17_642813114_0        dmis17        dmis12        610000          624000           14          01:11:54    01:12:08
   dmis12_642813115_0        dmis12        dmis01        611000          882000          271          01:11:55    01:16:26
   dmis14_642813116_0        dmis14        dmis20        612000          717000          105          01:11:56    01:13:41
   dmis12_642813116_0        dmis12        dmis08        612000          625000           13          01:11:56    01:12:09
   dmis17_642813124_0        dmis17        dmis14        620000          635000           15          01:12:04    01:12:19
   dmis09_642813128_0        dmis09        dmis01        624000          882000          258          01:12:08    01:16:26
   dmis13_642813129_0        dmis13        dmis01        625000          882000          257          01:12:09    01:16:26
   dmis08_642813133_0        dmis08        dmis18        629000          794000          165          01:12:13    01:14:58
   dmis18_642813138_0        dmis18        dmis12        634000          805000          171          01:12:18    01:15:09
   dmis17_642813144_0        dmis17        dmis18        640000              -1           -1          01:12:24          ()
   dmis12_642813146_0        dmis12        dmis20        642000          717000           75          01:12:26    01:13:41
   dmis18_642813146_0        dmis18        dmis12        642000          805000          163          01:12:26    01:15:09
   dmis17_642813155_0        dmis17        dmis14        651000          665000           14          01:12:35    01:12:49
   dmis08_642813161_0        dmis08        dmis05        657000          794000          137          01:12:41    01:14:58
   dmis12_642813163_0        dmis12        dmis20        659000          717000           58          01:12:43    01:13:41
   dmis01_642813167_0        dmis01        dmis13        663000          979000          316          01:12:47    01:18:03
   dmis12_642813171_0        dmis12        dmis08        667000          718000           51          01:12:51    01:13:42
   dmis13_642813173_0        dmis13        dmis08        669000          718000           49          01:12:53    01:13:42
   dmis08_642813174_0        dmis08        dmis13        670000          679000            9          01:12:54    01:13:03
   dmis20_642813178_0        dmis20        dmis17        674000          721000           47          01:12:58    01:13:45
   dmis09_642813190_0        dmis09        dmis14        686000          695000            9          01:13:10    01:13:19
   dmis01_642813193_0        dmis01        dmis05        689000         1002000          313          01:13:13    01:18:26
   dmis09_642813194_0        dmis09        dmis17        690000          720000           30          01:13:14    01:13:44
   dmis01_642813207_0        dmis01        dmis08        703000          895000          192          01:13:27    01:16:39
   dmis13_642813210_0        dmis13        dmis18        706000          794000           88          01:13:30    01:14:58
   dmis05_642813213_0        dmis05        dmis20        709000          808000           99          01:13:33    01:15:12
   dmis20_642813214_0        dmis20        dmis17        710000          721000           11          01:13:34    01:13:45
   dmis05_642813219_0        dmis05        dmis12        715000          805000           90          01:13:39    01:15:09
   dmis12_642813220_0        dmis12        dmis08        716000          718000            2          01:13:40    01:13:42
   dmis14_642813222_0        dmis14        dmis08        718000          718000            0          01:13:42    01:13:42
   dmis01_642813239_0        dmis01        dmis09        735000          958000          223          01:13:59    01:17:42
   dmis20_642813244_0        dmis20        dmis09        740000          778000           38          01:14:04    01:14:42
   dmis09_642813244_0        dmis09        dmis14        740000          785000           45          01:14:04    01:14:49
   dmis12_642813247_0        dmis12        dmis20        743000          777000           34          01:14:07    01:14:41
   dmis12_642813251_0        dmis12        dmis14        747000          785000           38          01:14:11    01:14:49
   dmis18_642813251_0        dmis18        dmis12        747000          805000           58          01:14:11    01:15:09
   dmis09_642813259_0        dmis09        dmis18        755000          824000           69          01:14:19    01:15:28
   dmis08_642813262_0        dmis08        dmis09        758000          778000           20          01:14:22    01:14:42
   dmis18_642813269_0        dmis18        dmis01        765000          882000          117          01:14:29    01:16:26
   dmis13_642813270_0        dmis13        dmis12        766000          805000           39          01:14:30    01:15:09
   dmis09_642813273_0        dmis09        dmis01        769000          882000          113          01:14:33    01:16:26
   dmis17_642813274_0        dmis17        dmis18        770000          794000           24          01:14:34    01:14:58
   dmis13_642813276_0        dmis13        dmis20        772000          808000           36          01:14:36    01:15:12
   dmis20_642813287_0        dmis20        dmis12        783000          804000           21          01:14:47    01:15:08
   dmis05_642813290_0        dmis05        dmis18        786000          794000            8          01:14:50    01:14:58
   dmis17_642813293_0        dmis17        dmis18        789000          794000            5          01:14:53    01:14:58
   dmis20_642813296_0        dmis20        dmis08        792000          805000           13          01:14:56    01:15:09
   dmis13_642813296_0        dmis13        dmis18        792000          794000            2          01:14:56    01:14:58
   dmis01_642813297_0        dmis01        dmis18        793000         1004000          211          01:14:57    01:18:28
   dmis20_642813297_0        dmis20        dmis08        793000          805000           12          01:14:57    01:15:09
   dmis01_642813298_0        dmis01        dmis14        794000          995000          201          01:14:58    01:18:19
   dmis05_642813299_0        dmis05        dmis01        795000          882000           87          01:14:59    01:16:26
   dmis13_642813306_0        dmis13        dmis20        802000          808000            6          01:15:06    01:15:12
   dmis08_642813312_0        dmis08        dmis14        808000          815000            7          01:15:12    01:15:19
   dmis13_642813326_0        dmis13        dmis09        822000          869000           47          01:15:26    01:16:13
   dmis20_642813327_0        dmis20        dmis14        823000          875000           52          01:15:27    01:16:19
   dmis12_642813333_0        dmis12        dmis17        829000          870000           41          01:15:33    01:16:14
   dmis17_642813333_0        dmis17        dmis09        829000          869000           40          01:15:33    01:16:13
   dmis17_642813351_0        dmis17        dmis08        847000          869000           22          01:15:51    01:16:13
   dmis18_642813354_0        dmis18        dmis12        850000          864000           14          01:15:54    01:16:08
   dmis20_642813355_0        dmis20        dmis05        851000          855000            4          01:15:55    01:15:59
   dmis17_642813357_0        dmis17        dmis18        853000          854000            1          01:15:57    01:15:58
   dmis08_642813360_0        dmis08        dmis09        856000          869000           13          01:16:00    01:16:13
   dmis18_642813375_0        dmis18        dmis17        871000          871000            0          01:16:15    01:16:15
   dmis14_642813377_0        dmis14        dmis20        873000          927000           54          01:16:17    01:17:11
   dmis17_642813382_0        dmis17        dmis01        878000          882000            4          01:16:22    01:16:26
   dmis01_642813382_0        dmis01        dmis08        878000          895000           17          01:16:22    01:16:39
   dmis08_642813386_0        dmis08        dmis14        882000          995000          113          01:16:26    01:18:19
   dmis13_642813388_0        dmis13        dmis20        884000          987000          103          01:16:28    01:18:11
   dmis18_642813396_0        dmis18        dmis12        892000          894000            2          01:16:36    01:16:38
   dmis17_642813400_0        dmis17        dmis08        896000          896000            0          01:16:40    01:16:40
   dmis17_642813405_0        dmis17        dmis14        901000          995000           94          01:16:45    01:18:19
   dmis05_642813410_0        dmis05        dmis20        906000              -1           -1          01:16:50          ()
   dmis05_642813411_0        dmis05        dmis18        907000              -1           -1          01:16:51          ()
   dmis08_642813414_0        dmis08        dmis18        910000         1004000           94          01:16:54    01:18:28
   dmis17_642813415_0        dmis17        dmis12        911000          954000           43          01:16:55    01:17:38
   dmis14_642813421_0        dmis14        dmis01        917000          942000           25          01:17:01    01:17:26
   dmis14_642813424_0        dmis14        dmis08        920000          925000            5          01:17:04    01:17:09
   dmis01_642813429_0        dmis01        dmis12        925000          954000           29          01:17:09    01:17:38
   dmis17_642813430_0        dmis17        dmis01        926000          942000           16          01:17:10    01:17:26
   dmis12_642813431_0        dmis12        dmis13        927000          949000           22          01:17:11    01:17:33
   dmis18_642813431_0        dmis18        dmis09        927000          958000           31          01:17:11    01:17:42
   dmis20_642813432_0        dmis20        dmis09        928000          988000           60          01:17:12    01:18:12
   dmis17_642813432_0        dmis17        dmis13        928000          979000           51          01:17:12    01:18:03
   dmis20_642813433_0        dmis20        dmis17        929000          990000           61          01:17:13    01:18:14
   dmis08_642813439_0        dmis08        dmis17        935000          961000           26          01:17:19    01:17:45
   dmis01_642813441_0        dmis01        dmis05        937000         1005000           68          01:17:21    01:18:29
   dmis08_642813443_0        dmis08        dmis12        939000         1014000           75          01:17:23    01:18:38
   dmis08_642813457_0        dmis08        dmis14        953000          995000           42          01:17:37    01:18:19
   dmis09_642813464_0        dmis09        dmis13        960000         1009000           49          01:17:44    01:18:33
   dmis12_642813464_0        dmis12        dmis13        960000         1099000          139          01:17:44    01:20:03
   dmis08_642813466_0        dmis08        dmis12        962000         1014000           52          01:17:46    01:18:38
   dmis12_642813470_0        dmis12        dmis09        966000         1048000           82          01:17:50    01:19:12
   dmis20_642813471_0        dmis20        dmis13        967000          979000           12          01:17:51    01:18:03
   dmis05_642813473_0        dmis05        dmis17        969000          991000           22          01:17:53    01:18:15
   dmis01_642813475_0        dmis01        dmis12        971000         1014000           43          01:17:55    01:18:38
   dmis08_642813479_0        dmis08        dmis05        975000         1002000           27          01:17:59    01:18:26
   dmis13_642813480_0        dmis13        dmis14        976000          995000           19          01:18:00    01:18:19
   dmis18_642813484_0        dmis18        dmis09        980000          989000            9          01:18:04    01:18:13
   dmis09_642813485_0        dmis09        dmis18        981000         1004000           23          01:18:05    01:18:28
   dmis17_642813499_0        dmis17        dmis08        995000         1015000           20          01:18:19    01:18:39
   dmis17_642813501_0        dmis17        dmis12        997000         1014000           17          01:18:21    01:18:38
   dmis01_642813502_0        dmis01        dmis17        998000         1020000           22          01:18:22    01:18:44
   dmis01_642813502_1        dmis01        dmis08        998000         1105000          107          01:18:22    01:20:09
   dmis09_642813503_0        dmis09        dmis01        999000         1003000            4          01:18:23    01:18:27
   dmis01_642813505_0        dmis01        dmis13       1001000         1100000           99          01:18:25    01:20:04
   dmis12_642813506_0        dmis12        dmis01       1002000         1003000            1          01:18:26    01:18:27
   dmis14_642813510_0        dmis14        dmis20       1006000         1047000           41          01:18:30    01:19:11
   dmis05_642813513_0        dmis05        dmis18       1009000         1034000           25          01:18:33    01:18:58
   dmis01_642813517_0        dmis01        dmis20       1013000         1047000           34          01:18:37    01:19:11
   dmis05_642813521_0        dmis05        dmis08       1017000         1045000           28          01:18:41    01:19:09
   dmis08_642813522_0        dmis08        dmis01       1018000         1062000           44          01:18:42    01:19:26
   dmis14_642813528_0        dmis14        dmis12       1024000         1134000          110          01:18:48    01:20:38
   dmis20_642813529_0        dmis20        dmis09       1025000         1138000          113          01:18:49    01:20:42
   dmis13_642813531_0        dmis13        dmis08       1027000         1045000           18          01:18:51    01:19:09
   dmis09_642813531_0        dmis09        dmis14       1027000         1205000          178          01:18:51    01:21:49
   dmis18_642813532_0        dmis18        dmis12       1028000         1134000          106          01:18:52    01:20:38
   dmis05_642813542_0        dmis05        dmis09       1038000         1138000          100          01:19:02    01:20:42
   dmis12_642813549_0        dmis12        dmis14       1045000         1115000           70          01:19:09    01:20:19
   dmis17_642813550_0        dmis17        dmis12       1046000         1046000            0          01:19:10    01:19:10
   dmis17_642813551_0        dmis17        dmis20       1047000         1047000            0          01:19:11    01:19:11
   dmis17_642813553_0        dmis17        dmis01       1049000         1243000          194          01:19:13    01:22:27
   dmis05_642813562_0        dmis05        dmis18       1058000         1064000            6          01:19:22    01:19:28
   dmis18_642813565_0        dmis18        dmis12       1061000         1134000           73          01:19:25    01:20:38
   dmis08_642813568_0        dmis08        dmis17       1064000         1140000           76          01:19:28    01:20:44
   dmis14_642813571_0        dmis14        dmis12       1067000         1134000           67          01:19:31    01:20:38
   dmis18_642813577_0        dmis18        dmis14       1073000         1085000           12          01:19:37    01:19:49
   dmis12_642813585_0        dmis12        dmis18       1081000         1244000          163          01:19:45    01:22:28
   dmis01_642813588_0        dmis01        dmis20       1084000         1107000           23          01:19:48    01:20:11
   dmis20_642813589_0        dmis20        dmis18       1085000         1244000          159          01:19:49    01:22:28
   dmis01_642813589_0        dmis01        dmis17       1085000         1140000           55          01:19:49    01:20:44
   dmis09_642813595_0        dmis09        dmis17       1091000         1111000           20          01:19:55    01:20:15
   dmis13_642813596_0        dmis13        dmis20       1092000         1107000           15          01:19:56    01:20:11
   dmis01_642813599_0        dmis01        dmis17       1096000         1140000           44          01:20:00    01:20:44
   dmis18_642813605_0        dmis18        dmis14       1101000         1115000           14          01:20:05    01:20:19
   dmis12_642813609_0        dmis12        dmis20       1105000         1228000          123          01:20:09    01:22:12
   dmis13_642813616_0        dmis13        dmis20       1112000         1137000           25          01:20:16    01:20:41
   dmis09_642813617_0        dmis09        dmis05       1113000         1212000           99          01:20:17    01:21:56
   dmis05_642813619_0        dmis05        dmis08       1115000         1165000           50          01:20:19    01:21:09
   dmis05_642813624_0        dmis05        dmis20       1120000         1137000           17          01:20:24    01:20:41
   dmis05_642813628_0        dmis05        dmis14       1124000         1145000           21          01:20:28    01:20:49
   dmis18_642813631_0        dmis18        dmis20       1127000         1259000          132          01:20:31    01:22:43
   dmis08_642813631_0        dmis08        dmis20       1127000              -1           -1          01:20:31          ()
   dmis20_642813633_0        dmis20        dmis18       1129000         1244000          115          01:20:33    01:22:28
   dmis13_642813635_0        dmis13        dmis20       1131000         1228000           97          01:20:35    01:22:12
   dmis09_642813637_0        dmis09        dmis20       1133000         1228000           95          01:20:37    01:22:12
   dmis18_642813643_0        dmis18        dmis01       1139000         1243000          104          01:20:43    01:22:27
   dmis18_642813644_0        dmis18        dmis20       1140000         1258000          118          01:20:44    01:22:42
   dmis20_642813645_0        dmis20        dmis01       1141000         1273000          132          01:20:45    01:22:57
   dmis17_642813647_0        dmis17        dmis08       1143000         1166000           23          01:20:47    01:21:10
   dmis05_642813649_0        dmis05        dmis13       1145000         1159000           14          01:20:49    01:21:03
   dmis20_642813649_0        dmis20        dmis09       1145000         1259000          114          01:20:49    01:22:43
   dmis01_642813658_0        dmis01        dmis08       1154000         1166000           12          01:20:58    01:21:10
   dmis13_642813665_0        dmis13        dmis05       1161000         1182000           21          01:21:05    01:21:26
   dmis08_642813667_0        dmis08        dmis13       1163000              -1           -1          01:21:07          ()
   dmis14_642813673_0        dmis14        dmis17       1169000         1200000           31          01:21:13    01:21:44
   dmis20_642813675_0        dmis20        dmis13       1171000         1250000           79          01:21:15    01:22:34
   dmis17_642813675_0        dmis17        dmis20       1171000         1228000           57          01:21:15    01:22:12
   dmis09_642813683_0        dmis09        dmis01       1179000         1243000           64          01:21:23    01:22:27
   dmis18_642813684_0        dmis18        dmis09       1180000         1229000           49          01:21:24    01:22:13
   dmis09_642813689_0        dmis09        dmis20       1185000         1228000           43          01:21:29    01:22:12
   dmis12_642813691_0        dmis12        dmis08       1187000         1196000            9          01:21:31    01:21:40
   dmis20_642813692_0        dmis20        dmis12       1188000         1254000           66          01:21:32    01:22:38
   dmis20_642813693_0        dmis20        dmis17       1189000         1261000           72          01:21:33    01:22:45
   dmis17_642813694_0        dmis17        dmis01       1190000         1243000           53          01:21:34    01:22:27
   dmis12_642813695_0        dmis12        dmis13       1191000         1219000           28          01:21:35    01:22:03
   dmis18_642813698_0        dmis18        dmis08       1194000         1256000           62          01:21:38    01:22:40
   dmis12_642813700_0        dmis12        dmis05       1196000         1212000           16          01:21:40    01:21:56
   dmis13_642813705_0        dmis13        dmis20       1201000         1228000           27          01:21:45    01:22:12
   dmis01_642813709_0        dmis01        dmis14       1205000         1235000           30          01:21:49    01:22:19
   dmis17_642813709_0        dmis17        dmis18       1205000         1244000           39          01:21:49    01:22:28
   dmis01_642813713_0        dmis01        dmis13       1209000         1249000           40          01:21:53    01:22:33
   dmis13_642813717_0        dmis13        dmis12       1213000         1254000           41          01:21:57    01:22:38
   dmis18_642813719_1        dmis18        dmis12       1215000         1229000           14          01:21:59    01:22:13
   dmis18_642813719_0        dmis18        dmis20       1215000         1259000           44          01:21:59    01:22:43
   dmis08_642813720_0        dmis08        dmis01       1216000         1242000           26          01:22:00    01:22:26
   dmis20_642813726_0        dmis20        dmis18       1222000         1245000           23          01:22:06    01:22:29
   dmis08_642813727_0        dmis08        dmis14       1223000         1235000           12          01:22:07    01:22:19
   dmis09_642813731_0        dmis09        dmis18       1227000         1244000           17          01:22:11    01:22:28
   dmis20_642813736_0        dmis20        dmis14       1232000         1265000           33          01:22:16    01:22:49
   dmis17_642813737_0        dmis17        dmis05       1233000         1244000           11          01:22:17    01:22:28
   dmis18_642813738_0        dmis18        dmis05       1234000         1272000           38          01:22:18    01:22:56
   dmis20_642813740_0        dmis20        dmis12       1236000         1255000           19          01:22:20    01:22:39
   dmis01_642813740_0        dmis01        dmis20       1236000         1259000           23          01:22:20    01:22:43
   dmis01_642813741_0        dmis01        dmis17       1237000         1261000           24          01:22:21    01:22:45
   dmis01_642813742_0        dmis01        dmis20       1238000         1259000           21          01:22:22    01:22:43
   dmis20_642813743_0        dmis20        dmis12       1239000         1255000           16          01:22:23    01:22:39
   dmis12_642813745_0        dmis12        dmis13       1241000         1250000            9          01:22:25    01:22:34
   dmis13_642813750_0        dmis13        dmis14       1246000         1265000           19          01:22:30    01:22:49
   dmis14_642813753_0        dmis14        dmis09       1249000         1260000           11          01:22:33    01:22:44
   dmis14_642813753_1        dmis14        dmis13       1249000         1279000           30          01:22:33    01:23:03
   dmis13_642813755_0        dmis13        dmis01       1251000         1273000           22          01:22:35    01:22:57
   dmis14_642813760_0        dmis14        dmis17       1256000         1261000            5          01:22:40    01:22:45
   dmis14_642813769_0        dmis14        dmis08       1265000         1285000           20          01:22:49    01:23:09
   dmis13_642813777_0        dmis13        dmis20       1273000         1347000           74          01:22:57    01:24:11
   dmis12_642813781_0        dmis12        dmis14       1277000         1325000           48          01:23:01    01:23:49
   dmis14_642813782_0        dmis14        dmis13       1278000         1369000           91          01:23:02    01:24:33
   dmis18_642813785_0        dmis18        dmis13       1281000         1309000           28          01:23:05    01:23:33
   dmis13_642813787_0        dmis13        dmis01       1283000         1303000           20          01:23:07    01:23:27
   dmis18_642813789_0        dmis18        dmis12       1285000         1286000            1          01:23:09    01:23:10
   dmis20_642813791_0        dmis20        dmis01       1287000         1363000           76          01:23:11    01:24:27
   dmis20_642813793_0        dmis20        dmis09       1289000         1349000           60          01:23:13    01:24:13
   dmis18_642813794_0        dmis18        dmis20       1290000         1347000           57          01:23:14    01:24:11
   dmis01_642813798_0        dmis01        dmis05       1294000         1332000           38          01:23:18    01:23:56
   dmis13_642813800_0        dmis13        dmis12       1296000         1344000           48          01:23:20    01:24:08
   dmis12_642813801_0        dmis12        dmis14       1297000         1325000           28          01:23:21    01:23:49
   dmis12_642813805_0        dmis12        dmis17       1301000         1380000           79          01:23:25    01:24:44
   dmis14_642813808_0        dmis14        dmis05       1304000         1333000           29          01:23:28    01:23:57
   dmis09_642813810_0        dmis09        dmis12       1306000         1315000            9          01:23:30    01:23:39
   dmis12_642813811_0        dmis12        dmis08       1307000         1316000            9          01:23:31    01:23:40
   dmis01_642813824_0        dmis01        dmis13       1320000         1339000           19          01:23:44    01:24:03
   dmis13_642813825_0        dmis13        dmis12       1321000         1344000           23          01:23:45    01:24:08
   dmis18_642813826_0        dmis18        dmis13       1322000         1369000           47          01:23:46    01:24:33
   dmis01_642813827_0        dmis01        dmis13       1323000         1339000           16          01:23:47    01:24:03
   dmis14_642813828_0        dmis14        dmis17       1324000         1380000           56          01:23:48    01:24:44
   dmis18_642813831_0        dmis18        dmis01       1327000         1363000           36          01:23:51    01:24:27
   dmis20_642813834_0        dmis20        dmis05       1330000         1336000            6          01:23:54    01:24:00
   dmis09_642813836_0        dmis09        dmis13       1332000         1369000           37          01:23:56    01:24:33
   dmis20_642813842_0        dmis20        dmis17       1338000         1380000           42          01:24:02    01:24:44
   dmis05_642813847_0        dmis05        dmis17       1343000         1380000           37          01:24:07    01:24:44
   dmis05_642813852_0        dmis05        dmis13       1348000         1369000           21          01:24:12    01:24:33
   dmis09_642813854_0        dmis09        dmis05       1350000         1482000          132          01:24:14    01:26:26
   dmis13_642813857_0        dmis13        dmis20       1353000         1407000           54          01:24:17    01:25:11
   dmis08_642813858_0        dmis08        dmis05       1354000         1363000            9          01:24:18    01:24:27
   dmis05_642813859_0        dmis05        dmis01       1355000         1363000            8          01:24:19    01:24:27
   dmis13_642813859_0        dmis13        dmis20       1355000         1407000           52          01:24:19    01:25:11
   dmis05_642813864_0        dmis05        dmis13       1360000         1369000            9          01:24:24    01:24:33
   dmis12_642813865_0        dmis12        dmis05       1361000         1363000            2          01:24:25    01:24:27
   dmis14_642813870_0        dmis14        dmis05       1366000         1424000           58          01:24:30    01:25:28
   dmis17_642813872_0        dmis17        dmis08       1368000         1465000           97          01:24:32    01:26:09
   dmis13_642813872_0        dmis13        dmis05       1368000         1397000           29          01:24:32    01:25:01
   dmis05_642813874_0        dmis05        dmis14       1370000         1415000           45          01:24:34    01:25:19
   dmis12_642813876_0        dmis12        dmis18       1372000         1396000           24          01:24:36    01:25:00
   dmis20_642813877_0        dmis20        dmis09       1373000         1469000           96          01:24:37    01:26:13
   dmis09_642813878_0        dmis09        dmis05       1374000         1482000          108          01:24:38    01:26:26
   dmis09_642813879_0        dmis09        dmis01       1375000         1483000          108          01:24:39    01:26:27
   dmis12_642813881_0        dmis12        dmis20       1377000         1407000           30          01:24:41    01:25:11
   dmis20_642813885_0        dmis20        dmis18       1381000         1396000           15          01:24:45    01:25:00
   dmis13_642813889_0        dmis13        dmis17       1385000         1441000           56          01:24:49    01:25:45
   dmis01_642813897_0        dmis01        dmis17       1393000         1441000           48          01:24:57    01:25:45
   dmis12_642813898_0        dmis12        dmis13       1394000         1399000            5          01:24:58    01:25:03
   dmis14_642813900_0        dmis14        dmis12       1396000         1404000            8          01:25:00    01:25:08
   dmis14_642813902_0        dmis14        dmis13       1398000         1430000           32          01:25:02    01:25:34
   dmis08_642813905_0        dmis08        dmis05       1401000         1482000           81          01:25:05    01:26:26
   dmis14_642813908_0        dmis14        dmis20       1404000         1438000           34          01:25:08    01:25:42
   dmis14_642813911_0        dmis14        dmis01       1407000         1424000           17          01:25:11    01:25:28
   dmis12_642813915_0        dmis12        dmis08       1411000         1465000           54          01:25:15    01:26:09
   dmis13_642813916_0        dmis13        dmis12       1412000         1434000           22          01:25:16    01:25:38
   dmis12_642813919_0        dmis12        dmis08       1415000         1465000           50          01:25:19    01:26:09
   dmis01_642813920_0        dmis01        dmis05       1416000         1424000            8          01:25:20    01:25:28
   dmis01_642813921_0        dmis01        dmis20       1417000         1438000           21          01:25:21    01:25:42
   dmis12_642813925_0        dmis12        dmis13       1421000         1430000            9          01:25:25    01:25:34
   dmis05_642813933_0        dmis05        dmis12       1429000         1435000            6          01:25:33    01:25:39
   dmis13_642813937_0        dmis13        dmis20       1433000         1438000            5          01:25:37    01:25:42
   dmis08_642813942_0        dmis08        dmis05       1438000         1483000           45          01:25:42    01:26:27
   dmis20_642813942_0        dmis20        dmis05       1438000         1453000           15          01:25:42    01:25:57
   dmis14_642813943_0        dmis14        dmis13       1439000         1459000           20          01:25:43    01:26:03
   dmis14_642813943_1        dmis14        dmis13       1439000         1459000           20          01:25:43    01:26:03
   dmis13_642813951_0        dmis13        dmis20       1447000         1468000           21          01:25:51    01:26:12
   dmis14_642813954_0        dmis14        dmis20       1450000         1468000           18          01:25:54    01:26:12
   dmis20_642813954_0        dmis20        dmis05       1450000         1454000            4          01:25:54    01:25:58
   dmis05_642813956_0        dmis05        dmis13       1452000         1459000            7          01:25:56    01:26:03
   dmis05_642813958_0        dmis05        dmis20       1454000         1468000           14          01:25:58    01:26:12
   dmis20_642813966_0        dmis20        dmis13       1462000         1462000            0          01:26:06    01:26:06
   dmis13_642813974_0        dmis13        dmis20       1470000         1472000            2          01:26:14    01:26:16
   dmis13_642813975_0        dmis13        dmis20       1471000         1498000           27          01:26:15    01:26:42
   dmis20_642813977_0        dmis20        dmis13       1473000         1489000           16          01:26:17    01:26:33
   dmis13_642813979_0        dmis13        dmis20       1475000         1498000           23          01:26:19    01:26:42
   dmis20_642813980_0        dmis20        dmis13       1476000         1489000           13          01:26:20    01:26:33
