[Global]
  start time        : 2020-05-23 23:43:27
  duration (s)      : 1592
  active nodes      : 10
  messages sent     : 447 
  messages received : 426 (95%)
  messages lost     : 21 
  rcv duration (s)  : 0, 597, 59 (min, max, avg) 

[Nodes]
---------------------------------------------------------------------------------------------------------
    NodeId    duration (s)   sndEvts   nbRcv/total   minNhb   maxNhb   outCon    inCon   rcvDuration (s)
---------------------------------------------------------------------------------------------------------
     dmis01      1319          47         36/39         1        4         19       16    (0, 549, 168)
     dmis05      1374          43         38/42         0        5         23       17    (0, 256, 46)
     dmis08      1403          41         46/50         1        6         29       29    (0, 360, 34)
     dmis09      1366          40         39/42         1        6         18       26    (0, 524, 50)
     dmis12      1400          51         51/53         1        6         21       32    (0, 597, 78)
     dmis13      1359          48         47/47         1        7         21       28    (0, 441, 50)
     dmis14      1373          41         42/42         1        6         28       24    (0, 434, 51)
     dmis17      1280          37         33/37         1        4         23       16    (0, 112, 29)
     dmis18      1377          49         36/37         1        5         28       15    (0, 217, 46)
     dmis20      1368          50         58/58         0        8         17       26    (0, 563, 46)

[Messages]
-----------------------------------------------------------------------------------------------------------------------------
        MessageId             src           dst         sndStep         rcvStep     rcvDuration (s)   sndTime     rcvTime
-----------------------------------------------------------------------------------------------------------------------------
     uCyFgfyIHrGzQBZO        dmis08        dmis09         11000           11000            0          23:43:38    23:43:38
     deWTxuZrqCGYuafu        dmis09        dmis08         15000           15000            0          23:43:42    23:43:42
     InnrEybvAnUWpgst        dmis09        dmis08         16000           16000            0          23:43:43    23:43:43
     lQOIlOCBqKcmLhjV        dmis09        dmis08         19000           19000            0          23:43:46    23:43:46
     nUmAIqwzMxuHsbQM        dmis08        dmis09         20000           20000            0          23:43:47    23:43:47
     foTluTwDMEFDHErU        dmis08        dmis09         22000           22000            0          23:43:49    23:43:49
     WYmAxPyXFsvUyOPl        dmis09        dmis08         22000           22000            0          23:43:49    23:43:49
     aDuIvtKhsePKIFYN        dmis08        dmis09         22000           22000            0          23:43:49    23:43:49
     VDnBXmUIUujwRddB        dmis05        dmis09         28000          130000          102          23:43:55    23:45:37
     EEwrUYTkkxwVEhQB        dmis09        dmis18         29000          146000          117          23:43:56    23:45:53
     wtBQPXVBBAGKHYFH        dmis08        dmis18         34000           91000           57          23:44:01    23:44:58
     WbYTHPtHAaPrVHYs        dmis05        dmis18         35000           91000           56          23:44:02    23:44:58
     vQLGPLOPWZdoCDYC        dmis12        dmis08         36000           36000            0          23:44:03    23:44:03
     KzFIgKPpBSSBetLz        dmis12        dmis18         40000           91000           51          23:44:07    23:44:58
     hnfwrwaTFhukxYQW        dmis18        dmis05         53000          144000           91          23:44:20    23:45:51
     wjTeUJVvdqyhJkju        dmis12        dmis08         64000          128000           64          23:44:31    23:45:35
     jwgAJwRGYUwAZucJ        dmis12        dmis08         64000          127000           63          23:44:31    23:45:34
     gFDDWbcBVywWmNhs        dmis09        dmis05         65000          144000           79          23:44:32    23:45:51
     dBSbweiOKzysHYgd        dmis08        dmis09         67000           67000            0          23:44:34    23:44:34
     kOUKaqsxmdvdgyFF        dmis05        dmis09         71000          130000           59          23:44:38    23:45:37
     MRUBOItIBWHwkRtr        dmis18        dmis12         76000          131000           55          23:44:43    23:45:38
     eyOYwqtDxOOxMgtz        dmis18        dmis05         90000          144000           54          23:44:57    23:45:51
     MtzdVZdwIniSOUMC        dmis01        dmis08         95000          144000           49          23:45:02    23:45:51
     AhSYPbPGhsWJaiAv        dmis14        dmis01         95000          144000           49          23:45:02    23:45:51
     iRxSnoaljYnKUpuS        dmis12        dmis18         97000          146000           49          23:45:04    23:45:53
     xLrSntDEYjgrOPvR        dmis20        dmis13         98000          131000           33          23:45:05    23:45:38
     WbuuaScYIoQWsnOv        dmis14        dmis12        107000          131000           24          23:45:14    23:45:38
     TDKNdfXoCWLIdeLj        dmis09        dmis14        108000          130000           22          23:45:15    23:45:37
     uitMLKsucQeEAgBY        dmis14        dmis17        112000          144000           32          23:45:19    23:45:51
     lpMhqPJmPHibuRVo        dmis09        dmis14        123000          130000            7          23:45:30    23:45:37
     QWClMzkDUwlzarap        dmis17        dmis05        127000          142000           15          23:45:34    23:45:49
     hVtJpXjAmaYEPMZk        dmis14        dmis09        128000          130000            2          23:45:35    23:45:37
     AfyJVRqXtfpooPib        dmis05        dmis18        138000          146000            8          23:45:45    23:45:53
     znXVyuSeKqNtcWqN        dmis12        dmis14        139000          211000           72          23:45:46    23:46:58
     sNzVhferVYKwERwn        dmis13        dmis20        145000          145000            0          23:45:52    23:45:52
     YPCoyxWBWgzgzSZD        dmis18        dmis20        147000          147000            0          23:45:54    23:45:54
     wsyKcQeGiKkIQnjz        dmis14        dmis09        151000          151000            0          23:45:58    23:45:58
     YjVandQfVuKKYQMO        dmis17        dmis08        155000          172000           17          23:46:02    23:46:19
     XFbCKBQOZexEiiOt        dmis09        dmis14        157000          157000            0          23:46:04    23:46:04
     sjvhgSIjtpTCPaLu        dmis08        dmis12        159000          159000            0          23:46:06    23:46:06
     efvAjgpUFNOOMwRG        dmis08        dmis12        171000          171000            0          23:46:18    23:46:18
     MqMTPyiWTghQCfMQ        dmis01        dmis05        171000          171000            0          23:46:18    23:46:18
     FONnHXYCOuGfurAy        dmis08        dmis20        172000          172000            0          23:46:19    23:46:19
     DELgUFDgIAMOYTta        dmis05        dmis20        173000          173000            0          23:46:20    23:46:20
     xccqtLeismLNFHDC        dmis09        dmis05        174000          250000           76          23:46:21    23:47:37
     pQCbpoELKrNnlNCj        dmis17        dmis14        174000          211000           37          23:46:21    23:46:58
     OgHbHxPidmNNvdIu        dmis09        dmis20        181000          204000           23          23:46:28    23:46:51
     jCKyzUYLUWSJkRvj        dmis14        dmis05        181000          250000           69          23:46:28    23:47:37
     xxBiDQELftztrTZX        dmis08        dmis17        192000          262000           70          23:46:39    23:47:49
     bNTyMyUuMEPcaBgp        dmis01        dmis08        196000          247000           51          23:46:43    23:47:34
     NNhDbJqMHExBvRWw        dmis12        dmis14        199000          211000           12          23:46:46    23:46:58
     vuLSNjVHgpZEiRqF        dmis20        dmis17        199000          204000            5          23:46:46    23:46:51
     SNdpGxudliAzpvAP        dmis18        dmis14        205000          211000            6          23:46:52    23:46:58
     MTTOlzXVMJEeXpEg        dmis14        dmis20        206000          212000            6          23:46:53    23:46:59
     CIasDDWdpEuduswP        dmis20        dmis13        209000          279000           70          23:46:56    23:48:06
     fLKbwOLrCZGKijOW        dmis09        dmis05        210000          250000           40          23:46:57    23:47:37
     MhkbqHIZyjDibTNf        dmis20        dmis05        217000          251000           34          23:47:04    23:47:38
     zxMMdeuAaelYUzpj        dmis17        dmis18        221000          302000           81          23:47:08    23:48:29
     YtJvkatDHItWxezD        dmis05        dmis01        221000          317000           96          23:47:08    23:48:44
     tSKjSSHLBqCdYQTZ        dmis01        dmis13        221000          317000           96          23:47:08    23:48:44
     RogqKHEEfwQqnlbB        dmis14        dmis01        227000          276000           49          23:47:14    23:48:03
     IkJDPOlZozpOslPT        dmis05        dmis08        232000          247000           15          23:47:19    23:47:34
     HUSuVPqHywovLudC        dmis14        dmis08        239000          250000           11          23:47:26    23:47:37
     RvXzvpjyBWmyZUTH        dmis09        dmis05        239000          410000          171          23:47:26    23:50:17
     ZkrCzvwBCfxXOmLg        dmis13        dmis17        241000          262000           21          23:47:28    23:47:49
     qRMhHrTTIGgTVIFu        dmis17        dmis08        245000          262000           17          23:47:32    23:47:49
     HoMQOLUCfAIbuKAt        dmis08        dmis01        257000          291000           34          23:47:44    23:48:18
     lEFlEBoAjNGIhFOZ        dmis18        dmis09        259000          316000           57          23:47:46    23:48:43
     hfIEwVxYUdkcOZBF        dmis09        dmis17        262000          317000           55          23:47:49    23:48:44
     VRQBolgbVjdMEfBr        dmis18        dmis12        271000          357000           86          23:47:58    23:49:24
     ZNEgSIZpiloMdKac        dmis13        dmis12        273000          273000            0          23:48:00    23:48:00
     KgCokQOVfWEmBUOY        dmis18        dmis12        281000          357000           76          23:48:08    23:49:24
     IrJnXdNXhAWDalNq        dmis17        dmis20        282000          302000           20          23:48:09    23:48:29
     LgzCTGfrPidVohnA        dmis18        dmis12        294000          357000           63          23:48:21    23:49:24
     EzxNsSGbaNwWXbSh        dmis17        dmis12        304000          357000           53          23:48:31    23:49:24
     IMuVtYzyWpqMdrnK        dmis14        dmis08        305000          305000            0          23:48:32    23:48:32
     PPOBiexPaDcBxsAK        dmis18        dmis20        306000          306000            0          23:48:33    23:48:33
     wTEyQCZsHYSYkfGL        dmis13        dmis05        311000          311000            0          23:48:38    23:48:38
     DoxppTmDZDFaGLRZ        dmis01        dmis05        322000          410000           88          23:48:49    23:50:17
     GTrHnjLAcyTGvjVK        dmis12        dmis08        322000          322000            0          23:48:49    23:48:49
     yBmUJslacoWSXjsN        dmis18        dmis12        324000          357000           33          23:48:51    23:49:24
     EaoPCHUkpQIpUhSC        dmis05        dmis14        327000          464000          137          23:48:54    23:51:11
     SkSnvtCDFQqIASmz        dmis13        dmis09        328000          410000           82          23:48:55    23:50:17
     ycPAnImUmlYjEUGN        dmis12        dmis08        333000          364000           31          23:49:00    23:49:31
     TdHkRTLHUavnlMgs        dmis05        dmis18        334000          334000            0          23:49:01    23:49:01
     NuJREDbTVlKPUCsp        dmis05        dmis01        335000          884000          549          23:49:02    23:58:11
     nsXewyYFYsDLaMwS        dmis13        dmis05        339000          449000          110          23:49:06    23:50:56
     hDBntgYybxusqtRA        dmis08        dmis09        341000          341000            0          23:49:08    23:49:08
     dpxivVmKAGNwAMNO        dmis20        dmis09        344000          344000            0          23:49:11    23:49:11
     IgSwRNAyPKzjuBCe        dmis08        dmis14        345000          345000            0          23:49:12    23:49:12
     fBKXVUkwkobKewJj        dmis01        dmis13        347000          419000           72          23:49:14    23:50:26
     AIokMLaMoEQLWSwW        dmis18        dmis01        348000          885000          537          23:49:15    23:58:12
     tksdeDdJuBBrKweN        dmis18        dmis13        353000          445000           92          23:49:20    23:50:52
     NfeJUWSVsgSdAWhL        dmis14        dmis20        357000          357000            0          23:49:24    23:49:24
     nIzCBnfBQmdYXUzE        dmis01        dmis12        359000          956000          597          23:49:26    23:59:23
     hBzAWkhRNfGAtMSI        dmis05        dmis12        365000          464000           99          23:49:32    23:51:11
     UBuRgKPnkntkagcg        dmis17        dmis13        366000          450000           84          23:49:33    23:50:57
     etXtGXfVdxiZpgyJ        dmis18        dmis01        373000          885000          512          23:49:40    23:58:12
     rQoXuTGqvKHHgMuM        dmis18        dmis13        375000          445000           70          23:49:42    23:50:52
     eerxMRyNoSHhNbjX        dmis08        dmis17        378000          407000           29          23:49:45    23:50:14
     hbVAOwYEIxpdBSJF        dmis08        dmis17        379000          407000           28          23:49:46    23:50:14
     XMdSGPRseudKRoUe        dmis01        dmis20        381000          944000          563          23:49:48    23:59:11
     yCFktdzjxgqMJbKQ        dmis08        dmis05        386000          426000           40          23:49:53    23:50:33
     TzQMgaLEkQollcSp        dmis20        dmis17        389000          450000           61          23:49:56    23:50:57
     IBAmfdIapssLxmbE        dmis05        dmis13        392000          426000           34          23:49:59    23:50:33
     NcfKnOBCvhcrvVZF        dmis05        dmis13        403000          426000           23          23:50:10    23:50:33
     TqxollYnSolUaZJv        dmis20        dmis12        405000          464000           59          23:50:12    23:51:11
     XViyKnBczgaYazez        dmis01        dmis09        406000          930000          524          23:50:13    23:58:57
     pXueJfEnDaTALrNk        dmis12        dmis08        413000          464000           51          23:50:20    23:51:11
     ICGDcHbZzsLCJYOx        dmis14        dmis17        415000          527000          112          23:50:22    23:52:14
     VeKjMydYmDiQxqDo        dmis12        dmis14        425000          425000            0          23:50:32    23:50:32
     uyGPNQQRMcRoymVG        dmis09        dmis08        426000          426000            0          23:50:33    23:50:33
     WQfTkkxrapBdhNCW        dmis13        dmis01        430000          885000          455          23:50:37    23:58:12
     wbudfcGWWYHtkIAz        dmis05        dmis09        431000          431000            0          23:50:38    23:50:38
     HsHnRNiVkTwcZUnS        dmis18        dmis05        436000          436000            0          23:50:43    23:50:43
     NhUtWLoCHTPyhlee        dmis01        dmis12        438000          956000          518          23:50:45    23:59:23
     sfMqajQxObbCaCJW        dmis09        dmis08        440000          445000            5          23:50:47    23:50:52
     nXtyEXLiXhklyXvt        dmis12        dmis18        441000          464000           23          23:50:48    23:51:11
     EHCqHiRTLBmLRrZG        dmis12        dmis08        443000          464000           21          23:50:50    23:51:11
     DSMSICJWgBMgNHoH        dmis09        dmis14        445000          465000           20          23:50:52    23:51:12
     yzhhzunlkCYwERnZ        dmis20        dmis17        446000          450000            4          23:50:53    23:50:57
     hKoUWOKqcVkEwvaV        dmis20        dmis14        447000          474000           27          23:50:54    23:51:21
     MaXpLOMbPNDrqPnv        dmis09        dmis14        451000          465000           14          23:50:58    23:51:12
     UJcWephotgmzzzzG        dmis20        dmis08        462000          462000            0          23:51:09    23:51:09
     RUfvSQfrXSCXrzrV        dmis12        dmis09        464000          475000           11          23:51:11    23:51:22
     LhjAxKcvtGMOBLuY        dmis05        dmis17        465000          527000           62          23:51:12    23:52:14
     gvmODdjREvCXpdDg        dmis12        dmis14        469000          469000            0          23:51:16    23:51:16
     HbadzZIZTOKTAJoY        dmis13        dmis01        471000          885000          414          23:51:18    23:58:12
     nBQjWYzrIgBquVFb        dmis18        dmis20        472000          472000            0          23:51:19    23:51:19
     dFqtDozmoPRPjAWH        dmis08        dmis09        473000          527000           54          23:51:20    23:52:14
     PmRjBZGoucquzDOo        dmis18        dmis17        477000          527000           50          23:51:24    23:52:14
     GgxCfywpgXiBuNeM        dmis18        dmis17        486000          527000           41          23:51:33    23:52:14
     pODusjqoJzkvKmVv        dmis05        dmis14        487000          487000            0          23:51:34    23:51:34
     MNckBMcgkOKGkmde        dmis20        dmis05        492000          492000            0          23:51:39    23:51:39
     ImfsbiucpWCRXGrL        dmis01        dmis20        494000          944000          450          23:51:41    23:59:11
     plGOyUSfNHgxukBc        dmis01        dmis13        496000          937000          441          23:51:43    23:59:04
     ZiWCrqFGOhxMqqZF        dmis01        dmis12        499000          956000          457          23:51:46    23:59:23
     euIArcvljoplMwyu        dmis14        dmis20        502000          502000            0          23:51:49    23:51:49
     ZVVBxBPRffNgkeuQ        dmis18        dmis12        502000          502000            0          23:51:49    23:51:49
     hcTcUbdVqbtQdNXz        dmis17        dmis01        504000          885000          381          23:51:51    23:58:12
     WfCaXmoqUBstCRBo        dmis20        dmis13        507000          556000           49          23:51:54    23:52:43
     zVSlfRCggFjPsLLZ        dmis13        dmis01        509000          885000          376          23:51:56    23:58:12
     AGzDoACpunRelhdR        dmis14        dmis01        510000          885000          375          23:51:57    23:58:12
     BnsuppGaDVOpTmlu        dmis14        dmis08        511000          517000            6          23:51:58    23:52:04
     EDyfSAlcRykbKoHG        dmis20        dmis14        513000          517000            4          23:52:00    23:52:04
     texsrbNKHzbLNvlc        dmis05        dmis13        514000          556000           42          23:52:01    23:52:43
     VkGuYxnSAFlcwMTa        dmis20        dmis09        515000          531000           16          23:52:02    23:52:18
     RrHluvnlTaOfovML        dmis20        dmis09        521000          531000           10          23:52:08    23:52:18
     BFVBcOHrXNOszSWy        dmis01        dmis14        522000          956000          434          23:52:09    23:59:23
     pUrXEIlOxEBZmffV        dmis17        dmis09        523000          527000            4          23:52:10    23:52:14
     CTDTLibARbOhrppv        dmis01        dmis08        527000          887000          360          23:52:14    23:58:14
     LOYFYovjphFZtAWo        dmis05        dmis12        528000          528000            0          23:52:15    23:52:15
     MoENnPMIfZChIQfJ        dmis13        dmis20        529000          554000           25          23:52:16    23:52:41
     YIdszLJYDOWUnPsu        dmis12        dmis09        537000          556000           19          23:52:24    23:52:43
     kEKOjThNRJKgoPOO        dmis12        dmis18        539000          539000            0          23:52:26    23:52:26
     LzVRqZXYFINztbbH        dmis13        dmis17        541000          570000           29          23:52:28    23:52:57
     kRsRpOJwnRzIEfWf        dmis18        dmis12        542000          542000            0          23:52:29    23:52:29
     vKzlNbAhorNbyQTB        dmis14        dmis01        546000          885000          339          23:52:33    23:58:12
     EBtzgSIfABSkCCah        dmis08        dmis18        550000          556000            6          23:52:37    23:52:43
     yRgzesZHIVeVmwRx        dmis12        dmis14        555000          555000            0          23:52:42    23:52:42
     wkWyAfsyuIsUcoUF        dmis01        dmis13        558000          937000          379          23:52:45    23:59:04
     EtHVWuiEUjRjgclt        dmis05        dmis09        559000          559000            0          23:52:46    23:52:46
     phWeWkMbjoiRGQBs        dmis13        dmis05        560000          560000            0          23:52:47    23:52:47
     HZnRdXNLaAupJIXY        dmis09        dmis13        566000          566000            0          23:52:53    23:52:53
     RYLizkIGSYgNZJWQ        dmis13        dmis18        567000          567000            0          23:52:54    23:52:54
     hsgfrtXRAKwWYpyQ        dmis20        dmis05        575000          797000          222          23:53:02    23:56:44
     CdNLXUaOfmwtbkKz        dmis12        dmis09        576000          576000            0          23:53:03    23:53:03
     QjYqZVAodfoYFknL        dmis05        dmis18        577000          577000            0          23:53:04    23:53:04
     DQAkKARsXxQkvHHX        dmis12        dmis09        577000          577000            0          23:53:04    23:53:04
     QSUNciqmZbFFRIzI        dmis13        dmis18        580000          797000          217          23:53:07    23:56:44
     bRGaUXRBchImNccz        dmis18        dmis20        586000          797000          211          23:53:13    23:56:44
     GMsIWDoOBudcFZSw        dmis13        dmis12        588000          588000            0          23:53:15    23:53:15
     dNWVcCVGZJxSylOT        dmis14        dmis01        590000          885000          295          23:53:17    23:58:12
     JTBnJazXrSoAUlJy        dmis08        dmis09        590000          590000            0          23:53:17    23:53:17
     wXTnnCJBVKLzQHEt        dmis18        dmis12        598000          808000          210          23:53:25    23:56:55
     hAzEdCzugukjhJkY        dmis17        dmis13        603000          603000            0          23:53:30    23:53:30
     hxavhcxZdNIWczry        dmis01        dmis12        604000          956000          352          23:53:31    23:59:23
     mozMttkObekGtGlc        dmis01        dmis08        607000          887000          280          23:53:34    23:58:14
     DdWhLJyKPZJDeqaO        dmis17        dmis12        610000          610000            0          23:53:37    23:53:37
     LWIkQkAVwWQyIAzN        dmis12        dmis01        611000          885000          274          23:53:38    23:58:12
     TaXDcryZqojMVsJi        dmis12        dmis08        612000          612000            0          23:53:39    23:53:39
     xnekogsexfgxyBYd        dmis14        dmis20        613000          739000          126          23:53:40    23:55:46
     sAswEtQKNCvwlGvP        dmis17        dmis14        620000          620000            0          23:53:47    23:53:47
     lwnWkBYBQdSgugdb        dmis09        dmis01        624000          885000          261          23:53:51    23:58:12
     toLwYbkXErfvagGi        dmis13        dmis01        625000          885000          260          23:53:52    23:58:12
     McXTUhYXkshNUJUE        dmis08        dmis18        629000          797000          168          23:53:56    23:56:44
     aNtwKMXpvFBikgIG        dmis18        dmis12        634000          826000          192          23:54:01    23:57:13
     JTyXCWjTxTwCLwqe        dmis17        dmis18        640000          797000          157          23:54:07    23:56:44
     oUseGuBdqUdAWeQP        dmis12        dmis20        642000          739000           97          23:54:09    23:55:46
     FBTSFftArGZhnfAn        dmis18        dmis12        643000          805000          162          23:54:10    23:56:52
     WkAdDSNqujoFrlWa        dmis17        dmis14        651000          651000            0          23:54:18    23:54:18
     CXtmYuLRmasglbgX        dmis08        dmis05        657000          797000          140          23:54:24    23:56:44
     GpVIGtIzHtleMwPa        dmis12        dmis20        659000          739000           80          23:54:26    23:55:46
     elxNnwMSjXPlwgmI        dmis01        dmis13        663000          931000          268          23:54:30    23:58:58
     SJHzeKeWEhZBNPSu        dmis12        dmis08        667000          667000            0          23:54:34    23:54:34
     TAQPdfggbjiHLCde        dmis13        dmis08        669000          807000          138          23:54:36    23:56:54
     GdsAMTZXlgmIQgmU        dmis08        dmis13        670000          770000          100          23:54:37    23:56:17
     iHbeERRxRFfHbRsi        dmis20        dmis17        674000          739000           65          23:54:41    23:55:46
     HrSnQiAQkUfTDERO        dmis09        dmis14        686000          716000           30          23:54:53    23:55:23
     WnvSGhijmsPhAaLE        dmis01        dmis05        689000          945000          256          23:54:56    23:59:12
     bGmNhMRYQJGMrKOB        dmis09        dmis17        690000          690000            0          23:54:57    23:54:57
     OjsDhGwrDleaTqIs        dmis01        dmis08        703000          887000          184          23:55:10    23:58:14
     sqcrTOQygVvgEDox        dmis13        dmis18        706000          797000           91          23:55:13    23:56:44
     gwjcQrimAZviDiBu        dmis05        dmis20        709000          797000           88          23:55:16    23:56:44
     LaQdtNwvaSrYhrqq        dmis20        dmis17        710000          739000           29          23:55:17    23:55:46
     rbmSWMhBtXcAJpmP        dmis05        dmis12        715000          804000           89          23:55:22    23:56:51
     eNEnImMRGzWUVnUO        dmis12        dmis08        716000          759000           43          23:55:23    23:56:06
     QwYSYwaXHasHlgAI        dmis14        dmis08        718000          781000           63          23:55:25    23:56:28
     fFkLpsxBmOkMrVTf        dmis01        dmis09        735000          930000          195          23:55:42    23:58:57
     BUufLmfetknubFfo        dmis20        dmis09        740000          761000           21          23:55:47    23:56:08
     biOtqojcLQyovpEY        dmis09        dmis14        740000          740000            0          23:55:47    23:55:47
     WdPaOTXsCWvpnoJT        dmis12        dmis20        743000          829000           86          23:55:50    23:57:16
     SvlfijuDqxoAfWgK        dmis18        dmis12        747000          810000           63          23:55:54    23:56:57
     DogmcuFkTBePOBfL        dmis12        dmis14        747000          798000           51          23:55:54    23:56:45
     yQnFDefVqojHYXiB        dmis09        dmis18        755000          810000           55          23:56:02    23:56:57
     GFIgBuXNuRThvZGb        dmis08        dmis09        758000          758000            0          23:56:05    23:56:05
     ZCfEHyeYfFIUmKKH        dmis18        dmis01        765000          885000          120          23:56:12    23:58:12
     efOJMUsNGAuTFZXX        dmis13        dmis12        766000          807000           41          23:56:13    23:56:54
     IyUApFDavbQsSuSq        dmis09        dmis01        769000          884000          115          23:56:16    23:58:11
     evzirJbPeZTPwLvU        dmis17        dmis18        770000          810000           40          23:56:17    23:56:57
     pCQjqHjweEeIiVHO        dmis13        dmis20        772000          807000           35          23:56:19    23:56:54
     GVrBkqzkisjqKbil        dmis20        dmis12        783000          783000            0          23:56:30    23:56:30
     LvudoeSqGnyjwZDp        dmis05        dmis18        786000          786000            0          23:56:33    23:56:33
     VxXypnqJYgRpspRw        dmis17        dmis18        789000          810000           21          23:56:36    23:56:57
     awZoqrbyuwrZvRyn        dmis13        dmis18        792000          810000           18          23:56:39    23:56:57
     GNIOtGfztjbnclFh        dmis01        dmis18        793000          947000          154          23:56:40    23:59:14
     KSSVirfrKQjWSTJN        dmis20        dmis08        793000          793000            0          23:56:40    23:56:40
     VeSGqXmmhzGKHnZP        dmis20        dmis08        793000          793000            0          23:56:40    23:56:40
     RrvgJujxitjzQEEx        dmis01        dmis14        794000          956000          162          23:56:41    23:59:23
     asiyeRaaOcAZTorg        dmis05        dmis01        795000          884000           89          23:56:42    23:58:11
     tpYJWhICLMlvHSjj        dmis13        dmis20        802000          810000            8          23:56:49    23:56:57
     EZdSSdPFLbndKbYq        dmis08        dmis14        808000          808000            0          23:56:55    23:56:55
     oLxhcbFYxzzuqYjJ        dmis13        dmis09        822000          827000            5          23:57:09    23:57:14
     XBWQzKcikkTtyuii        dmis20        dmis14        823000          942000          119          23:57:10    23:59:09
     KrhECKViKOzIbVeW        dmis17        dmis09        829000          850000           21          23:57:16    23:57:37
     EUnspMnRkkgxasrE        dmis12        dmis17        830000          850000           20          23:57:17    23:57:37
     sEWIRmTPsmemCxlm        dmis17        dmis08        848000          887000           39          23:57:35    23:58:14
     gVMQegVvfjxlHgxG        dmis18        dmis12        850000          850000            0          23:57:37    23:57:37
     OaFXUnQEdBcxuLNr        dmis20        dmis05        851000          851000            0          23:57:38    23:57:38
     OssScnaobAWcXbAp        dmis17        dmis18        853000          853000            0          23:57:40    23:57:40
     iiYJCVwypRFKQmLW        dmis08        dmis09        856000          930000           74          23:57:43    23:58:57
     ICMRDQrIXZekKOts        dmis18        dmis17        871000          871000            0          23:57:58    23:57:58
     WgvkmpRluzkuaLas        dmis14        dmis20        874000          939000           65          23:58:01    23:59:06
     hwzYktNfhtrJQCyh        dmis17        dmis01        878000          885000            7          23:58:05    23:58:12
     rPlnvSoPDpEFALpT        dmis01        dmis08        878000          887000            9          23:58:05    23:58:14
     NqPhtgMHKaKuDImM        dmis08        dmis14        882000          998000          116          23:58:09    00:00:05
     PhUnoePaRaXavJMl        dmis13        dmis20        884000          884000            0          23:58:11    23:58:11
     KfiqNdnuPLFwRddb        dmis18        dmis12        892000          957000           65          23:58:19    23:59:24
     wQBbeCpHEOmBrosy        dmis17        dmis08        896000          896000            0          23:58:23    23:58:23
     nSwxNLCUGwgwAEfX        dmis17        dmis14        901000          958000           57          23:58:28    23:59:25
     lLLzrDPXRnhPmmeO        dmis05        dmis20        906000          944000           38          23:58:33    23:59:11
     EmnlFPlttLVOCmwN        dmis05        dmis18        907000          907000            0          23:58:34    23:58:34
     RkvVHSWWJBGcpTYc        dmis08        dmis18        910000          947000           37          23:58:37    23:59:14
     WHYCjPkpDYswOKUb        dmis17        dmis12        911000          956000           45          23:58:38    23:59:23
     hAkIWlhglzNYioie        dmis14        dmis01        917000          917000            0          23:58:44    23:58:44
     WDoLSHyPgJjIWLad        dmis14        dmis08        920000          920000            0          23:58:47    23:58:47
     cmBnGKKOFTQYaWvr        dmis01        dmis12        925000          956000           31          23:58:52    23:59:23
     CSzRDDojBuicAnBw        dmis17        dmis01        926000          926000            0          23:58:53    23:58:53
     GZskuXvnbbErCJEJ        dmis12        dmis13        927000          927000            0          23:58:54    23:58:54
     hPSKijUHLZtXNMpZ        dmis18        dmis09        927000          947000           20          23:58:54    23:59:14
     mJhLVjwfuRyuliCZ        dmis20        dmis09        928000         1210000          282          23:58:55    00:03:37
     UzBFQnUWlOsZzPbD        dmis17        dmis13        928000          945000           17          23:58:55    23:59:12
     LKyFXQLarNaLaNdm        dmis20        dmis17        929000          984000           55          23:58:56    23:59:51
     MpLHYyoIaZEDjQpC        dmis08        dmis17        936000          936000            0          23:59:03    23:59:03
     LiEJCSyfJEnkpCFT        dmis01        dmis05        937000          945000            8          23:59:04    23:59:12
     CLyLfuIOxQspmTTY        dmis08        dmis12        939000         1116000          177          23:59:06    00:02:03
     iFhgFwqFXUKgKaJO        dmis08        dmis14        953000          998000           45          23:59:20    00:00:05
     fSDugQNrDUqDmHJu        dmis12        dmis13        960000          960000            0          23:59:27    23:59:27
     MgyRMDocRyKrXuuF        dmis09        dmis13        960000         1011000           51          23:59:27    00:00:18
     nJAUFKkEcDTowNOg        dmis08        dmis12        962000         1007000           45          23:59:29    00:00:14
     HDEDdZQGDvXfGeOM        dmis12        dmis09        966000         1005000           39          23:59:33    00:00:12
     YMATWWBSpBmAmqbX        dmis20        dmis13        967000          979000           12          23:59:34    23:59:46
     zhnQncOeSxvGJbXQ        dmis05        dmis17        969000          984000           15          23:59:36    23:59:51
     qhgWtQmBlczlZwfm        dmis01        dmis12        971000         1007000           36          23:59:38    00:00:14
     UWPzUHeRCqXOSiDf        dmis08        dmis05        975000          984000            9          23:59:42    23:59:51
     uLsYMAXLBYIRyRcn        dmis13        dmis14        976000          976000            0          23:59:43    23:59:43
     tZqIcDdRQkQjnTkX        dmis18        dmis09        980000          986000            6          23:59:47    23:59:53
     vQgKvlmtmcLGYEXm        dmis09        dmis18        981000          986000            5          23:59:48    23:59:53
     HcvNhlyJhGLHUmFq        dmis17        dmis08        996000          996000            0          00:00:03    00:00:03
     nIWFVsBIJUkilNLS        dmis17        dmis12        997000         1007000           10          00:00:04    00:00:14
     glVIGVNpbabqeHLu        dmis01        dmis17        998000          998000            0          00:00:05    00:00:05
     qRSJjfMvJNiIjnxp        dmis01        dmis08        998000          998000            0          00:00:05    00:00:05
     mXeYcUbwsnNSHKZc        dmis09        dmis01        999000          999000            0          00:00:06    00:00:06
     zUXfQnuRnYKUFvQV        dmis01        dmis13       1001000         1001000            0          00:00:08    00:00:08
     ysIEKwVnSmtevEyE        dmis12        dmis01       1002000         1004000            2          00:00:09    00:00:11
     mNLiYToLUclcStgq        dmis14        dmis20       1006000         1006000            0          00:00:13    00:00:13
     QMbvBmrwzmMbyiPX        dmis05        dmis18       1009000         1009000            0          00:00:16    00:00:16
     PJgYqTtZieksrHjQ        dmis01        dmis20       1013000         1045000           32          00:00:20    00:00:52
     RFBYpMDTRwiPLyxF        dmis08        dmis01       1018000         1090000           72          00:00:25    00:01:37
     REpeiFKacfjohgeX        dmis05        dmis08       1018000         1018000            0          00:00:25    00:00:25
     XXbPEcgnLSVHDymP        dmis14        dmis12       1024000         1038000           14          00:00:31    00:00:45
     aceXSrAkGcxGPcSp        dmis20        dmis09       1025000         1210000          185          00:00:32    00:03:37
     ZWAnbqPuSNWnYIbs        dmis13        dmis08       1027000         1027000            0          00:00:34    00:00:34
     AfoWSApeeCLcIkpU        dmis09        dmis14       1027000         1116000           89          00:00:34    00:02:03
     kEHUOCebBxYQMnQf        dmis18        dmis12       1028000         1116000           88          00:00:35    00:02:03
     SHUVTlrUxFyVNPug        dmis05        dmis09       1038000         1117000           79          00:00:45    00:02:04
     iEhNgAtJVqOBufPS        dmis12        dmis14       1045000         1096000           51          00:00:52    00:01:43
     PIFWveFCmSLgGTZT        dmis17        dmis12       1046000         1116000           70          00:00:53    00:02:03
     BxzxrCfaYpijcwct        dmis17        dmis20       1047000         1125000           78          00:00:54    00:02:12
     GjScPZEcSqKajJUm        dmis17        dmis01       1049000         1133000           84          00:00:56    00:02:20
     tKlBpxeUfnimtOLl        dmis05        dmis18       1058000         1058000            0          00:01:05    00:01:05
     mIqQNtkEDaptvAqh        dmis18        dmis12       1061000         1116000           55          00:01:08    00:02:03
     WOeQwKHYbhMvRRdl        dmis08        dmis17       1064000         1120000           56          00:01:11    00:02:07
     lAALVOwPsHuMCAdz        dmis14        dmis12       1067000         1116000           49          00:01:14    00:02:03
     eXcubIvCfttRiLzW        dmis18        dmis14       1073000         1227000          154          00:01:20    00:03:54
     xaZJYwzQISwGYwMg        dmis12        dmis18       1081000         1224000          143          00:01:28    00:03:51
     BhxTWSnjszFXwwul        dmis01        dmis20       1084000         1084000            0          00:01:31    00:01:31
     PUKnslfHprJBjnaM        dmis20        dmis18       1085000         1104000           19          00:01:32    00:01:51
     HckXxfWGjIYdRJTt        dmis01        dmis17       1085000         1116000           31          00:01:32    00:02:03
     hVvLPwhKJVeShdxH        dmis09        dmis17       1091000         1091000            0          00:01:38    00:01:38
     WtqIvPWWOENOvrcu        dmis13        dmis20       1092000         1092000            0          00:01:39    00:01:39
     QrOoLDadcFCbDymk        dmis01        dmis17       1096000         1116000           20          00:01:43    00:02:03
     trpgKzmPbCKwECfI        dmis18        dmis14       1101000         1237000          136          00:01:48    00:04:04
     awTIWmrRfIUbNmwM        dmis12        dmis20       1105000         1125000           20          00:01:52    00:02:12
     QekRuBNPoJEOUFgQ        dmis13        dmis20       1112000         1112000            0          00:01:59    00:01:59
     jnDbOuISXVxFHMcq        dmis09        dmis05       1113000         1117000            4          00:02:00    00:02:04
     vhgQtZKQEKoTzIZS        dmis05        dmis08       1115000         1115000            0          00:02:02    00:02:02
     UMWMMaGRnqFGeSRb        dmis05        dmis20       1120000         1120000            0          00:02:07    00:02:07
     ZzRsydjEOxxPHYIC        dmis05        dmis14       1124000         1124000            0          00:02:11    00:02:11
     wEjnqohJnRyYpWgm        dmis08        dmis20       1127000         1179000           52          00:02:14    00:03:06
     cJFdrCGZyBQGmRfh        dmis18        dmis20       1127000         1227000          100          00:02:14    00:03:54
     peJJvLvDNTjeVDtm        dmis20        dmis18       1129000         1224000           95          00:02:16    00:03:51
     BZaWOWveAKTycxSS        dmis13        dmis20       1132000         1132000            0          00:02:19    00:02:19
     jxbAvjkGGoaNsxud        dmis09        dmis20       1133000         1133000            0          00:02:20    00:02:20
     iunuTAMwEwuiZzsb        dmis18        dmis01       1139000         1227000           88          00:02:26    00:03:54
     jXeccmbApuIdlNkW        dmis18        dmis20       1140000         1227000           87          00:02:27    00:03:54
     yGzstgaIZJLjyLVN        dmis20        dmis01       1141000         1246000          105          00:02:28    00:04:13
     gVJaxrawiLFNhjgN        dmis17        dmis08       1143000         1167000           24          00:02:30    00:02:54
     ngoZgwQVMvBsnUtO        dmis05        dmis13       1145000         1145000            0          00:02:32    00:02:32
     PgxMSuphnamLEhzE        dmis20        dmis09       1145000         1210000           65          00:02:32    00:03:37
     AYJYGigPQGSIpoDI        dmis01        dmis08       1154000         1157000            3          00:02:41    00:02:44
     BclyEYPujtjFBRXc        dmis13        dmis05       1161000         1161000            0          00:02:48    00:02:48
     mMcIZmGCVtXoMazj        dmis08        dmis13       1163000         1163000            0          00:02:50    00:02:50
     ZGRgIXtVrQCVorKz        dmis14        dmis17       1169000         1169000            0          00:02:56    00:02:56
     tAPiAukUmxUXgqjP        dmis17        dmis20       1171000         1180000            9          00:02:58    00:03:07
     NZyhfyPfKdQiOLyg        dmis20        dmis13       1172000         1180000            8          00:02:59    00:03:07
     LAGbwQTVnSdUEfkp        dmis09        dmis01       1179000         1222000           43          00:03:06    00:03:49
     hySaAEYeDsOCSgfD        dmis18        dmis09       1180000         1227000           47          00:03:07    00:03:54
     eOQzXCHDtHSnfOSs        dmis09        dmis20       1185000         1225000           40          00:03:12    00:03:52
     OvvoRwGcQckPaWVa        dmis12        dmis08       1187000         1187000            0          00:03:14    00:03:14
     txSlRKtHmhUsotyc        dmis20        dmis12       1188000         1222000           34          00:03:15    00:03:49
     UXLCvcjHfZsUmQaF        dmis20        dmis17       1189000         1222000           33          00:03:16    00:03:49
     lvPlMPHUAOHjYqXT        dmis17        dmis01       1190000         1224000           34          00:03:17    00:03:51
     srlQfCjMkGOzuMli        dmis12        dmis13       1191000         1191000            0          00:03:18    00:03:18
     GLFIYHinbQrOEdmL        dmis18        dmis08       1194000         1224000           30          00:03:21    00:03:51
     JjwAhceYGoNGNIiH        dmis12        dmis05       1196000         1196000            0          00:03:23    00:03:23
     QYAhwxNziiXMFrEJ        dmis13        dmis20       1201000         1222000           21          00:03:28    00:03:49
     QoDSkOowNjVTbfkP        dmis17        dmis18       1205000         1224000           19          00:03:32    00:03:51
     hrWuxWZbCBcfBpSb        dmis01        dmis14       1205000         1238000           33          00:03:32    00:04:05
     PBBvJjNcPFKfvnNC        dmis01        dmis13       1209000         1251000           42          00:03:36    00:04:18
     WrJcRywathiUBfyT        dmis13        dmis12       1213000         1213000            0          00:03:40    00:03:40
     BHoDNmjqhXuBGzem        dmis18        dmis20       1215000         1224000            9          00:03:42    00:03:51
     llULucAvutMAxAmA        dmis18        dmis12       1215000         1227000           12          00:03:42    00:03:54
     FlYxzfhMWhnOFtaS        dmis08        dmis01       1216000         1246000           30          00:03:43    00:04:13
     PutGGoPTvJllFKPz        dmis20        dmis18       1222000         1224000            2          00:03:49    00:03:51
     HEAGsJKnEICqIDzP        dmis08        dmis14       1223000         1223000            0          00:03:50    00:03:50
     oyVnROiejlZpSLFy        dmis09        dmis18       1227000         1227000            0          00:03:54    00:03:54
     HAbEDkOIjgeXyGDn        dmis20        dmis14       1232000         1271000           39          00:03:59    00:04:38
     hcGVQPNXpiyVjehW        dmis18        dmis05       1234000         1301000           67          00:04:01    00:05:08
     AZaOrjItXSDxKcqc        dmis17        dmis05       1234000         1238000            4          00:04:01    00:04:05
     gJyDGxFKAHPbyjFo        dmis01        dmis20       1236000         1238000            2          00:04:03    00:04:05
     bWvHkNAhwosbYidh        dmis20        dmis12       1236000         1237000            1          00:04:03    00:04:04
     nIlWSYYHgkMBxzGE        dmis01        dmis17       1237000         1237000            0          00:04:04    00:04:04
     LeJrCQbEysGyeNor        dmis01        dmis20       1238000         1238000            0          00:04:05    00:04:05
     IeLNpbYahcYhJdum        dmis20        dmis12       1239000         1239000            0          00:04:06    00:04:06
     BtyjyHVkPlKjXxrG        dmis12        dmis13       1241000         1241000            0          00:04:08    00:04:08
     FBaEYqdgyCSGTYRP        dmis13        dmis14       1246000         1274000           28          00:04:13    00:04:41
     tkkoBiFvrZiUclVD        dmis14        dmis09       1249000              -1           -1          00:04:16          ()
     RoJcmEXDvcaltnnM        dmis14        dmis13       1250000         1450000          200          00:04:17    00:07:37
     pARgAQJTzRqayOUG        dmis13        dmis01       1251000         1251000            0          00:04:18    00:04:18
     xZCAKJWblGxPRVsk        dmis14        dmis17       1256000              -1           -1          00:04:23          ()
     jEmXKkdfOdThqgvq        dmis14        dmis08       1265000              -1           -1          00:04:32          ()
     pwkoMPWlrrtkpkCF        dmis13        dmis20       1273000         1405000          132          00:04:40    00:06:52
     ipJqTNozEbHTlsAp        dmis12        dmis14       1277000         1432000          155          00:04:44    00:07:19
     fzQPiottUsinPdaZ        dmis14        dmis13       1278000         1278000            0          00:04:45    00:04:45
     qbHKFKIBdWccwQDg        dmis18        dmis13       1281000         1281000            0          00:04:48    00:04:48
     KtnkjWFJpVlOKHuB        dmis13        dmis01       1283000         1284000            1          00:04:50    00:04:51
     ujDkASKPaiKMPtIf        dmis18        dmis12       1285000         1285000            0          00:04:52    00:04:52
     BsTLfWudkMHKwKRf        dmis20        dmis01       1287000              -1           -1          00:04:54          ()
     WSrdeBFJxjMwZpet        dmis18        dmis20       1290000         1340000           50          00:04:57    00:05:47
     OeuFgsinXIviLrum        dmis20        dmis09       1290000              -1           -1          00:04:57          ()
     vAPnyqVgAjIYlQeW        dmis01        dmis05       1295000         1295000            0          00:05:02    00:05:02
     egrQVoDmFWYwgADs        dmis13        dmis12       1296000         1296000            0          00:05:03    00:05:03
     LAyLKtWzFiJeFaLq        dmis12        dmis14       1297000         1340000           43          00:05:04    00:05:47
     SWGLlwNPZuIkoLza        dmis12        dmis17       1301000         1350000           49          00:05:08    00:05:57
     HOWrAZZoFuXVAslh        dmis14        dmis05       1304000         1424000          120          00:05:11    00:07:11
     zvXwzEBSOVfvKXNA        dmis09        dmis12       1306000         1323000           17          00:05:13    00:05:30
     NznxTjXarGezirPC        dmis12        dmis08       1307000         1307000            0          00:05:14    00:05:14
     UpPYgsfgmLEqyTHv        dmis01        dmis13       1320000         1320000            0          00:05:27    00:05:27
     UReFNKQFFctRJpVp        dmis13        dmis12       1321000         1357000           36          00:05:28    00:06:04
     ajfAbPqEACqRyAWu        dmis18        dmis13       1322000         1371000           49          00:05:29    00:06:18
     tZJtpgAPpKpcAVAW        dmis01        dmis13       1323000         1323000            0          00:05:30    00:05:30
     tEzCuuxRoiGelGdu        dmis14        dmis17       1324000              -1           -1          00:05:31          ()
     UPaATFkqqWopNUkN        dmis18        dmis01       1327000         1351000           24          00:05:34    00:05:58
     JPzqLTuxhbhEnYlb        dmis20        dmis05       1330000              -1           -1          00:05:37          ()
     YINPYWThJuxegECh        dmis09        dmis13       1332000         1332000            0          00:05:39    00:05:39
     dFjLArYZBVhmnday        dmis20        dmis17       1338000              -1           -1          00:05:45          ()
     VkhtnSXDRWtywDCl        dmis05        dmis17       1343000         1350000            7          00:05:50    00:05:57
     JskrOCmczpuoLNdG        dmis05        dmis13       1349000         1371000           22          00:05:56    00:06:18
     BcEaiHTWDYrPyepw        dmis09        dmis05       1350000         1350000            0          00:05:57    00:05:57
     vmgScJejiEGofLjB        dmis13        dmis20       1353000         1405000           52          00:06:00    00:06:52
     OyPofyaEFPsNiUFs        dmis08        dmis05       1354000         1354000            0          00:06:01    00:06:01
     CnISzzxfdsyoHVEE        dmis13        dmis20       1355000         1405000           50          00:06:02    00:06:52
     XkZNEySvWlvUOAgZ        dmis05        dmis01       1355000         1364000            9          00:06:02    00:06:11
     SqqjvCNUtijexOKX        dmis05        dmis13       1360000         1371000           11          00:06:07    00:06:18
     PXQbtDQszbeOogqb        dmis12        dmis05       1361000         1361000            0          00:06:08    00:06:08
     vBLVdmkIGhfIcTsv        dmis14        dmis05       1366000         1424000           58          00:06:13    00:07:11
     imwMxcWFGewnPFqU        dmis13        dmis05       1368000         1368000            0          00:06:15    00:06:15
     qUVBkjzXUvsycDnC        dmis17        dmis08       1368000              -1           -1          00:06:15          ()
     AlKelCzJqwEeWKGr        dmis05        dmis14       1370000         1429000           59          00:06:17    00:07:16
     FDzaNYaGgHfQAwtq        dmis12        dmis18       1372000         1372000            0          00:06:19    00:06:19
     SbrgwnDDonJdNUes        dmis20        dmis09       1373000              -1           -1          00:06:20          ()
     odlPBGykbxoJbtQC        dmis09        dmis05       1374000              -1           -1          00:06:21          ()
     vWDDgwAlWRaWypso        dmis09        dmis01       1375000              -1           -1          00:06:22          ()
     tjrooJGNmndctteA        dmis12        dmis20       1377000         1404000           27          00:06:24    00:06:51
     cPdeIcdjzkvoPXpH        dmis20        dmis18       1381000              -1           -1          00:06:28          ()
     uZMUaLBFdBTmxZsF        dmis13        dmis17       1385000         1385000            0          00:06:32    00:06:32
     lpxrjCxwPDMnwWIr        dmis01        dmis17       1393000              -1           -1          00:06:40          ()
     XfBmddujmcBNyUFu        dmis12        dmis13       1394000         1439000           45          00:06:41    00:07:26
     ZRzVNzMbHtHSZKOW        dmis14        dmis12       1396000              -1           -1          00:06:43          ()
     ObutoEDwnIfRdxPc        dmis14        dmis13       1398000         1433000           35          00:06:45    00:07:20
     yHYRqlGUTKldQmvE        dmis08        dmis05       1401000              -1           -1          00:06:48          ()
     QoYDNmguFOOhaCFq        dmis14        dmis20       1404000         1432000           28          00:06:51    00:07:19
     EZJufmQtxxMAwBfO        dmis14        dmis01       1407000              -1           -1          00:06:54          ()
     FyITJRjyemAZGEzf        dmis12        dmis08       1411000              -1           -1          00:06:58          ()
     lOTlsPQAvmONtGHO        dmis13        dmis12       1412000              -1           -1          00:06:59          ()
     lCToGnZupBhOXoKD        dmis12        dmis08       1415000              -1           -1          00:07:02          ()
     VTnkZpBRZRTbMWzz        dmis01        dmis05       1416000         1416000            0          00:07:03    00:07:03
     NWsXyrtnVHcTfnlC        dmis01        dmis20       1417000         1430000           13          00:07:04    00:07:17
     oswYLFYPSyOaFQfQ        dmis12        dmis13       1421000         1439000           18          00:07:08    00:07:26
     CWcXbPuuzDzXTLUt        dmis05        dmis12       1429000         1429000            0          00:07:16    00:07:16
     FVkhiLMNmiZJhrQV        dmis13        dmis20       1433000         1433000            0          00:07:20    00:07:20
     KkusIXWPMoCxKhPi        dmis08        dmis05       1438000              -1           -1          00:07:25          ()
     YGpuTTAJIjMvGsOk        dmis20        dmis05       1439000         1439000            0          00:07:26    00:07:26
     QFTfRaAxqQgqVLjz        dmis14        dmis13       1439000         1439000            0          00:07:26    00:07:26
     LSvQHlLGlygHZNYP        dmis14        dmis13       1440000         1440000            0          00:07:27    00:07:27
     HKgZbybZnrMGYVWf        dmis13        dmis20       1447000         1447000            0          00:07:34    00:07:34
     sRVkRXjJppCkCLln        dmis14        dmis20       1450000         1450000            0          00:07:37    00:07:37
     KRosvTCxFzLuxabX        dmis20        dmis05       1450000         1450000            0          00:07:37    00:07:37
     XgxikySAUYhtINmk        dmis05        dmis13       1452000         1452000            0          00:07:39    00:07:39
     lQKmFejHjIEctavS        dmis05        dmis20       1454000         1454000            0          00:07:41    00:07:41
     irsDMumuDArLvHVf        dmis20        dmis13       1462000         1462000            0          00:07:49    00:07:49
     sgnAtBnGJORRHIoo        dmis13        dmis20       1470000         1470000            0          00:07:57    00:07:57
     UuPVuQUHiiQIFoNX        dmis13        dmis20       1471000         1471000            0          00:07:58    00:07:58
     zLxwEBTjbhDaJhXS        dmis20        dmis13       1473000         1473000            0          00:08:00    00:08:00
     XCZqeOyNCqgjAuZu        dmis13        dmis20       1475000         1475000            0          00:08:02    00:08:02
     aRXMlMIrmBcjjAQk        dmis20        dmis13       1476000         1476000            0          00:08:03    00:08:03
