[Global]
  start time        : 2020-05-15 13:33:26
  duration (s)      : 1664
  active nodes      : 10
  messages sent     : 447 
  messages received : 433 (96%)
  messages lost     : 14 
  rcv duration (s)  : 0, 577, 80 (min, max, avg) 

[Nodes]
---------------------------------------------------------------------------------------------------------
    NodeId    duration (s)   sndEvts   nbRcv/total   minNhb   maxNhb   outCon    inCon   rcvDuration (s)
---------------------------------------------------------------------------------------------------------
     dmis01      1380          47         37/39         1        6       7589     9716    (1, 577, 184)
     dmis05      1440          43         34/42         1        5      20671    21232    (0, 323, 75)
     dmis08      1539          41         49/50         1        6      20088    23068    (0, 212, 59)
     dmis09      1576          40         42/42         1        7      19411    17534    (0, 319, 70)
     dmis12      1383          51         53/53         1        6      16128    17348    (0, 267, 80)
     dmis13      1412          48         46/47         1        6      20438    16441    (0, 336, 52)
     dmis14      1374          41         41/42         1        8      15700    14132    (0, 232, 62)
     dmis17      1520          37         37/37         1        5      15068    18021    (0, 195, 65)
     dmis18      1596          49         37/37         1        6      18523    13962    (0, 275, 101)
     dmis20      1407          50         57/58         1        7       9304    11466    (0, 346, 74)

[Messages]
-----------------------------------------------------------------------------------------------------------------------------
        MessageId             src           dst         sndStep         rcvStep     rcvDuration (s)   sndTime     rcvTime
-----------------------------------------------------------------------------------------------------------------------------
   dmis08_642857617_0        dmis08        dmis09         11000           38000           27          13:33:37    13:34:04
   dmis09_642857621_0        dmis09        dmis08         15000           75000           60          13:33:41    13:34:41
   dmis09_642857622_0        dmis09        dmis08         16000           75000           59          13:33:42    13:34:41
   dmis09_642857625_0        dmis09        dmis08         19000           75000           56          13:33:45    13:34:41
   dmis08_642857626_0        dmis08        dmis09         20000           38000           18          13:33:46    13:34:04
   dmis08_642857627_0        dmis08        dmis09         21000           38000           17          13:33:47    13:34:04
   dmis09_642857628_0        dmis09        dmis08         22000           75000           53          13:33:48    13:34:41
   dmis08_642857628_0        dmis08        dmis09         22000           38000           16          13:33:48    13:34:04
   dmis05_642857634_0        dmis05        dmis09         28000          198000          170          13:33:54    13:36:44
   dmis09_642857635_0        dmis09        dmis18         29000          134000          105          13:33:55    13:35:40
   dmis05_642857640_0        dmis05        dmis18         34000          214000          180          13:34:00    13:37:00
   dmis08_642857640_0        dmis08        dmis18         34000          134000          100          13:34:00    13:35:40
   dmis12_642857642_0        dmis12        dmis08         36000          115000           79          13:34:02    13:35:21
   dmis12_642857646_0        dmis12        dmis18         40000          174000          134          13:34:06    13:36:20
   dmis18_642857659_0        dmis18        dmis05         53000          172000          119          13:34:19    13:36:18
   dmis12_642857670_1        dmis12        dmis08         64000          115000           51          13:34:30    13:35:21
   dmis12_642857670_0        dmis12        dmis08         64000          115000           51          13:34:30    13:35:21
   dmis09_642857671_0        dmis09        dmis05         65000          172000          107          13:34:31    13:36:18
   dmis08_642857673_0        dmis08        dmis09         67000           78000           11          13:34:33    13:34:44
   dmis05_642857677_0        dmis05        dmis09         71000          198000          127          13:34:37    13:36:44
   dmis18_642857682_0        dmis18        dmis12         76000          144000           68          13:34:42    13:35:50
   dmis18_642857696_0        dmis18        dmis05         90000          172000           82          13:34:56    13:36:18
   dmis01_642857701_0        dmis01        dmis08         95000          275000          180          13:35:01    13:38:01
   dmis14_642857701_0        dmis14        dmis01         95000          152000           57          13:35:01    13:35:58
   dmis12_642857703_0        dmis12        dmis18         97000          174000           77          13:35:03    13:36:20
   dmis20_642857704_0        dmis20        dmis13         98000          159000           61          13:35:04    13:36:05
   dmis14_642857713_0        dmis14        dmis12        107000          144000           37          13:35:13    13:35:50
   dmis09_642857714_0        dmis09        dmis14        108000          145000           37          13:35:14    13:35:51
   dmis14_642857717_0        dmis14        dmis17        111000          170000           59          13:35:17    13:36:16
   dmis09_642857729_0        dmis09        dmis14        123000          145000           22          13:35:29    13:35:51
   dmis17_642857733_0        dmis17        dmis05        127000          172000           45          13:35:33    13:36:18
   dmis14_642857734_0        dmis14        dmis09        128000          158000           30          13:35:34    13:36:04
   dmis05_642857744_0        dmis05        dmis18        138000          214000           76          13:35:44    13:37:00
   dmis12_642857745_0        dmis12        dmis14        139000          265000          126          13:35:45    13:37:51
   dmis13_642857750_0        dmis13        dmis20        144000          167000           23          13:35:50    13:36:13
   dmis18_642857753_0        dmis18        dmis20        147000          207000           60          13:35:53    13:36:53
   dmis14_642857757_0        dmis14        dmis09        151000          158000            7          13:35:57    13:36:04
   dmis17_642857761_0        dmis17        dmis08        155000          275000          120          13:36:01    13:38:01
   dmis09_642857763_0        dmis09        dmis14        157000              -1           -1          13:36:03          ()
   dmis08_642857765_0        dmis08        dmis12        159000          184000           25          13:36:05    13:36:30
   dmis08_642857776_0        dmis08        dmis12        170000          184000           14          13:36:16    13:36:30
   dmis01_642857777_0        dmis01        dmis05        171000          172000            1          13:36:17    13:36:18
   dmis08_642857778_0        dmis08        dmis20        172000          207000           35          13:36:18    13:36:53
   dmis17_642857779_0        dmis17        dmis14        173000          225000           52          13:36:19    13:37:11
   dmis05_642857779_0        dmis05        dmis20        173000          207000           34          13:36:19    13:36:53
   dmis09_642857780_0        dmis09        dmis05        174000          252000           78          13:36:20    13:37:38
   dmis14_642857786_0        dmis14        dmis05        180000          252000           72          13:36:26    13:37:38
   dmis09_642857786_0        dmis09        dmis20        180000          247000           67          13:36:26    13:37:33
   dmis08_642857798_0        dmis08        dmis17        192000          292000          100          13:36:38    13:38:18
   dmis01_642857802_0        dmis01        dmis08        196000          275000           79          13:36:42    13:38:01
   dmis20_642857804_0        dmis20        dmis17        198000          212000           14          13:36:44    13:36:58
   dmis12_642857805_0        dmis12        dmis14        199000          305000          106          13:36:45    13:38:31
   dmis18_642857811_0        dmis18        dmis14        205000          305000          100          13:36:51    13:38:31
   dmis14_642857812_0        dmis14        dmis20        206000          247000           41          13:36:52    13:37:33
   dmis20_642857814_0        dmis20        dmis13        208000          239000           31          13:36:54    13:37:25
   dmis09_642857816_0        dmis09        dmis05        210000          412000          202          13:36:56    13:40:18
   dmis20_642857822_0        dmis20        dmis05        216000          252000           36          13:37:02    13:37:38
   dmis17_642857826_0        dmis17        dmis18        220000          294000           74          13:37:06    13:38:20
   dmis05_642857827_0        dmis05        dmis01        221000          312000           91          13:37:07    13:38:38
   dmis01_642857827_0        dmis01        dmis13        221000          279000           58          13:37:07    13:38:05
   dmis14_642857833_0        dmis14        dmis01        227000          312000           85          13:37:13    13:38:38
   dmis05_642857838_0        dmis05        dmis08        232000          275000           43          13:37:18    13:38:01
   dmis09_642857845_0        dmis09        dmis05        239000          412000          173          13:37:25    13:40:18
   dmis14_642857845_0        dmis14        dmis08        239000          275000           36          13:37:25    13:38:01
   dmis13_642857847_0        dmis13        dmis17        241000          252000           11          13:37:27    13:37:38
   dmis17_642857851_0        dmis17        dmis08        245000          318000           73          13:37:31    13:38:44
   dmis08_642857863_0        dmis08        dmis01        257000          312000           55          13:37:43    13:38:38
   dmis18_642857865_0        dmis18        dmis09        259000          318000           59          13:37:45    13:38:44
   dmis09_642857868_0        dmis09        dmis17        262000          410000          148          13:37:48    13:40:16
   dmis18_642857877_0        dmis18        dmis12        271000          384000          113          13:37:57    13:39:50
   dmis13_642857879_0        dmis13        dmis12        273000          304000           31          13:37:59    13:38:30
   dmis18_642857887_0        dmis18        dmis12        281000          384000          103          13:38:07    13:39:50
   dmis17_642857888_0        dmis17        dmis20        282000          447000          165          13:38:08    13:40:53
   dmis18_642857900_0        dmis18        dmis12        294000          464000          170          13:38:20    13:41:10
   dmis14_642857910_0        dmis14        dmis08        304000          315000           11          13:38:30    13:38:41
   dmis17_642857910_0        dmis17        dmis12        304000          464000          160          13:38:30    13:41:10
   dmis18_642857912_0        dmis18        dmis20        306000          447000          141          13:38:32    13:40:53
   dmis13_642857917_0        dmis13        dmis05        311000          334000           23          13:38:37    13:39:00
   dmis12_642857928_0        dmis12        dmis08        322000          515000          193          13:38:48    13:42:01
   dmis01_642857928_0        dmis01        dmis05        322000          452000          130          13:38:48    13:40:58
   dmis18_642857930_0        dmis18        dmis12        324000          464000          140          13:38:50    13:41:10
   dmis05_642857933_0        dmis05        dmis14        327000          465000          138          13:38:53    13:41:11
   dmis13_642857934_0        dmis13        dmis09        328000          438000          110          13:38:54    13:40:44
   dmis12_642857939_0        dmis12        dmis08        333000          515000          182          13:38:59    13:42:01
   dmis05_642857940_0        dmis05        dmis18        334000          334000            0          13:39:00    13:39:00
   dmis05_642857941_0        dmis05        dmis01        335000          912000          577          13:39:01    13:48:38
   dmis13_642857945_0        dmis13        dmis05        339000          372000           33          13:39:05    13:39:38
   dmis08_642857947_0        dmis08        dmis09        341000          358000           17          13:39:07    13:39:24
   dmis20_642857950_0        dmis20        dmis09        344000          358000           14          13:39:10    13:39:24
   dmis08_642857951_0        dmis08        dmis14        345000          345000            0          13:39:11    13:39:11
   dmis01_642857953_0        dmis01        dmis13        347000          399000           52          13:39:13    13:40:05
   dmis18_642857954_0        dmis18        dmis01        348000          912000          564          13:39:14    13:48:38
   dmis18_642857959_0        dmis18        dmis13        353000          559000          206          13:39:19    13:42:45
   dmis14_642857963_0        dmis14        dmis20        357000          367000           10          13:39:23    13:39:33
   dmis01_642857964_0        dmis01        dmis12        358000          464000          106          13:39:24    13:41:10
   dmis05_642857971_0        dmis05        dmis12        365000          464000           99          13:39:31    13:41:10
   dmis17_642857972_0        dmis17        dmis13        366000          439000           73          13:39:32    13:40:45
   dmis18_642857979_0        dmis18        dmis01        373000          912000          539          13:39:39    13:48:38
   dmis18_642857981_0        dmis18        dmis13        375000          559000          184          13:39:41    13:42:45
   dmis08_642857984_0        dmis08        dmis17        378000          410000           32          13:39:44    13:40:16
   dmis08_642857985_0        dmis08        dmis17        379000          410000           31          13:39:45    13:40:16
   dmis01_642857987_0        dmis01        dmis20        381000          727000          346          13:39:47    13:45:33
   dmis08_642857992_0        dmis08        dmis05        386000          452000           66          13:39:52    13:40:58
   dmis20_642857995_0        dmis20        dmis17        389000          570000          181          13:39:55    13:42:56
   dmis05_642857998_0        dmis05        dmis13        392000          559000          167          13:39:58    13:42:45
   dmis05_642858009_0        dmis05        dmis13        403000          559000          156          13:40:09    13:42:45
   dmis20_642858011_0        dmis20        dmis12        405000          464000           59          13:40:11    13:41:10
   dmis01_642858012_0        dmis01        dmis09        406000          598000          192          13:40:12    13:43:24
   dmis12_642858019_0        dmis12        dmis08        413000          595000          182          13:40:19    13:43:21
   dmis14_642858021_0        dmis14        dmis17        415000          610000          195          13:40:21    13:43:36
   dmis12_642858031_0        dmis12        dmis14        425000          425000            0          13:40:31    13:40:31
   dmis09_642858032_0        dmis09        dmis08        426000          515000           89          13:40:32    13:42:01
   dmis13_642858036_0        dmis13        dmis01        430000          912000          482          13:40:36    13:48:38
   dmis05_642858037_0        dmis05        dmis09        431000          438000            7          13:40:37    13:40:44
   dmis18_642858042_0        dmis18        dmis05        436000          452000           16          13:40:42    13:40:58
   dmis01_642858044_0        dmis01        dmis12        438000          505000           67          13:40:44    13:41:51
   dmis09_642858046_0        dmis09        dmis08        440000          515000           75          13:40:46    13:42:01
   dmis12_642858047_0        dmis12        dmis18        441000          494000           53          13:40:47    13:41:40
   dmis12_642858049_0        dmis12        dmis08        443000          595000          152          13:40:49    13:43:21
   dmis09_642858051_0        dmis09        dmis14        445000          465000           20          13:40:51    13:41:11
   dmis20_642858052_0        dmis20        dmis17        446000          570000          124          13:40:52    13:42:56
   dmis20_642858053_0        dmis20        dmis14        447000          465000           18          13:40:53    13:41:11
   dmis09_642858056_0        dmis09        dmis14        450000          465000           15          13:40:56    13:41:11
   dmis20_642858068_0        dmis20        dmis08        462000          595000          133          13:41:08    13:43:21
   dmis12_642858070_0        dmis12        dmis09        464000          598000          134          13:41:10    13:43:24
   dmis05_642858071_0        dmis05        dmis17        465000          570000          105          13:41:11    13:42:56
   dmis12_642858075_0        dmis12        dmis14        469000          469000            0          13:41:15    13:41:15
   dmis13_642858077_0        dmis13        dmis01        471000          912000          441          13:41:17    13:48:38
   dmis18_642858078_0        dmis18        dmis20        472000          487000           15          13:41:18    13:41:33
   dmis08_642858079_0        dmis08        dmis09        473000          518000           45          13:41:19    13:42:04
   dmis18_642858083_0        dmis18        dmis17        477000          570000           93          13:41:23    13:42:56
   dmis18_642858092_0        dmis18        dmis17        486000          610000          124          13:41:32    13:43:36
   dmis05_642858093_0        dmis05        dmis14        487000          505000           18          13:41:33    13:41:51
   dmis20_642858098_0        dmis20        dmis05        492000          492000            0          13:41:38    13:41:38
   dmis01_642858100_0        dmis01        dmis20        494000          727000          233          13:41:40    13:45:33
   dmis01_642858102_0        dmis01        dmis13        496000          559000           63          13:41:42    13:42:45
   dmis01_642858105_0        dmis01        dmis12        499000          505000            6          13:41:45    13:41:51
   dmis14_642858108_0        dmis14        dmis20        502000          727000          225          13:41:48    13:45:33
   dmis18_642858108_0        dmis18        dmis12        502000          504000            2          13:41:48    13:41:50
   dmis17_642858110_0        dmis17        dmis01        504000          912000          408          13:41:50    13:48:38
   dmis20_642858113_0        dmis20        dmis13        507000              -1           -1          13:41:53          ()
   dmis13_642858115_0        dmis13        dmis01        509000          912000          403          13:41:55    13:48:38
   dmis14_642858116_0        dmis14        dmis01        510000              -1           -1          13:41:56          ()
   dmis14_642858117_0        dmis14        dmis08        511000              -1           -1          13:41:57          ()
   dmis20_642858119_0        dmis20        dmis14        513000          585000           72          13:41:59    13:43:11
   dmis05_642858120_0        dmis05        dmis13        514000          559000           45          13:42:00    13:42:45
   dmis20_642858121_0        dmis20        dmis09        515000          518000            3          13:42:01    13:42:04
   dmis20_642858127_0        dmis20        dmis09        521000          558000           37          13:42:07    13:42:44
   dmis01_642858128_0        dmis01        dmis14        522000          625000          103          13:42:08    13:43:51
   dmis17_642858129_0        dmis17        dmis09        523000          598000           75          13:42:09    13:43:24
   dmis01_642858133_0        dmis01        dmis08        527000          635000          108          13:42:13    13:44:01
   dmis05_642858134_0        dmis05        dmis12        528000          544000           16          13:42:14    13:42:30
   dmis13_642858135_0        dmis13        dmis20        529000          567000           38          13:42:15    13:42:53
   dmis12_642858143_0        dmis12        dmis09        537000          598000           61          13:42:23    13:43:24
   dmis12_642858145_0        dmis12        dmis18        539000          814000          275          13:42:25    13:47:00
   dmis13_642858147_0        dmis13        dmis17        541000          570000           29          13:42:27    13:42:56
   dmis18_642858148_0        dmis18        dmis12        542000          544000            2          13:42:28    13:42:30
   dmis14_642858151_0        dmis14        dmis01        545000          912000          367          13:42:31    13:48:38
   dmis08_642858156_0        dmis08        dmis18        550000          814000          264          13:42:36    13:47:00
   dmis12_642858161_0        dmis12        dmis14        555000          585000           30          13:42:41    13:43:11
   dmis01_642858164_0        dmis01        dmis13        558000          639000           81          13:42:44    13:44:05
   dmis05_642858165_0        dmis05        dmis09        559000          878000          319          13:42:45    13:48:04
   dmis13_642858166_0        dmis13        dmis05        560000          812000          252          13:42:46    13:46:58
   dmis09_642858172_0        dmis09        dmis13        566000          599000           33          13:42:52    13:43:25
   dmis13_642858173_0        dmis13        dmis18        567000          815000          248          13:42:53    13:47:01
   dmis12_642858181_0        dmis12        dmis09        575000          598000           23          13:43:01    13:43:24
   dmis20_642858181_0        dmis20        dmis05        575000          812000          237          13:43:01    13:46:58
   dmis05_642858182_0        dmis05        dmis18        576000          577000            1          13:43:02    13:43:03
   dmis12_642858183_0        dmis12        dmis09        577000          598000           21          13:43:03    13:43:24
   dmis13_642858186_0        dmis13        dmis18        580000          814000          234          13:43:06    13:47:00
   dmis18_642858192_0        dmis18        dmis20        586000          887000          301          13:43:12    13:48:13
   dmis13_642858194_0        dmis13        dmis12        588000          588000            0          13:43:14    13:43:14
   dmis14_642858195_0        dmis14        dmis01        589000          912000          323          13:43:15    13:48:38
   dmis08_642858196_0        dmis08        dmis09        590000          598000            8          13:43:16    13:43:24
   dmis18_642858203_0        dmis18        dmis12        597000          864000          267          13:43:23    13:47:50
   dmis17_642858209_0        dmis17        dmis13        603000          603000            0          13:43:29    13:43:29
   dmis01_642858210_0        dmis01        dmis12        604000          625000           21          13:43:30    13:43:51
   dmis01_642858213_0        dmis01        dmis08        607000          635000           28          13:43:33    13:44:01
   dmis17_642858216_0        dmis17        dmis12        610000          664000           54          13:43:36    13:44:30
   dmis12_642858217_0        dmis12        dmis01        611000          912000          301          13:43:37    13:48:38
   dmis12_642858218_0        dmis12        dmis08        612000          635000           23          13:43:38    13:44:01
   dmis14_642858218_0        dmis14        dmis20        612000          727000          115          13:43:38    13:45:33
   dmis17_642858226_0        dmis17        dmis14        620000          665000           45          13:43:46    13:44:31
   dmis09_642858230_0        dmis09        dmis01        624000          912000          288          13:43:50    13:48:38
   dmis13_642858231_0        dmis13        dmis01        625000          912000          287          13:43:51    13:48:38
   dmis08_642858235_0        dmis08        dmis18        629000          814000          185          13:43:55    13:47:00
   dmis18_642858240_0        dmis18        dmis12        634000          864000          230          13:44:00    13:47:50
   dmis17_642858246_0        dmis17        dmis18        640000          815000          175          13:44:06    13:47:01
   dmis12_642858248_0        dmis12        dmis20        642000          727000           85          13:44:08    13:45:33
   dmis18_642858248_0        dmis18        dmis12        642000          864000          222          13:44:08    13:47:50
   dmis17_642858257_0        dmis17        dmis14        651000          665000           14          13:44:17    13:44:31
   dmis08_642858263_0        dmis08        dmis05        657000          812000          155          13:44:23    13:46:58
   dmis12_642858265_0        dmis12        dmis20        659000          727000           68          13:44:25    13:45:33
   dmis01_642858269_0        dmis01        dmis13        663000          999000          336          13:44:29    13:50:05
   dmis12_642858273_0        dmis12        dmis08        667000          675000            8          13:44:33    13:44:41
   dmis08_642858275_0        dmis08        dmis13        669000          679000           10          13:44:35    13:44:45
   dmis13_642858275_0        dmis13        dmis08        669000          675000            6          13:44:35    13:44:41
   dmis20_642858280_0        dmis20        dmis17        674000          731000           57          13:44:40    13:45:37
   dmis09_642858292_0        dmis09        dmis14        686000          745000           59          13:44:52    13:45:51
   dmis01_642858295_0        dmis01        dmis05        689000         1012000          323          13:44:55    13:50:18
   dmis09_642858296_0        dmis09        dmis17        690000          810000          120          13:44:56    13:46:56
   dmis01_642858309_0        dmis01        dmis08        703000          915000          212          13:45:09    13:48:41
   dmis13_642858312_0        dmis13        dmis18        706000          814000          108          13:45:12    13:47:00
   dmis05_642858315_0        dmis05        dmis20        709000          887000          178          13:45:15    13:48:13
   dmis20_642858316_0        dmis20        dmis17        710000          731000           21          13:45:16    13:45:37
   dmis05_642858321_0        dmis05        dmis12        715000          864000          149          13:45:21    13:47:50
   dmis12_642858322_0        dmis12        dmis08        716000          718000            2          13:45:22    13:45:24
   dmis14_642858324_0        dmis14        dmis08        718000          755000           37          13:45:24    13:46:01
   dmis01_642858341_0        dmis01        dmis09        735000          958000          223          13:45:41    13:49:24
   dmis20_642858345_0        dmis20        dmis09        739000          758000           19          13:45:45    13:46:04
   dmis09_642858346_0        dmis09        dmis14        740000          745000            5          13:45:46    13:45:51
   dmis12_642858349_0        dmis12        dmis20        743000          767000           24          13:45:49    13:46:13
   dmis12_642858352_0        dmis12        dmis14        746000          747000            1          13:45:52    13:45:53
   dmis18_642858353_0        dmis18        dmis12        747000          864000          117          13:45:53    13:47:50
   dmis09_642858361_0        dmis09        dmis18        755000          814000           59          13:46:01    13:47:00
   dmis08_642858364_0        dmis08        dmis09        758000          758000            0          13:46:04    13:46:04
   dmis18_642858371_0        dmis18        dmis01        765000          912000          147          13:46:11    13:48:38
   dmis13_642858372_0        dmis13        dmis12        766000          824000           58          13:46:12    13:47:10
   dmis09_642858375_0        dmis09        dmis01        769000          912000          143          13:46:15    13:48:38
   dmis17_642858376_0        dmis17        dmis18        770000          815000           45          13:46:16    13:47:01
   dmis13_642858378_0        dmis13        dmis20        772000          807000           35          13:46:18    13:46:53
   dmis20_642858389_0        dmis20        dmis12        783000          824000           41          13:46:29    13:47:10
   dmis05_642858392_0        dmis05        dmis18        786000          814000           28          13:46:32    13:47:00
   dmis17_642858395_0        dmis17        dmis18        789000          814000           25          13:46:35    13:47:00
   dmis13_642858398_0        dmis13        dmis18        792000          814000           22          13:46:38    13:47:00
   dmis20_642858398_0        dmis20        dmis08        792000          795000            3          13:46:38    13:46:41
   dmis01_642858399_1        dmis01        dmis14        793000         1025000          232          13:46:39    13:50:31
   dmis20_642858399_0        dmis20        dmis08        793000          795000            2          13:46:39    13:46:41
   dmis01_642858399_0        dmis01        dmis18        793000         1014000          221          13:46:39    13:50:20
   dmis05_642858401_0        dmis05        dmis01        795000          912000          117          13:46:41    13:48:38
   dmis13_642858408_0        dmis13        dmis20        802000          887000           85          13:46:48    13:48:13
   dmis08_642858414_0        dmis08        dmis14        808000          825000           17          13:46:54    13:47:11
   dmis13_642858428_0        dmis13        dmis09        822000          878000           56          13:47:08    13:48:04
   dmis20_642858429_0        dmis20        dmis14        823000          945000          122          13:47:09    13:49:11
   dmis12_642858435_0        dmis12        dmis17        829000          855000           26          13:47:15    13:47:41
   dmis17_642858435_0        dmis17        dmis09        829000          878000           49          13:47:15    13:48:04
   dmis17_642858453_0        dmis17        dmis08        847000          875000           28          13:47:33    13:48:01
   dmis18_642858456_0        dmis18        dmis12        850000          864000           14          13:47:36    13:47:50
   dmis20_642858457_0        dmis20        dmis05        851000          855000            4          13:47:37    13:47:41
   dmis17_642858459_0        dmis17        dmis18        853000          855000            2          13:47:39    13:47:41
   dmis08_642858462_0        dmis08        dmis09        856000          958000          102          13:47:42    13:49:24
   dmis18_642858477_0        dmis18        dmis17        871000          930000           59          13:47:57    13:48:56
   dmis14_642858479_0        dmis14        dmis20        873000          927000           54          13:47:59    13:48:53
   dmis01_642858484_0        dmis01        dmis08        878000          915000           37          13:48:04    13:48:41
   dmis17_642858484_0        dmis17        dmis01        878000          912000           34          13:48:04    13:48:38
   dmis08_642858488_0        dmis08        dmis14        882000         1025000          143          13:48:08    13:50:31
   dmis13_642858490_0        dmis13        dmis20        884000          887000            3          13:48:10    13:48:13
   dmis18_642858498_0        dmis18        dmis12        892000          904000           12          13:48:18    13:48:30
   dmis17_642858502_0        dmis17        dmis08        896000          915000           19          13:48:22    13:48:41
   dmis17_642858507_0        dmis17        dmis14        901000         1025000          124          13:48:27    13:50:31
   dmis05_642858512_0        dmis05        dmis20        906000          967000           61          13:48:32    13:49:33
   dmis05_642858513_0        dmis05        dmis18        907000          934000           27          13:48:33    13:49:00
   dmis08_642858516_0        dmis08        dmis18        910000         1014000          104          13:48:36    13:50:20
   dmis17_642858517_0        dmis17        dmis12        911000         1104000          193          13:48:37    13:51:50
   dmis14_642858523_0        dmis14        dmis01        917000          952000           35          13:48:43    13:49:18
   dmis14_642858526_0        dmis14        dmis08        920000          995000           75          13:48:46    13:50:01
   dmis01_642858531_0        dmis01        dmis12        925000         1104000          179          13:48:51    13:51:50
   dmis17_642858532_0        dmis17        dmis01        926000          952000           26          13:48:52    13:49:18
   dmis20_642858533_0        dmis20        dmis09        927000          998000           71          13:48:53    13:50:04
   dmis12_642858533_0        dmis12        dmis13        927000          959000           32          13:48:53    13:49:25
   dmis18_642858533_0        dmis18        dmis09        927000          998000           71          13:48:53    13:50:04
   dmis17_642858534_0        dmis17        dmis13        928000          999000           71          13:48:54    13:50:05
   dmis20_642858535_0        dmis20        dmis17        929000         1010000           81          13:48:55    13:50:16
   dmis08_642858541_0        dmis08        dmis17        935000          970000           35          13:49:01    13:49:36
   dmis01_642858542_0        dmis01        dmis05        936000         1012000           76          13:49:02    13:50:18
   dmis08_642858545_0        dmis08        dmis12        939000         1104000          165          13:49:05    13:51:50
   dmis08_642858559_0        dmis08        dmis14        953000         1025000           72          13:49:19    13:50:31
   dmis12_642858566_0        dmis12        dmis13        960000          960000            0          13:49:26    13:49:26
   dmis09_642858566_0        dmis09        dmis13        960000          999000           39          13:49:26    13:50:05
   dmis08_642858568_0        dmis08        dmis12        962000         1104000          142          13:49:28    13:51:50
   dmis12_642858572_0        dmis12        dmis09        966000         1078000          112          13:49:32    13:51:24
   dmis20_642858573_0        dmis20        dmis13        967000          999000           32          13:49:33    13:50:05
   dmis05_642858575_0        dmis05        dmis17        969000         1010000           41          13:49:35    13:50:16
   dmis01_642858577_0        dmis01        dmis12        971000         1104000          133          13:49:37    13:51:50
   dmis08_642858581_0        dmis08        dmis05        975000         1012000           37          13:49:41    13:50:18
   dmis13_642858582_0        dmis13        dmis14        976000          985000            9          13:49:42    13:49:51
   dmis18_642858586_0        dmis18        dmis09        980000          998000           18          13:49:46    13:50:04
   dmis09_642858587_0        dmis09        dmis18        981000         1014000           33          13:49:47    13:50:20
   dmis17_642858601_0        dmis17        dmis08        995000          996000            1          13:50:01    13:50:02
   dmis17_642858603_0        dmis17        dmis12        997000         1104000          107          13:50:03    13:51:50
   dmis01_642858604_1        dmis01        dmis08        998000          999000            1          13:50:04    13:50:05
   dmis01_642858604_0        dmis01        dmis17        998000         1010000           12          13:50:04    13:50:16
   dmis09_642858605_0        dmis09        dmis01        999000         1112000          113          13:50:05    13:51:58
   dmis01_642858607_0        dmis01        dmis13       1001000         1119000          118          13:50:07    13:52:05
   dmis12_642858608_0        dmis12        dmis01       1002000         1072000           70          13:50:08    13:51:18
   dmis14_642858612_0        dmis14        dmis20       1006000         1007000            1          13:50:12    13:50:13
   dmis05_642858614_0        dmis05        dmis18       1008000         1015000            7          13:50:14    13:50:21
   dmis01_642858618_0        dmis01        dmis20       1012000         1047000           35          13:50:18    13:50:53
   dmis05_642858623_0        dmis05        dmis08       1017000         1035000           18          13:50:23    13:50:41
   dmis08_642858624_0        dmis08        dmis01       1018000         1112000           94          13:50:24    13:51:58
   dmis14_642858630_0        dmis14        dmis12       1024000         1184000          160          13:50:30    13:53:10
   dmis20_642858631_0        dmis20        dmis09       1025000         1198000          173          13:50:31    13:53:24
   dmis13_642858632_0        dmis13        dmis08       1026000         1035000            9          13:50:32    13:50:41
   dmis09_642858633_0        dmis09        dmis14       1027000         1185000          158          13:50:33    13:53:11
   dmis18_642858634_0        dmis18        dmis12       1028000         1184000          156          13:50:34    13:53:10
   dmis05_642858644_0        dmis05        dmis09       1038000         1198000          160          13:50:44    13:53:24
   dmis12_642858650_0        dmis12        dmis14       1044000         1105000           61          13:50:50    13:51:51
   dmis17_642858652_0        dmis17        dmis12       1046000         1104000           58          13:50:52    13:51:50
   dmis17_642858653_0        dmis17        dmis20       1047000         1247000          200          13:50:53    13:54:13
   dmis17_642858655_0        dmis17        dmis01       1049000         1232000          183          13:50:55    13:53:58
   dmis05_642858664_0        dmis05        dmis18       1058000         1254000          196          13:51:04    13:54:20
   dmis18_642858667_0        dmis18        dmis12       1061000         1184000          123          13:51:07    13:53:10
   dmis08_642858670_0        dmis08        dmis17       1064000         1170000          106          13:51:10    13:52:56
   dmis14_642858673_0        dmis14        dmis12       1067000         1184000          117          13:51:13    13:53:10
   dmis18_642858679_0        dmis18        dmis14       1073000         1105000           32          13:51:19    13:51:51
   dmis12_642858687_0        dmis12        dmis18       1081000         1254000          173          13:51:27    13:54:20
   dmis01_642858690_0        dmis01        dmis20       1084000         1087000            3          13:51:30    13:51:33
   dmis20_642858691_0        dmis20        dmis18       1085000         1254000          169          13:51:31    13:54:20
   dmis01_642858691_0        dmis01        dmis17       1085000         1170000           85          13:51:31    13:52:56
   dmis09_642858697_0        dmis09        dmis17       1091000         1091000            0          13:51:37    13:51:37
   dmis13_642858698_0        dmis13        dmis20       1092000         1127000           35          13:51:38    13:52:13
   dmis01_642858701_0        dmis01        dmis17       1095000         1170000           75          13:51:41    13:52:56
   dmis18_642858707_0        dmis18        dmis14       1101000         1265000          164          13:51:47    13:54:31
   dmis12_642858711_0        dmis12        dmis20       1105000         1247000          142          13:51:51    13:54:13
   dmis13_642858718_0        dmis13        dmis20       1112000         1127000           15          13:51:58    13:52:13
   dmis09_642858719_0        dmis09        dmis05       1113000         1172000           59          13:51:59    13:52:58
   dmis05_642858721_0        dmis05        dmis08       1115000         1115000            0          13:52:01    13:52:01
   dmis05_642858726_0        dmis05        dmis20       1120000         1127000            7          13:52:06    13:52:13
   dmis05_642858730_0        dmis05        dmis14       1124000         1145000           21          13:52:10    13:52:31
   dmis18_642858733_0        dmis18        dmis20       1127000         1247000          120          13:52:13    13:54:13
   dmis08_642858733_0        dmis08        dmis20       1127000         1247000          120          13:52:13    13:54:13
   dmis20_642858735_0        dmis20        dmis18       1129000         1254000          125          13:52:15    13:54:20
   dmis13_642858737_0        dmis13        dmis20       1131000         1247000          116          13:52:17    13:54:13
   dmis09_642858739_0        dmis09        dmis20       1133000         1247000          114          13:52:19    13:54:13
   dmis18_642858744_0        dmis18        dmis01       1138000         1272000          134          13:52:24    13:54:38
   dmis18_642858746_0        dmis18        dmis20       1140000         1247000          107          13:52:26    13:54:13
   dmis20_642858747_0        dmis20        dmis01       1141000         1272000          131          13:52:27    13:54:38
   dmis17_642858749_0        dmis17        dmis08       1143000         1155000           12          13:52:29    13:52:41
   dmis05_642858751_0        dmis05        dmis13       1145000         1159000           14          13:52:31    13:52:45
   dmis20_642858751_0        dmis20        dmis09       1145000         1239000           94          13:52:31    13:54:05
   dmis01_642858760_0        dmis01        dmis08       1154000         1155000            1          13:52:40    13:52:41
   dmis13_642858767_0        dmis13        dmis05       1161000         1172000           11          13:52:47    13:52:58
   dmis08_642858769_0        dmis08        dmis13       1163000         1199000           36          13:52:49    13:53:25
   dmis14_642858775_0        dmis14        dmis17       1169000         1210000           41          13:52:55    13:53:36
   dmis17_642858777_0        dmis17        dmis20       1171000         1247000           76          13:52:57    13:54:13
   dmis20_642858777_0        dmis20        dmis13       1171000         1239000           68          13:52:57    13:54:05
   dmis18_642858785_0        dmis18        dmis09       1179000         1238000           59          13:53:05    13:54:04
   dmis09_642858785_0        dmis09        dmis01       1179000         1232000           53          13:53:05    13:53:58
   dmis09_642858791_0        dmis09        dmis20       1185000         1247000           62          13:53:11    13:54:13
   dmis12_642858793_0        dmis12        dmis08       1187000         1196000            9          13:53:13    13:53:22
   dmis20_642858794_0        dmis20        dmis12       1188000         1227000           39          13:53:14    13:53:53
   dmis20_642858795_0        dmis20        dmis17       1189000         1250000           61          13:53:15    13:54:16
   dmis17_642858796_0        dmis17        dmis01       1190000         1232000           42          13:53:16    13:53:58
   dmis12_642858797_0        dmis12        dmis13       1191000         1199000            8          13:53:17    13:53:25
   dmis18_642858800_0        dmis18        dmis08       1194000         1275000           81          13:53:20    13:54:41
   dmis12_642858802_0        dmis12        dmis05       1196000         1212000           16          13:53:22    13:53:38
   dmis13_642858807_0        dmis13        dmis20       1201000         1247000           46          13:53:27    13:54:13
   dmis01_642858811_0        dmis01        dmis14       1205000         1226000           21          13:53:31    13:53:52
   dmis17_642858811_0        dmis17        dmis18       1205000         1294000           89          13:53:31    13:55:00
   dmis01_642858815_0        dmis01        dmis13       1209000         1240000           31          13:53:35    13:54:06
   dmis13_642858819_0        dmis13        dmis12       1213000         1227000           14          13:53:39    13:53:53
   dmis18_642858820_0        dmis18        dmis20       1214000         1247000           33          13:53:40    13:54:13
   dmis18_642858821_0        dmis18        dmis12       1215000         1264000           49          13:53:41    13:54:30
   dmis08_642858822_0        dmis08        dmis01       1216000         1272000           56          13:53:42    13:54:38
   dmis20_642858828_0        dmis20        dmis18       1222000         1254000           32          13:53:48    13:54:20
   dmis08_642858829_0        dmis08        dmis14       1223000         1226000            3          13:53:49    13:53:52
   dmis09_642858833_0        dmis09        dmis18       1227000         1294000           67          13:53:53    13:55:00
   dmis20_642858838_0        dmis20        dmis14       1232000         1265000           33          13:53:58    13:54:31
   dmis17_642858839_0        dmis17        dmis05       1233000         1252000           19          13:53:59    13:54:18
   dmis18_642858840_0        dmis18        dmis05       1234000         1252000           18          13:54:00    13:54:18
   dmis20_642858841_0        dmis20        dmis12       1235000         1264000           29          13:54:01    13:54:30
   dmis01_642858842_1        dmis01        dmis17       1236000         1250000           14          13:54:02    13:54:16
   dmis01_642858842_0        dmis01        dmis20       1236000         1247000           11          13:54:02    13:54:13
   dmis01_642858844_0        dmis01        dmis20       1238000         1247000            9          13:54:04    13:54:13
   dmis20_642858845_0        dmis20        dmis12       1239000         1264000           25          13:54:05    13:54:30
   dmis12_642858847_0        dmis12        dmis13       1241000         1241000            0          13:54:07    13:54:07
   dmis13_642858852_0        dmis13        dmis14       1246000         1266000           20          13:54:12    13:54:32
   dmis14_642858855_1        dmis14        dmis13       1249000         1279000           30          13:54:15    13:54:45
   dmis14_642858855_0        dmis14        dmis09       1249000         1278000           29          13:54:15    13:54:44
   dmis13_642858857_0        dmis13        dmis01       1251000         1272000           21          13:54:17    13:54:38
   dmis14_642858862_0        dmis14        dmis17       1256000         1290000           34          13:54:22    13:54:56
   dmis14_642858871_0        dmis14        dmis08       1265000         1275000           10          13:54:31    13:54:41
   dmis13_642858879_0        dmis13        dmis20       1273000         1407000          134          13:54:39    13:56:53
   dmis12_642858883_0        dmis12        dmis14       1277000         1426000          149          13:54:43    13:57:12
   dmis14_642858884_0        dmis14        dmis13       1278000         1360000           82          13:54:44    13:56:06
   dmis18_642858887_0        dmis18        dmis13       1281000         1320000           39          13:54:47    13:55:26
   dmis13_642858889_0        dmis13        dmis01       1283000         1312000           29          13:54:49    13:55:18
   dmis18_642858891_0        dmis18        dmis12       1285000         1304000           19          13:54:51    13:55:10
   dmis20_642858893_0        dmis20        dmis01       1287000         1352000           65          13:54:53    13:55:58
   dmis20_642858895_0        dmis20        dmis09       1289000         1358000           69          13:54:55    13:56:04
   dmis18_642858896_0        dmis18        dmis20       1290000         1407000          117          13:54:56    13:56:53
   dmis01_642858900_0        dmis01        dmis05       1294000              -1           -1          13:55:00          ()
   dmis13_642858902_0        dmis13        dmis12       1296000         1304000            8          13:55:02    13:55:10
   dmis12_642858903_0        dmis12        dmis14       1297000         1426000          129          13:55:03    13:57:12
   dmis12_642858907_0        dmis12        dmis17       1301000         1370000           69          13:55:07    13:56:16
   dmis14_642858909_0        dmis14        dmis05       1303000         1333000           30          13:55:09    13:55:39
   dmis09_642858912_0        dmis09        dmis12       1306000         1344000           38          13:55:12    13:55:50
   dmis12_642858913_0        dmis12        dmis08       1307000         1315000            8          13:55:13    13:55:21
   dmis01_642858926_0        dmis01        dmis13       1320000         1320000            0          13:55:26    13:55:26
   dmis13_642858927_0        dmis13        dmis12       1321000         1344000           23          13:55:27    13:55:50
   dmis18_642858928_0        dmis18        dmis13       1322000         1323000            1          13:55:28    13:55:29
   dmis01_642858929_0        dmis01        dmis13       1323000         1323000            0          13:55:29    13:55:29
   dmis14_642858930_0        dmis14        dmis17       1324000         1370000           46          13:55:30    13:56:16
   dmis18_642858933_0        dmis18        dmis01       1327000         1352000           25          13:55:33    13:55:58
   dmis20_642858936_0        dmis20        dmis05       1330000         1336000            6          13:55:36    13:55:42
   dmis09_642858938_0        dmis09        dmis13       1332000         1359000           27          13:55:38    13:56:05
   dmis20_642858944_0        dmis20        dmis17       1338000         1370000           32          13:55:44    13:56:16
   dmis05_642858949_0        dmis05        dmis17       1343000         1370000           27          13:55:49    13:56:16
   dmis05_642858954_0        dmis05        dmis13       1348000         1360000           12          13:55:54    13:56:06
   dmis09_642858956_0        dmis09        dmis05       1350000              -1           -1          13:55:56          ()
   dmis13_642858959_0        dmis13        dmis20       1353000         1407000           54          13:55:59    13:56:53
   dmis05_642858960_0        dmis05        dmis01       1354000         1355000            1          13:56:00    13:56:01
   dmis13_642858960_0        dmis13        dmis20       1354000         1407000           53          13:56:00    13:56:53
   dmis08_642858960_0        dmis08        dmis05       1354000              -1           -1          13:56:00          ()
   dmis05_642858966_0        dmis05        dmis13       1360000         1399000           39          13:56:06    13:56:45
   dmis12_642858967_0        dmis12        dmis05       1361000              -1           -1          13:56:07          ()
   dmis14_642858972_0        dmis14        dmis05       1366000         1412000           46          13:56:12    13:56:58
   dmis13_642858974_0        dmis13        dmis05       1368000         1452000           84          13:56:14    13:57:38
   dmis17_642858974_0        dmis17        dmis08       1368000         1475000          107          13:56:14    13:58:01
   dmis05_642858976_0        dmis05        dmis14       1370000         1426000           56          13:56:16    13:57:12
   dmis12_642858978_0        dmis12        dmis18       1372000         1374000            2          13:56:18    13:56:20
   dmis20_642858979_0        dmis20        dmis09       1373000         1478000          105          13:56:19    13:58:04
   dmis09_642858980_1        dmis09        dmis01       1374000              -1           -1          13:56:20          ()
   dmis09_642858980_0        dmis09        dmis05       1374000              -1           -1          13:56:20          ()
   dmis12_642858983_0        dmis12        dmis20       1377000         1407000           30          13:56:23    13:56:53
   dmis20_642858987_0        dmis20        dmis18       1381000         1414000           33          13:56:27    13:57:00
   dmis13_642858991_0        dmis13        dmis17       1385000         1451000           66          13:56:31    13:57:37
   dmis01_642858998_0        dmis01        dmis17       1392000         1451000           59          13:56:38    13:57:37
   dmis12_642859000_0        dmis12        dmis13       1394000         1440000           46          13:56:40    13:57:26
   dmis14_642859002_0        dmis14        dmis12       1396000         1425000           29          13:56:42    13:57:11
   dmis14_642859004_0        dmis14        dmis13       1398000         1440000           42          13:56:44    13:57:26
   dmis08_642859007_0        dmis08        dmis05       1401000              -1           -1          13:56:47          ()
   dmis14_642859010_0        dmis14        dmis20       1404000         1448000           44          13:56:50    13:57:34
   dmis14_642859012_0        dmis14        dmis01       1406000         1432000           26          13:56:52    13:57:18
   dmis12_642859017_0        dmis12        dmis08       1411000         1475000           64          13:56:57    13:58:01
   dmis13_642859018_0        dmis13        dmis12       1412000         1425000           13          13:56:58    13:57:11
   dmis12_642859021_0        dmis12        dmis08       1415000         1475000           60          13:57:01    13:58:01
   dmis01_642859022_0        dmis01        dmis05       1416000              -1           -1          13:57:02          ()
   dmis01_642859023_0        dmis01        dmis20       1417000              -1           -1          13:57:03          ()
   dmis12_642859027_0        dmis12        dmis13       1421000         1440000           19          13:57:07    13:57:26
   dmis05_642859035_0        dmis05        dmis12       1429000         1464000           35          13:57:15    13:57:50
   dmis13_642859039_0        dmis13        dmis20       1433000         1449000           16          13:57:19    13:57:35
   dmis08_642859044_0        dmis08        dmis05       1438000              -1           -1          13:57:24          ()
   dmis20_642859044_0        dmis20        dmis05       1438000         1453000           15          13:57:24    13:57:39
   dmis14_642859045_0        dmis14        dmis13       1439000         1440000            1          13:57:25    13:57:26
   dmis14_642859045_1        dmis14        dmis13       1439000         1440000            1          13:57:25    13:57:26
   dmis13_642859052_0        dmis13        dmis20       1446000         1449000            3          13:57:32    13:57:35
   dmis14_642859056_0        dmis14        dmis20       1450000         1450000            0          13:57:36    13:57:36
   dmis20_642859056_0        dmis20        dmis05       1450000         1453000            3          13:57:36    13:57:39
   dmis05_642859058_0        dmis05        dmis13       1452000         1480000           28          13:57:38    13:58:06
   dmis05_642859060_0        dmis05        dmis20       1454000         1487000           33          13:57:40    13:58:13
   dmis20_642859068_0        dmis20        dmis13       1462000         1479000           17          13:57:48    13:58:05
   dmis13_642859076_0        dmis13        dmis20       1470000         1488000           18          13:57:56    13:58:14
   dmis13_642859077_0        dmis13        dmis20       1471000         1488000           17          13:57:57    13:58:14
   dmis20_642859079_0        dmis20        dmis13       1473000         1479000            6          13:57:59    13:58:05
   dmis13_642859080_0        dmis13        dmis20       1474000         1488000           14          13:58:00    13:58:14
   dmis20_642859082_0        dmis20        dmis13       1476000         1479000            3          13:58:02    13:58:05
